{"C:\\Users\\NAJO\\yira-api\\src\\app.module.ts": {"path":"C:\\Users\\NAJO\\yira-api\\src\\app.module.ts","statementMap":{"0":{"start":{"line":1,"column":0},"end":{"line":1,"column":50}},"1":{"start":{"line":2,"column":0},"end":{"line":2,"column":56}},"2":{"start":{"line":3,"column":0},"end":{"line":3,"column":40}},"3":{"start":{"line":4,"column":0},"end":{"line":4,"column":46}},"4":{"start":{"line":5,"column":0},"end":{"line":5,"column":60}},"5":{"start":{"line":6,"column":0},"end":{"line":6,"column":48}},"6":{"start":{"line":7,"column":0},"end":{"line":7,"column":42}},"7":{"start":{"line":8,"column":0},"end":{"line":8,"column":50}},"8":{"start":{"line":9,"column":0},"end":{"line":9,"column":50}},"9":{"start":{"line":10,"column":0},"end":{"line":10,"column":74}},"10":{"start":{"line":11,"column":0},"end":{"line":11,"column":56}},"11":{"start":{"line":12,"column":0},"end":{"line":12,"column":68}},"12":{"start":{"line":13,"column":0},"end":{"line":13,"column":68}},"13":{"start":{"line":14,"column":0},"end":{"line":14,"column":74}},"14":{"start":{"line":15,"column":0},"end":{"line":15,"column":56}},"15":{"start":{"line":16,"column":0},"end":{"line":16,"column":62}},"16":{"start":{"line":17,"column":0},"end":{"line":17,"column":65}},"17":{"start":{"line":18,"column":0},"end":{"line":18,"column":53}},"18":{"start":{"line":19,"column":0},"end":{"line":19,"column":62}},"19":{"start":{"line":20,"column":0},"end":{"line":20,"column":53}},"20":{"start":{"line":21,"column":0},"end":{"line":21,"column":71}},"21":{"start":{"line":22,"column":0},"end":{"line":22,"column":74}},"22":{"start":{"line":23,"column":0},"end":{"line":23,"column":62}},"23":{"start":{"line":24,"column":0},"end":{"line":24,"column":56}},"24":{"start":{"line":25,"column":0},"end":{"line":25,"column":75}},"25":{"start":{"line":26,"column":0},"end":{"line":26,"column":79}},"26":{"start":{"line":27,"column":0},"end":{"line":27,"column":59}},"27":{"start":{"line":28,"column":0},"end":{"line":28,"column":56}},"28":{"start":{"line":61,"column":7},"end":{"line":61,"column":null}},"29":{"start":{"line":61,"column":13},"end":{"line":61,"column":22}},"30":{"start":{"line":61,"column":13},"end":{"line":61,"column":null}}},"fnMap":{},"branchMap":{},"s":{"0":0,"1":0,"2":0,"3":0,"4":0,"5":0,"6":0,"7":0,"8":0,"9":0,"10":0,"11":0,"12":0,"13":0,"14":0,"15":0,"16":0,"17":0,"18":0,"19":0,"20":0,"21":0,"22":0,"23":0,"24":0,"25":0,"26":0,"27":0,"28":0,"29":0,"30":0},"f":{},"b":{}}
,"C:\\Users\\NAJO\\yira-api\\src\\main.ts": {"path":"C:\\Users\\NAJO\\yira-api\\src\\main.ts","statementMap":{"0":{"start":{"line":6,"column":0},"end":{"line":6,"column":47}},"1":{"start":{"line":7,"column":0},"end":{"line":7,"column":49}},"2":{"start":{"line":8,"column":0},"end":{"line":8,"column":65}},"3":{"start":{"line":9,"column":0},"end":{"line":9,"column":47}},"4":{"start":{"line":12,"column":14},"end":{"line":12,"column":49}},"5":{"start":{"line":15,"column":2},"end":{"line":15,"column":79}},"6":{"start":{"line":18,"column":2},"end":{"line":18,"column":29}},"7":{"start":{"line":21,"column":2},"end":{"line":21,"column":34}},"8":{"start":{"line":24,"column":17},"end":{"line":80,"column":12}},"9":{"start":{"line":82,"column":19},"end":{"line":82,"column":60}},"10":{"start":{"line":83,"column":2},"end":{"line":99,"column":5}},"11":{"start":{"line":102,"column":15},"end":{"line":102,"column":39}},"12":{"start":{"line":103,"column":2},"end":{"line":103,"column":25}},"13":{"start":{"line":104,"column":2},"end":{"line":104,"column":76}},"14":{"start":{"line":105,"column":2},"end":{"line":105,"column":75}},"15":{"start":{"line":106,"column":2},"end":{"line":106,"column":54}},"16":{"start":{"line":108,"column":0},"end":{"line":108,"column":12}}},"fnMap":{"0":{"name":"bootstrap","decl":{"start":{"line":11,"column":15},"end":{"line":11,"column":24}},"loc":{"start":{"line":11,"column":24},"end":{"line":107,"column":1}}}},"branchMap":{"0":{"loc":{"start":{"line":102,"column":15},"end":{"line":102,"column":39}},"type":"binary-expr","locations":[{"start":{"line":102,"column":15},"end":{"line":102,"column":31}},{"start":{"line":102,"column":35},"end":{"line":102,"column":39}}]}},"s":{"0":0,"1":0,"2":0,"3":0,"4":0,"5":0,"6":0,"7":0,"8":0,"9":0,"10":0,"11":0,"12":0,"13":0,"14":0,"15":0,"16":0},"f":{"0":0},"b":{"0":[0,0]}}
,"C:\\Users\\NAJO\\yira-api\\src\\auth\\auth.controller.ts": {"path":"C:\\Users\\NAJO\\yira-api\\src\\auth\\auth.controller.ts","statementMap":{"0":{"start":{"line":4,"column":0},"end":{"line":4,"column":72}},"1":{"start":{"line":5,"column":0},"end":{"line":5,"column":46}},"2":{"start":{"line":6,"column":0},"end":{"line":6,"column":48}},"3":{"start":{"line":7,"column":0},"end":{"line":7,"column":44}},"4":{"start":{"line":10,"column":7},"end":{"line":41,"column":null}},"5":{"start":{"line":11,"column":22},"end":{"line":11,"column":35}},"6":{"start":{"line":16,"column":4},"end":{"line":16,"column":73}},"7":{"start":{"line":26,"column":4},"end":{"line":26,"column":79}},"8":{"start":{"line":32,"column":4},"end":{"line":32,"column":57}},"9":{"start":{"line":39,"column":4},"end":{"line":39,"column":51}},"10":{"start":{"line":10,"column":13},"end":{"line":10,"column":27}},"11":{"start":{"line":15,"column":2},"end":{"line":17,"column":null}},"12":{"start":{"line":21,"column":2},"end":{"line":27,"column":null}},"13":{"start":{"line":31,"column":2},"end":{"line":33,"column":null}},"14":{"start":{"line":38,"column":2},"end":{"line":40,"column":null}},"15":{"start":{"line":10,"column":13},"end":{"line":41,"column":null}}},"fnMap":{"0":{"name":"(anonymous_4)","decl":{"start":{"line":11,"column":2},"end":{"line":11,"column":22}},"loc":{"start":{"line":11,"column":46},"end":{"line":11,"column":50}}},"1":{"name":"(anonymous_5)","decl":{"start":{"line":15,"column":2},"end":{"line":15,"column":13}},"loc":{"start":{"line":15,"column":94},"end":{"line":17,"column":3}}},"2":{"name":"(anonymous_6)","decl":{"start":{"line":21,"column":2},"end":{"line":21,"column":13}},"loc":{"start":{"line":24,"column":46},"end":{"line":27,"column":3}}},"3":{"name":"(anonymous_7)","decl":{"start":{"line":31,"column":2},"end":{"line":31,"column":9}},"loc":{"start":{"line":31,"column":54},"end":{"line":33,"column":3}}},"4":{"name":"(anonymous_8)","decl":{"start":{"line":38,"column":2},"end":{"line":38,"column":4}},"loc":{"start":{"line":38,"column":29},"end":{"line":40,"column":3}}}},"branchMap":{"0":{"loc":{"start":{"line":16,"column":51},"end":{"line":16,"column":71}},"type":"binary-expr","locations":[{"start":{"line":16,"column":51},"end":{"line":16,"column":63}},{"start":{"line":16,"column":67},"end":{"line":16,"column":71}}]},"1":{"loc":{"start":{"line":26,"column":57},"end":{"line":26,"column":77}},"type":"binary-expr","locations":[{"start":{"line":26,"column":57},"end":{"line":26,"column":69}},{"start":{"line":26,"column":73},"end":{"line":26,"column":77}}]}},"s":{"0":0,"1":0,"2":0,"3":0,"4":0,"5":0,"6":0,"7":0,"8":0,"9":0,"10":0,"11":0,"12":0,"13":0,"14":0,"15":0},"f":{"0":0,"1":0,"2":0,"3":0,"4":0},"b":{"0":[0,0],"1":[0,0]}}
,"C:\\Users\\NAJO\\yira-api\\src\\auth\\auth.module.ts": {"path":"C:\\Users\\NAJO\\yira-api\\src\\auth\\auth.module.ts","statementMap":{"0":{"start":{"line":1,"column":0},"end":{"line":1,"column":48}},"1":{"start":{"line":2,"column":0},"end":{"line":2,"column":45}},"2":{"start":{"line":3,"column":0},"end":{"line":3,"column":50}},"3":{"start":{"line":4,"column":0},"end":{"line":4,"column":61}},"4":{"start":{"line":5,"column":0},"end":{"line":5,"column":48}},"5":{"start":{"line":6,"column":0},"end":{"line":6,"column":51}},"6":{"start":{"line":7,"column":0},"end":{"line":7,"column":48}},"7":{"start":{"line":8,"column":0},"end":{"line":8,"column":50}},"8":{"start":{"line":9,"column":0},"end":{"line":9,"column":67}},"9":{"start":{"line":28,"column":7},"end":{"line":28,"column":null}},"10":{"start":{"line":28,"column":13},"end":{"line":28,"column":23}},"11":{"start":{"line":28,"column":13},"end":{"line":28,"column":null}},"12":{"start":{"line":17,"column":43},"end":{"line":20,"column":8}}},"fnMap":{"0":{"name":"(anonymous_1)","decl":{"start":{"line":17,"column":18},"end":{"line":17,"column":19}},"loc":{"start":{"line":17,"column":43},"end":{"line":20,"column":8}}}},"branchMap":{},"s":{"0":0,"1":0,"2":0,"3":0,"4":0,"5":0,"6":0,"7":0,"8":0,"9":0,"10":0,"11":0,"12":0},"f":{"0":0},"b":{}}
,"C:\\Users\\NAJO\\yira-api\\src\\auth\\auth.service.ts": {"path":"C:\\Users\\NAJO\\yira-api\\src\\auth\\auth.service.ts","statementMap":{"0":{"start":{"line":1,"column":1},"end":{"line":1,"column":90}},"1":{"start":{"line":2,"column":0},"end":{"line":2,"column":46}},"2":{"start":{"line":3,"column":0},"end":{"line":3,"column":49}},"3":{"start":{"line":4,"column":0},"end":{"line":4,"column":37}},"4":{"start":{"line":5,"column":0},"end":{"line":5,"column":69}},"5":{"start":{"line":7,"column":0},"end":{"line":7,"column":null}},"6":{"start":{"line":8,"column":2},"end":{"line":8,"column":null}},"7":{"start":{"line":9,"column":2},"end":{"line":9,"column":null}},"8":{"start":{"line":10,"column":2},"end":{"line":10,"column":null}},"9":{"start":{"line":11,"column":2},"end":{"line":11,"column":null}},"10":{"start":{"line":12,"column":2},"end":{"line":12,"column":null}},"11":{"start":{"line":13,"column":2},"end":{"line":13,"column":null}},"12":{"start":{"line":14,"column":2},"end":{"line":14,"column":null}},"13":{"start":{"line":32,"column":24},"end":{"line":163,"column":null}},"14":{"start":{"line":37,"column":12},"end":{"line":37,"column":28}},"15":{"start":{"line":38,"column":12},"end":{"line":38,"column":28}},"16":{"start":{"line":39,"column":12},"end":{"line":39,"column":28}},"17":{"start":{"line":33,"column":19},"end":{"line":33,"column":57}},"18":{"start":{"line":43,"column":4},"end":{"line":43,"column":85}},"19":{"start":{"line":44,"column":4},"end":{"line":44,"column":58}},"20":{"start":{"line":44,"column":42},"end":{"line":44,"column":54}},"21":{"start":{"line":45,"column":4},"end":{"line":45,"column":64}},"22":{"start":{"line":49,"column":22},"end":{"line":49,"column":76}},"23":{"start":{"line":50,"column":22},"end":{"line":50,"column":59}},"24":{"start":{"line":52,"column":4},"end":{"line":55,"column":6}},"25":{"start":{"line":57,"column":4},"end":{"line":61,"column":6}},"26":{"start":{"line":63,"column":4},"end":{"line":63,"column":83}},"27":{"start":{"line":65,"column":22},"end":{"line":65,"column":86}},"28":{"start":{"line":66,"column":4},"end":{"line":68,"column":5}},"29":{"start":{"line":67,"column":6},"end":{"line":67,"column":70}},"30":{"start":{"line":70,"column":4},"end":{"line":70,"column":80}},"31":{"start":{"line":74,"column":16},"end":{"line":76,"column":null}},"32":{"start":{"line":79,"column":4},"end":{"line":80,"column":75}},"33":{"start":{"line":80,"column":6},"end":{"line":80,"column":75}},"34":{"start":{"line":82,"column":16},"end":{"line":82,"column":27}},"35":{"start":{"line":84,"column":4},"end":{"line":87,"column":5}},"36":{"start":{"line":85,"column":6},"end":{"line":85,"column":81}},"37":{"start":{"line":86,"column":6},"end":{"line":86,"column":53}},"38":{"start":{"line":89,"column":4},"end":{"line":92,"column":5}},"39":{"start":{"line":90,"column":6},"end":{"line":90,"column":81}},"40":{"start":{"line":91,"column":6},"end":{"line":91,"column":87}},"41":{"start":{"line":94,"column":4},"end":{"line":101,"column":5}},"42":{"start":{"line":95,"column":6},"end":{"line":98,"column":8}},"43":{"start":{"line":99,"column":24},"end":{"line":99,"column":48}},"44":{"start":{"line":100,"column":6},"end":{"line":100,"column":101}},"45":{"start":{"line":103,"column":4},"end":{"line":103,"column":79}},"46":{"start":{"line":104,"column":17},"end":{"line":104,"column":78}},"47":{"start":{"line":105,"column":4},"end":{"line":105,"column":36}},"48":{"start":{"line":109,"column":4},"end":{"line":121,"column":5}},"49":{"start":{"line":110,"column":22},"end":{"line":112,"column":8}},"50":{"start":{"line":113,"column":19},"end":{"line":113,"column":61}},"51":{"start":{"line":114,"column":6},"end":{"line":118,"column":9}},"52":{"start":{"line":120,"column":6},"end":{"line":120,"column":64}},"53":{"start":{"line":125,"column":16},"end":{"line":127,"column":null}},"54":{"start":{"line":129,"column":4},"end":{"line":129,"column":48}},"55":{"start":{"line":129,"column":29},"end":{"line":129,"column":48}},"56":{"start":{"line":131,"column":15},"end":{"line":131,"column":82}},"57":{"start":{"line":132,"column":4},"end":{"line":136,"column":6}},"58":{"start":{"line":137,"column":4},"end":{"line":137,"column":89}},"59":{"start":{"line":138,"column":4},"end":{"line":138,"column":87}},"60":{"start":{"line":142,"column":16},"end":{"line":142,"column":91}},"61":{"start":{"line":143,"column":4},"end":{"line":143,"column":52}},"62":{"start":{"line":147,"column":32},"end":{"line":153,"column":6}},"63":{"start":{"line":154,"column":25},"end":{"line":156,"column":6}},"64":{"start":{"line":157,"column":26},"end":{"line":160,"column":6}},"65":{"start":{"line":161,"column":4},"end":{"line":161,"column":73}},"66":{"start":{"line":32,"column":13},"end":{"line":32,"column":24}},"67":{"start":{"line":32,"column":13},"end":{"line":163,"column":null}}},"fnMap":{"0":{"name":"(anonymous_2)","decl":{"start":{"line":7,"column":0},"end":{"line":7,"column":12}},"loc":{"start":{"line":7,"column":27},"end":{"line":15,"column":1}}},"1":{"name":"(anonymous_3)","decl":{"start":{"line":36,"column":2},"end":{"line":36,"column":null}},"loc":{"start":{"line":39,"column":42},"end":{"line":40,"column":6}}},"2":{"name":"(anonymous_4)","decl":{"start":{"line":42,"column":2},"end":{"line":42,"column":7}},"loc":{"start":{"line":42,"column":20},"end":{"line":46,"column":3}}},"3":{"name":"(anonymous_5)","decl":{"start":{"line":44,"column":35},"end":{"line":44,"column":36}},"loc":{"start":{"line":44,"column":39},"end":{"line":44,"column":56}}},"4":{"name":"(anonymous_6)","decl":{"start":{"line":48,"column":2},"end":{"line":48,"column":7}},"loc":{"start":{"line":48,"column":59},"end":{"line":71,"column":3}}},"5":{"name":"(anonymous_7)","decl":{"start":{"line":73,"column":2},"end":{"line":73,"column":7}},"loc":{"start":{"line":73,"column":73},"end":{"line":106,"column":3}}},"6":{"name":"(anonymous_8)","decl":{"start":{"line":108,"column":2},"end":{"line":108,"column":7}},"loc":{"start":{"line":108,"column":43},"end":{"line":122,"column":3}}},"7":{"name":"(anonymous_9)","decl":{"start":{"line":124,"column":10},"end":{"line":124,"column":15}},"loc":{"start":{"line":124,"column":81},"end":{"line":139,"column":3}}},"8":{"name":"(anonymous_10)","decl":{"start":{"line":141,"column":10},"end":{"line":141,"column":15}},"loc":{"start":{"line":141,"column":45},"end":{"line":144,"column":3}}},"9":{"name":"(anonymous_11)","decl":{"start":{"line":146,"column":2},"end":{"line":146,"column":15}},"loc":{"start":{"line":146,"column":114},"end":{"line":162,"column":3}}}},"branchMap":{"0":{"loc":{"start":{"line":7,"column":12},"end":{"line":7,"column":null}},"type":"binary-expr","locations":[{"start":{"line":7,"column":12},"end":{"line":7,"column":27}},{"start":{"line":7,"column":27},"end":{"line":7,"column":null}}]},"1":{"loc":{"start":{"line":66,"column":4},"end":{"line":68,"column":5}},"type":"if","locations":[{"start":{"line":66,"column":4},"end":{"line":68,"column":5}},{"start":{},"end":{}}]},"2":{"loc":{"start":{"line":66,"column":8},"end":{"line":66,"column":49}},"type":"binary-expr","locations":[{"start":{"line":66,"column":8},"end":{"line":66,"column":26}},{"start":{"line":66,"column":30},"end":{"line":66,"column":49}}]},"3":{"loc":{"start":{"line":79,"column":4},"end":{"line":80,"column":75}},"type":"if","locations":[{"start":{"line":79,"column":4},"end":{"line":80,"column":75}},{"start":{},"end":{}}]},"4":{"loc":{"start":{"line":84,"column":4},"end":{"line":87,"column":5}},"type":"if","locations":[{"start":{"line":84,"column":4},"end":{"line":87,"column":5}},{"start":{},"end":{}}]},"5":{"loc":{"start":{"line":89,"column":4},"end":{"line":92,"column":5}},"type":"if","locations":[{"start":{"line":89,"column":4},"end":{"line":92,"column":5}},{"start":{},"end":{}}]},"6":{"loc":{"start":{"line":94,"column":4},"end":{"line":101,"column":5}},"type":"if","locations":[{"start":{"line":94,"column":4},"end":{"line":101,"column":5}},{"start":{},"end":{}}]},"7":{"loc":{"start":{"line":114,"column":32},"end":{"line":118,"column":8}},"type":"binary-expr","locations":[{"start":{"line":114,"column":32},"end":{"line":114,"column":36}},{"start":{"line":114,"column":40},"end":{"line":118,"column":8}}]},"8":{"loc":{"start":{"line":117,"column":22},"end":{"line":117,"column":52}},"type":"binary-expr","locations":[{"start":{"line":117,"column":22},"end":{"line":117,"column":42}},{"start":{"line":117,"column":46},"end":{"line":117,"column":52}}]},"9":{"loc":{"start":{"line":129,"column":4},"end":{"line":129,"column":48}},"type":"if","locations":[{"start":{"line":129,"column":4},"end":{"line":129,"column":48}},{"start":{},"end":{}}]},"10":{"loc":{"start":{"line":143,"column":11},"end":{"line":143,"column":51}},"type":"cond-expr","locations":[{"start":{"line":143,"column":33},"end":{"line":143,"column":44}},{"start":{"line":143,"column":47},"end":{"line":143,"column":51}}]},"11":{"loc":{"start":{"line":152,"column":20},"end":{"line":152,"column":47}},"type":"binary-expr","locations":[{"start":{"line":152,"column":20},"end":{"line":152,"column":37}},{"start":{"line":152,"column":41},"end":{"line":152,"column":47}}]}},"s":{"0":0,"1":0,"2":0,"3":0,"4":0,"5":0,"6":0,"7":0,"8":0,"9":0,"10":0,"11":0,"12":0,"13":0,"14":0,"15":0,"16":0,"17":0,"18":0,"19":0,"20":0,"21":0,"22":0,"23":0,"24":0,"25":0,"26":0,"27":0,"28":0,"29":0,"30":0,"31":0,"32":0,"33":0,"34":0,"35":0,"36":0,"37":0,"38":0,"39":0,"40":0,"41":0,"42":0,"43":0,"44":0,"45":0,"46":0,"47":0,"48":0,"49":0,"50":0,"51":0,"52":0,"53":0,"54":0,"55":0,"56":0,"57":0,"58":0,"59":0,"60":0,"61":0,"62":0,"63":0,"64":0,"65":0,"66":0,"67":0},"f":{"0":0,"1":0,"2":0,"3":0,"4":0,"5":0,"6":0,"7":0,"8":0,"9":0},"b":{"0":[0,0],"1":[0,0],"2":[0,0],"3":[0,0],"4":[0,0],"5":[0,0],"6":[0,0],"7":[0,0],"8":[0,0],"9":[0,0],"10":[0,0],"11":[0,0]}}
,"C:\\Users\\NAJO\\yira-api\\src\\auth\\decorators.ts": {"path":"C:\\Users\\NAJO\\yira-api\\src\\auth\\decorators.ts","statementMap":{"0":{"start":{"line":4,"column":0},"end":{"line":4,"column":85}},"1":{"start":{"line":7,"column":13},"end":{"line":7,"column":40}},"2":{"start":{"line":8,"column":13},"end":{"line":8,"column":37}},"3":{"start":{"line":11,"column":22},"end":{"line":11,"column":60}},"4":{"start":{"line":11,"column":28},"end":{"line":11,"column":60}},"5":{"start":{"line":11,"column":13},"end":{"line":11,"column":22}},"6":{"start":{"line":14,"column":21},"end":{"line":14,"column":83}},"7":{"start":{"line":14,"column":54},"end":{"line":14,"column":83}},"8":{"start":{"line":14,"column":13},"end":{"line":14,"column":21}},"9":{"start":{"line":17,"column":13},"end":{"line":19,"column":2}},"10":{"start":{"line":18,"column":41},"end":{"line":18,"column":77}},"11":{"start":{"line":22,"column":13},"end":{"line":25,"column":2}},"12":{"start":{"line":24,"column":4},"end":{"line":24,"column":62}}},"fnMap":{"0":{"name":"(anonymous_0)","decl":{"start":{"line":11,"column":22},"end":{"line":11,"column":25}},"loc":{"start":{"line":11,"column":28},"end":{"line":11,"column":60}}},"1":{"name":"(anonymous_1)","decl":{"start":{"line":14,"column":21},"end":{"line":14,"column":22}},"loc":{"start":{"line":14,"column":54},"end":{"line":14,"column":83}}},"2":{"name":"(anonymous_2)","decl":{"start":{"line":18,"column":2},"end":{"line":18,"column":3}},"loc":{"start":{"line":18,"column":41},"end":{"line":18,"column":77}}},"3":{"name":"(anonymous_3)","decl":{"start":{"line":23,"column":2},"end":{"line":23,"column":3}},"loc":{"start":{"line":24,"column":4},"end":{"line":24,"column":62}}}},"branchMap":{"0":{"loc":{"start":{"line":24,"column":4},"end":{"line":24,"column":62}},"type":"binary-expr","locations":[{"start":{"line":24,"column":4},"end":{"line":24,"column":54}},{"start":{"line":24,"column":58},"end":{"line":24,"column":62}}]}},"s":{"0":0,"1":0,"2":0,"3":0,"4":0,"5":0,"6":0,"7":0,"8":0,"9":0,"10":0,"11":0,"12":0},"f":{"0":0,"1":0,"2":0,"3":0},"b":{"0":[0,0]}}
,"C:\\Users\\NAJO\\yira-api\\src\\auth\\jwt-auth.guard.ts": {"path":"C:\\Users\\NAJO\\yira-api\\src\\auth\\jwt-auth.guard.ts","statementMap":{"0":{"start":{"line":4,"column":0},"end":{"line":4,"column":62}},"1":{"start":{"line":5,"column":0},"end":{"line":5,"column":48}},"2":{"start":{"line":6,"column":0},"end":{"line":6,"column":44}},"3":{"start":{"line":8,"column":13},"end":{"line":8,"column":40}},"4":{"start":{"line":11,"column":7},"end":{"line":20,"column":null}},"5":{"start":{"line":12,"column":46},"end":{"line":12,"column":54}},"6":{"start":{"line":12,"column":22},"end":{"line":12,"column":33}},"7":{"start":{"line":15,"column":21},"end":{"line":17,"column":6}},"8":{"start":{"line":18,"column":4},"end":{"line":18,"column":52}},"9":{"start":{"line":11,"column":13},"end":{"line":11,"column":25}},"10":{"start":{"line":11,"column":13},"end":{"line":20,"column":null}}},"fnMap":{"0":{"name":"(anonymous_2)","decl":{"start":{"line":12,"column":2},"end":{"line":12,"column":22}},"loc":{"start":{"line":12,"column":42},"end":{"line":12,"column":56}}},"1":{"name":"(anonymous_3)","decl":{"start":{"line":14,"column":2},"end":{"line":14,"column":13}},"loc":{"start":{"line":14,"column":35},"end":{"line":19,"column":3}}}},"branchMap":{"0":{"loc":{"start":{"line":18,"column":11},"end":{"line":18,"column":51}},"type":"cond-expr","locations":[{"start":{"line":18,"column":22},"end":{"line":18,"column":26}},{"start":{"line":18,"column":29},"end":{"line":18,"column":51}}]}},"s":{"0":0,"1":0,"2":0,"3":0,"4":0,"5":0,"6":0,"7":0,"8":0,"9":0,"10":0},"f":{"0":0,"1":0},"b":{"0":[0,0]}}
,"C:\\Users\\NAJO\\yira-api\\src\\auth\\jwt.strategy.ts": {"path":"C:\\Users\\NAJO\\yira-api\\src\\auth\\jwt.strategy.ts","statementMap":{"0":{"start":{"line":4,"column":0},"end":{"line":4,"column":67}},"1":{"start":{"line":5,"column":0},"end":{"line":5,"column":56}},"2":{"start":{"line":6,"column":0},"end":{"line":6,"column":52}},"3":{"start":{"line":7,"column":0},"end":{"line":7,"column":54}},"4":{"start":{"line":11,"column":7},"end":{"line":24,"column":null}},"5":{"start":{"line":13,"column":4},"end":{"line":17,"column":7}},"6":{"start":{"line":21,"column":4},"end":{"line":21,"column":72}},"7":{"start":{"line":21,"column":22},"end":{"line":21,"column":72}},"8":{"start":{"line":22,"column":4},"end":{"line":22,"column":19}},"9":{"start":{"line":11,"column":13},"end":{"line":11,"column":24}},"10":{"start":{"line":11,"column":13},"end":{"line":24,"column":null}}},"fnMap":{"0":{"name":"(anonymous_2)","decl":{"start":{"line":12,"column":2},"end":{"line":12,"column":14}},"loc":{"start":{"line":12,"column":35},"end":{"line":18,"column":3}}},"1":{"name":"(anonymous_3)","decl":{"start":{"line":20,"column":2},"end":{"line":20,"column":7}},"loc":{"start":{"line":20,"column":36},"end":{"line":23,"column":3}}}},"branchMap":{"0":{"loc":{"start":{"line":21,"column":4},"end":{"line":21,"column":72}},"type":"if","locations":[{"start":{"line":21,"column":4},"end":{"line":21,"column":72}},{"start":{},"end":{}}]}},"s":{"0":0,"1":0,"2":0,"3":0,"4":0,"5":0,"6":0,"7":0,"8":0,"9":0,"10":0},"f":{"0":0,"1":0},"b":{"0":[0,0]}}
,"C:\\Users\\NAJO\\yira-api\\src\\core-config\\core-config.module.ts": {"path":"C:\\Users\\NAJO\\yira-api\\src\\core-config\\core-config.module.ts","statementMap":{"0":{"start":{"line":1,"column":0},"end":{"line":1,"column":48}},"1":{"start":{"line":2,"column":0},"end":{"line":2,"column":61}},"2":{"start":{"line":3,"column":0},"end":{"line":3,"column":52}},"3":{"start":{"line":4,"column":0},"end":{"line":4,"column":58}},"4":{"start":{"line":5,"column":0},"end":{"line":5,"column":58}},"5":{"start":{"line":6,"column":0},"end":{"line":6,"column":58}},"6":{"start":{"line":24,"column":7},"end":{"line":24,"column":null}},"7":{"start":{"line":24,"column":13},"end":{"line":24,"column":29}},"8":{"start":{"line":24,"column":13},"end":{"line":24,"column":null}},"9":{"start":{"line":15,"column":46},"end":{"line":18,"column":8}}},"fnMap":{"0":{"name":"(anonymous_1)","decl":{"start":{"line":15,"column":18},"end":{"line":15,"column":19}},"loc":{"start":{"line":15,"column":46},"end":{"line":18,"column":8}}}},"branchMap":{},"s":{"0":0,"1":0,"2":0,"3":0,"4":0,"5":0,"6":0,"7":0,"8":0,"9":0},"f":{"0":0},"b":{}}
,"C:\\Users\\NAJO\\yira-api\\src\\core-config\\core-config.service.ts": {"path":"C:\\Users\\NAJO\\yira-api\\src\\core-config\\core-config.service.ts","statementMap":{"0":{"start":{"line":1,"column":0},"end":{"line":1,"column":71}},"1":{"start":{"line":2,"column":0},"end":{"line":2,"column":40}},"2":{"start":{"line":3,"column":0},"end":{"line":3,"column":54}},"3":{"start":{"line":5,"column":0},"end":{"line":5,"column":58}},"4":{"start":{"line":6,"column":0},"end":{"line":6,"column":null}},"5":{"start":{"line":13,"column":30},"end":{"line":164,"column":null}},"6":{"start":{"line":17,"column":21},"end":{"line":17,"column":33}},"7":{"start":{"line":18,"column":44},"end":{"line":18,"column":56}},"8":{"start":{"line":14,"column":19},"end":{"line":14,"column":63}},"9":{"start":{"line":22,"column":21},"end":{"line":22,"column":60}},"10":{"start":{"line":23,"column":19},"end":{"line":23,"column":67}},"11":{"start":{"line":24,"column":4},"end":{"line":24,"column":30}},"12":{"start":{"line":24,"column":16},"end":{"line":24,"column":30}},"13":{"start":{"line":26,"column":19},"end":{"line":29,"column":null}},"14":{"start":{"line":27,"column":6},"end":{"line":29,"column":8}},"15":{"start":{"line":31,"column":4},"end":{"line":31,"column":81}},"16":{"start":{"line":31,"column":17},"end":{"line":31,"column":81}},"17":{"start":{"line":33,"column":34},"end":{"line":39,"column":6}},"18":{"start":{"line":40,"column":4},"end":{"line":40,"column":71}},"19":{"start":{"line":41,"column":4},"end":{"line":41,"column":15}},"20":{"start":{"line":45,"column":21},"end":{"line":45,"column":66}},"21":{"start":{"line":46,"column":19},"end":{"line":46,"column":62}},"22":{"start":{"line":47,"column":4},"end":{"line":47,"column":30}},"23":{"start":{"line":47,"column":16},"end":{"line":47,"column":30}},"24":{"start":{"line":49,"column":19},"end":{"line":53,"column":null}},"25":{"start":{"line":50,"column":6},"end":{"line":53,"column":8}},"26":{"start":{"line":55,"column":4},"end":{"line":55,"column":82}},"27":{"start":{"line":55,"column":17},"end":{"line":55,"column":82}},"28":{"start":{"line":57,"column":29},"end":{"line":63,"column":6}},"29":{"start":{"line":64,"column":4},"end":{"line":64,"column":66}},"30":{"start":{"line":65,"column":4},"end":{"line":65,"column":15}},"31":{"start":{"line":69,"column":21},"end":{"line":69,"column":73}},"32":{"start":{"line":70,"column":19},"end":{"line":70,"column":68}},"33":{"start":{"line":71,"column":4},"end":{"line":71,"column":30}},"34":{"start":{"line":71,"column":16},"end":{"line":71,"column":30}},"35":{"start":{"line":73,"column":20},"end":{"line":77,"column":null}},"36":{"start":{"line":74,"column":6},"end":{"line":77,"column":8}},"37":{"start":{"line":79,"column":4},"end":{"line":79,"column":85}},"38":{"start":{"line":79,"column":18},"end":{"line":79,"column":85}},"39":{"start":{"line":81,"column":35},"end":{"line":86,"column":6}},"40":{"start":{"line":87,"column":4},"end":{"line":87,"column":72}},"41":{"start":{"line":88,"column":4},"end":{"line":88,"column":15}},"42":{"start":{"line":92,"column":21},"end":{"line":92,"column":70}},"43":{"start":{"line":93,"column":19},"end":{"line":93,"column":64}},"44":{"start":{"line":94,"column":4},"end":{"line":94,"column":30}},"45":{"start":{"line":94,"column":16},"end":{"line":94,"column":30}},"46":{"start":{"line":96,"column":20},"end":{"line":99,"column":null}},"47":{"start":{"line":97,"column":6},"end":{"line":99,"column":8}},"48":{"start":{"line":101,"column":4},"end":{"line":101,"column":90}},"49":{"start":{"line":101,"column":18},"end":{"line":101,"column":90}},"50":{"start":{"line":103,"column":31},"end":{"line":109,"column":6}},"51":{"start":{"line":110,"column":4},"end":{"line":110,"column":68}},"52":{"start":{"line":111,"column":4},"end":{"line":111,"column":15}},"53":{"start":{"line":115,"column":20},"end":{"line":115,"column":67}},"54":{"start":{"line":116,"column":20},"end":{"line":116,"column":43}},"55":{"start":{"line":117,"column":4},"end":{"line":117,"column":80}},"56":{"start":{"line":121,"column":20},"end":{"line":121,"column":67}},"57":{"start":{"line":122,"column":21},"end":{"line":122,"column":54}},"58":{"start":{"line":123,"column":4},"end":{"line":123,"column":92}},"59":{"start":{"line":123,"column":19},"end":{"line":123,"column":92}},"60":{"start":{"line":124,"column":4},"end":{"line":124,"column":20}},"61":{"start":{"line":128,"column":21},"end":{"line":128,"column":68}},"62":{"start":{"line":129,"column":19},"end":{"line":129,"column":67}},"63":{"start":{"line":130,"column":4},"end":{"line":130,"column":30}},"64":{"start":{"line":130,"column":16},"end":{"line":130,"column":30}},"65":{"start":{"line":132,"column":17},"end":{"line":136,"column":null}},"66":{"start":{"line":133,"column":6},"end":{"line":136,"column":8}},"67":{"start":{"line":139,"column":35},"end":{"line":144,"column":7}},"68":{"start":{"line":139,"column":52},"end":{"line":144,"column":6}},"69":{"start":{"line":145,"column":4},"end":{"line":145,"column":70}},"70":{"start":{"line":146,"column":4},"end":{"line":146,"column":16}},"71":{"start":{"line":150,"column":4},"end":{"line":150,"column":66}},"72":{"start":{"line":151,"column":4},"end":{"line":151,"column":64}},"73":{"start":{"line":155,"column":4},"end":{"line":155,"column":72}},"74":{"start":{"line":159,"column":4},"end":{"line":162,"column":6}},"75":{"start":{"line":160,"column":32},"end":{"line":160,"column":92}},"76":{"start":{"line":13,"column":13},"end":{"line":13,"column":30}},"77":{"start":{"line":13,"column":13},"end":{"line":164,"column":null}}},"fnMap":{"0":{"name":"(anonymous_4)","decl":{"start":{"line":16,"column":2},"end":{"line":16,"column":null}},"loc":{"start":{"line":18,"column":56},"end":{"line":19,"column":6}}},"1":{"name":"(anonymous_5)","decl":{"start":{"line":21,"column":2},"end":{"line":21,"column":7}},"loc":{"start":{"line":21,"column":41},"end":{"line":42,"column":3}}},"2":{"name":"(anonymous_6)","decl":{"start":{"line":26,"column":62},"end":{"line":26,"column":65}},"loc":{"start":{"line":27,"column":6},"end":{"line":29,"column":8}}},"3":{"name":"(anonymous_7)","decl":{"start":{"line":44,"column":2},"end":{"line":44,"column":7}},"loc":{"start":{"line":44,"column":59},"end":{"line":66,"column":3}}},"4":{"name":"(anonymous_8)","decl":{"start":{"line":49,"column":62},"end":{"line":49,"column":65}},"loc":{"start":{"line":50,"column":6},"end":{"line":53,"column":8}}},"5":{"name":"(anonymous_9)","decl":{"start":{"line":68,"column":2},"end":{"line":68,"column":7}},"loc":{"start":{"line":68,"column":68},"end":{"line":89,"column":3}}},"6":{"name":"(anonymous_10)","decl":{"start":{"line":73,"column":63},"end":{"line":73,"column":66}},"loc":{"start":{"line":74,"column":6},"end":{"line":77,"column":8}}},"7":{"name":"(anonymous_11)","decl":{"start":{"line":91,"column":2},"end":{"line":91,"column":7}},"loc":{"start":{"line":91,"column":59},"end":{"line":112,"column":3}}},"8":{"name":"(anonymous_12)","decl":{"start":{"line":96,"column":63},"end":{"line":96,"column":66}},"loc":{"start":{"line":97,"column":6},"end":{"line":99,"column":8}}},"9":{"name":"(anonymous_13)","decl":{"start":{"line":114,"column":2},"end":{"line":114,"column":7}},"loc":{"start":{"line":114,"column":57},"end":{"line":118,"column":3}}},"10":{"name":"(anonymous_14)","decl":{"start":{"line":120,"column":2},"end":{"line":120,"column":7}},"loc":{"start":{"line":120,"column":84},"end":{"line":125,"column":3}}},"11":{"name":"(anonymous_15)","decl":{"start":{"line":127,"column":2},"end":{"line":127,"column":7}},"loc":{"start":{"line":127,"column":57},"end":{"line":147,"column":3}}},"12":{"name":"(anonymous_16)","decl":{"start":{"line":132,"column":60},"end":{"line":132,"column":63}},"loc":{"start":{"line":133,"column":6},"end":{"line":136,"column":8}}},"13":{"name":"(anonymous_17)","decl":{"start":{"line":139,"column":44},"end":{"line":139,"column":45}},"loc":{"start":{"line":139,"column":52},"end":{"line":144,"column":6}}},"14":{"name":"(anonymous_18)","decl":{"start":{"line":149,"column":2},"end":{"line":149,"column":7}},"loc":{"start":{"line":149,"column":46},"end":{"line":152,"column":3}}},"15":{"name":"(anonymous_19)","decl":{"start":{"line":154,"column":2},"end":{"line":154,"column":7}},"loc":{"start":{"line":154,"column":65},"end":{"line":156,"column":3}}},"16":{"name":"(anonymous_20)","decl":{"start":{"line":158,"column":2},"end":{"line":158,"column":21}},"loc":{"start":{"line":158,"column":73},"end":{"line":163,"column":3}}},"17":{"name":"(anonymous_21)","decl":{"start":{"line":160,"column":6},"end":{"line":160,"column":7}},"loc":{"start":{"line":160,"column":32},"end":{"line":160,"column":92}}}},"branchMap":{"0":{"loc":{"start":{"line":24,"column":4},"end":{"line":24,"column":30}},"type":"if","locations":[{"start":{"line":24,"column":4},"end":{"line":24,"column":30}},{"start":{},"end":{}}]},"1":{"loc":{"start":{"line":31,"column":4},"end":{"line":31,"column":81}},"type":"if","locations":[{"start":{"line":31,"column":4},"end":{"line":31,"column":81}},{"start":{},"end":{}}]},"2":{"loc":{"start":{"line":47,"column":4},"end":{"line":47,"column":30}},"type":"if","locations":[{"start":{"line":47,"column":4},"end":{"line":47,"column":30}},{"start":{},"end":{}}]},"3":{"loc":{"start":{"line":55,"column":4},"end":{"line":55,"column":82}},"type":"if","locations":[{"start":{"line":55,"column":4},"end":{"line":55,"column":82}},{"start":{},"end":{}}]},"4":{"loc":{"start":{"line":71,"column":4},"end":{"line":71,"column":30}},"type":"if","locations":[{"start":{"line":71,"column":4},"end":{"line":71,"column":30}},{"start":{},"end":{}}]},"5":{"loc":{"start":{"line":79,"column":4},"end":{"line":79,"column":85}},"type":"if","locations":[{"start":{"line":79,"column":4},"end":{"line":79,"column":85}},{"start":{},"end":{}}]},"6":{"loc":{"start":{"line":94,"column":4},"end":{"line":94,"column":30}},"type":"if","locations":[{"start":{"line":94,"column":4},"end":{"line":94,"column":30}},{"start":{},"end":{}}]},"7":{"loc":{"start":{"line":101,"column":4},"end":{"line":101,"column":90}},"type":"if","locations":[{"start":{"line":101,"column":4},"end":{"line":101,"column":90}},{"start":{},"end":{}}]},"8":{"loc":{"start":{"line":117,"column":11},"end":{"line":117,"column":79}},"type":"binary-expr","locations":[{"start":{"line":117,"column":11},"end":{"line":117,"column":40}},{"start":{"line":117,"column":44},"end":{"line":117,"column":74}},{"start":{"line":117,"column":78},"end":{"line":117,"column":79}}]},"9":{"loc":{"start":{"line":123,"column":4},"end":{"line":123,"column":92}},"type":"if","locations":[{"start":{"line":123,"column":4},"end":{"line":123,"column":92}},{"start":{},"end":{}}]},"10":{"loc":{"start":{"line":130,"column":4},"end":{"line":130,"column":30}},"type":"if","locations":[{"start":{"line":130,"column":4},"end":{"line":130,"column":30}},{"start":{},"end":{}}]}},"s":{"0":0,"1":0,"2":0,"3":0,"4":0,"5":0,"6":0,"7":0,"8":0,"9":0,"10":0,"11":0,"12":0,"13":0,"14":0,"15":0,"16":0,"17":0,"18":0,"19":0,"20":0,"21":0,"22":0,"23":0,"24":0,"25":0,"26":0,"27":0,"28":0,"29":0,"30":0,"31":0,"32":0,"33":0,"34":0,"35":0,"36":0,"37":0,"38":0,"39":0,"40":0,"41":0,"42":0,"43":0,"44":0,"45":0,"46":0,"47":0,"48":0,"49":0,"50":0,"51":0,"52":0,"53":0,"54":0,"55":0,"56":0,"57":0,"58":0,"59":0,"60":0,"61":0,"62":0,"63":0,"64":0,"65":0,"66":0,"67":0,"68":0,"69":0,"70":0,"71":0,"72":0,"73":0,"74":0,"75":0,"76":0,"77":0},"f":{"0":0,"1":0,"2":0,"3":0,"4":0,"5":0,"6":0,"7":0,"8":0,"9":0,"10":0,"11":0,"12":0,"13":0,"14":0,"15":0,"16":0,"17":0},"b":{"0":[0,0],"1":[0,0],"2":[0,0],"3":[0,0],"4":[0,0],"5":[0,0],"6":[0,0],"7":[0,0],"8":[0,0,0],"9":[0,0],"10":[0,0]}}
,"C:\\Users\\NAJO\\yira-api\\src\\core-config\\core-config.types.ts": {"path":"C:\\Users\\NAJO\\yira-api\\src\\core-config\\core-config.types.ts","statementMap":{"0":{"start":{"line":136,"column":13},"end":{"line":147,"column":11}},"1":{"start":{"line":138,"column":4},"end":{"line":138,"column":37}},"2":{"start":{"line":140,"column":4},"end":{"line":140,"column":45}},"3":{"start":{"line":142,"column":4},"end":{"line":142,"column":52}},"4":{"start":{"line":144,"column":4},"end":{"line":144,"column":49}},"5":{"start":{"line":146,"column":4},"end":{"line":146,"column":46}},"6":{"start":{"line":150,"column":13},"end":{"line":156,"column":11}}},"fnMap":{"0":{"name":"(anonymous_0)","decl":{"start":{"line":137,"column":17},"end":{"line":137,"column":18}},"loc":{"start":{"line":138,"column":4},"end":{"line":138,"column":37}}},"1":{"name":"(anonymous_1)","decl":{"start":{"line":139,"column":12},"end":{"line":139,"column":13}},"loc":{"start":{"line":140,"column":4},"end":{"line":140,"column":45}}},"2":{"name":"(anonymous_2)","decl":{"start":{"line":141,"column":18},"end":{"line":141,"column":19}},"loc":{"start":{"line":142,"column":4},"end":{"line":142,"column":52}}},"3":{"name":"(anonymous_3)","decl":{"start":{"line":143,"column":14},"end":{"line":143,"column":15}},"loc":{"start":{"line":144,"column":4},"end":{"line":144,"column":49}}},"4":{"name":"(anonymous_4)","decl":{"start":{"line":145,"column":16},"end":{"line":145,"column":17}},"loc":{"start":{"line":146,"column":4},"end":{"line":146,"column":46}}}},"branchMap":{},"s":{"0":0,"1":0,"2":0,"3":0,"4":0,"5":0,"6":0},"f":{"0":0,"1":0,"2":0,"3":0,"4":0},"b":{}}
,"C:\\Users\\NAJO\\yira-api\\src\\core-config\\prisma-core.service.ts": {"path":"C:\\Users\\NAJO\\yira-api\\src\\core-config\\prisma-core.service.ts","statementMap":{"0":{"start":{"line":9,"column":0},"end":{"line":9,"column":null}},"1":{"start":{"line":15,"column":0},"end":{"line":15,"column":47}},"2":{"start":{"line":16,"column":0},"end":{"line":16,"column":51}},"3":{"start":{"line":19,"column":30},"end":{"line":91,"column":null}},"4":{"start":{"line":26,"column":4},"end":{"line":37,"column":7}},"5":{"start":{"line":25,"column":31},"end":{"line":25,"column":46}},"6":{"start":{"line":23,"column":19},"end":{"line":23,"column":63}},"7":{"start":{"line":41,"column":4},"end":{"line":41,"column":26}},"8":{"start":{"line":42,"column":4},"end":{"line":42,"column":68}},"9":{"start":{"line":46,"column":4},"end":{"line":46,"column":29}},"10":{"start":{"line":47,"column":4},"end":{"line":47,"column":67}},"11":{"start":{"line":60,"column":4},"end":{"line":62,"column":6}},"12":{"start":{"line":64,"column":4},"end":{"line":68,"column":5}},"13":{"start":{"line":65,"column":6},"end":{"line":67,"column":8}},"14":{"start":{"line":70,"column":4},"end":{"line":74,"column":5}},"15":{"start":{"line":71,"column":6},"end":{"line":73,"column":8}},"16":{"start":{"line":88,"column":4},"end":{"line":88,"column":64}},"17":{"start":{"line":89,"column":4},"end":{"line":89,"column":22}},"18":{"start":{"line":19,"column":13},"end":{"line":19,"column":30}},"19":{"start":{"line":19,"column":13},"end":{"line":91,"column":null}}},"fnMap":{"0":{"name":"(anonymous_2)","decl":{"start":{"line":25,"column":2},"end":{"line":25,"column":31}},"loc":{"start":{"line":25,"column":59},"end":{"line":38,"column":3}}},"1":{"name":"(anonymous_3)","decl":{"start":{"line":40,"column":2},"end":{"line":40,"column":7}},"loc":{"start":{"line":40,"column":20},"end":{"line":43,"column":3}}},"2":{"name":"(anonymous_4)","decl":{"start":{"line":45,"column":2},"end":{"line":45,"column":7}},"loc":{"start":{"line":45,"column":23},"end":{"line":48,"column":3}}},"3":{"name":"(anonymous_5)","decl":{"start":{"line":55,"column":2},"end":{"line":55,"column":7}},"loc":{"start":{"line":58,"column":21},"end":{"line":75,"column":3}}},"4":{"name":"(anonymous_6)","decl":{"start":{"line":82,"column":2},"end":{"line":82,"column":7}},"loc":{"start":{"line":86,"column":21},"end":{"line":90,"column":3}}}},"branchMap":{"0":{"loc":{"start":{"line":34,"column":8},"end":{"line":36,"column":29}},"type":"cond-expr","locations":[{"start":{"line":35,"column":12},"end":{"line":35,"column":38}},{"start":{"line":36,"column":12},"end":{"line":36,"column":29}}]},"1":{"loc":{"start":{"line":64,"column":4},"end":{"line":68,"column":5}},"type":"if","locations":[{"start":{"line":64,"column":4},"end":{"line":68,"column":5}},{"start":{},"end":{}}]},"2":{"loc":{"start":{"line":70,"column":4},"end":{"line":74,"column":5}},"type":"if","locations":[{"start":{"line":70,"column":4},"end":{"line":74,"column":5}},{"start":{},"end":{}}]}},"s":{"0":0,"1":0,"2":0,"3":0,"4":0,"5":0,"6":0,"7":0,"8":0,"9":0,"10":0,"11":0,"12":0,"13":0,"14":0,"15":0,"16":0,"17":0,"18":0,"19":0},"f":{"0":0,"1":0,"2":0,"3":0,"4":0},"b":{"0":[0,0],"1":[0,0],"2":[0,0]}}
,"C:\\Users\\NAJO\\yira-api\\src\\core-config\\yira-config.service.ts": {"path":"C:\\Users\\NAJO\\yira-api\\src\\core-config\\yira-config.service.ts","statementMap":{"0":{"start":{"line":6,"column":0},"end":{"line":6,"column":66}},"1":{"start":{"line":7,"column":0},"end":{"line":7,"column":26}},"2":{"start":{"line":8,"column":0},"end":{"line":8,"column":47}},"3":{"start":{"line":9,"column":0},"end":{"line":9,"column":37}},"4":{"start":{"line":47,"column":18},"end":{"line":47,"column":22}},"5":{"start":{"line":50,"column":30},"end":{"line":254,"column":null}},"6":{"start":{"line":57,"column":22},"end":{"line":57,"column":30}},"7":{"start":{"line":51,"column":19},"end":{"line":51,"column":63}},"8":{"start":{"line":54,"column":10},"end":{"line":54,"column":24}},"9":{"start":{"line":55,"column":10},"end":{"line":55,"column":82}},"10":{"start":{"line":60,"column":4},"end":{"line":78,"column":5}},"11":{"start":{"line":61,"column":6},"end":{"line":61,"column":87}},"12":{"start":{"line":62,"column":21},"end":{"line":62,"column":46}},"13":{"start":{"line":63,"column":6},"end":{"line":63,"column":23}},"14":{"start":{"line":65,"column":6},"end":{"line":71,"column":7}},"15":{"start":{"line":66,"column":8},"end":{"line":66,"column":101}},"16":{"start":{"line":67,"column":8},"end":{"line":67,"column":35}},"17":{"start":{"line":68,"column":8},"end":{"line":68,"column":57}},"18":{"start":{"line":70,"column":8},"end":{"line":70,"column":80}},"19":{"start":{"line":73,"column":6},"end":{"line":73,"column":24}},"20":{"start":{"line":74,"column":6},"end":{"line":74,"column":73}},"21":{"start":{"line":75,"column":6},"end":{"line":75,"column":33}},"22":{"start":{"line":77,"column":6},"end":{"line":77,"column":61}},"23":{"start":{"line":82,"column":21},"end":{"line":82,"column":46}},"24":{"start":{"line":84,"column":22},"end":{"line":84,"column":49}},"25":{"start":{"line":85,"column":4},"end":{"line":85,"column":74}},"26":{"start":{"line":85,"column":52},"end":{"line":85,"column":74}},"27":{"start":{"line":87,"column":4},"end":{"line":96,"column":14}},"28":{"start":{"line":88,"column":6},"end":{"line":95,"column":7}},"29":{"start":{"line":89,"column":23},"end":{"line":89,"column":53}},"30":{"start":{"line":90,"column":8},"end":{"line":94,"column":9}},"31":{"start":{"line":91,"column":23},"end":{"line":91,"column":55}},"32":{"start":{"line":92,"column":10},"end":{"line":92,"column":77}},"33":{"start":{"line":93,"column":10},"end":{"line":93,"column":22}},"34":{"start":{"line":98,"column":19},"end":{"line":98,"column":57}},"35":{"start":{"line":100,"column":4},"end":{"line":102,"column":14}},"36":{"start":{"line":101,"column":6},"end":{"line":101,"column":99}},"37":{"start":{"line":101,"column":31},"end":{"line":101,"column":99}},"38":{"start":{"line":103,"column":4},"end":{"line":103,"column":79}},"39":{"start":{"line":105,"column":4},"end":{"line":105,"column":18}},"40":{"start":{"line":109,"column":4},"end":{"line":109,"column":35}},"41":{"start":{"line":110,"column":4},"end":{"line":110,"column":94}},"42":{"start":{"line":110,"column":10},"end":{"line":110,"column":83}},"43":{"start":{"line":110,"column":35},"end":{"line":110,"column":83}},"44":{"start":{"line":111,"column":4},"end":{"line":111,"column":64}},"45":{"start":{"line":112,"column":4},"end":{"line":112,"column":35}},"46":{"start":{"line":116,"column":16},"end":{"line":116,"column":46}},"47":{"start":{"line":117,"column":4},"end":{"line":117,"column":76}},"48":{"start":{"line":117,"column":38},"end":{"line":117,"column":76}},"49":{"start":{"line":118,"column":4},"end":{"line":118,"column":60}},"50":{"start":{"line":118,"column":30},"end":{"line":118,"column":60}},"51":{"start":{"line":119,"column":4},"end":{"line":119,"column":60}},"52":{"start":{"line":119,"column":30},"end":{"line":119,"column":60}},"53":{"start":{"line":120,"column":4},"end":{"line":120,"column":13}},"54":{"start":{"line":124,"column":16},"end":{"line":124,"column":46}},"55":{"start":{"line":125,"column":4},"end":{"line":132,"column":6}},"56":{"start":{"line":136,"column":16},"end":{"line":136,"column":46}},"57":{"start":{"line":137,"column":4},"end":{"line":146,"column":6}},"58":{"start":{"line":150,"column":16},"end":{"line":150,"column":46}},"59":{"start":{"line":151,"column":4},"end":{"line":156,"column":6}},"60":{"start":{"line":160,"column":16},"end":{"line":160,"column":46}},"61":{"start":{"line":161,"column":4},"end":{"line":161,"column":31}},"62":{"start":{"line":165,"column":4},"end":{"line":224,"column":5}},"63":{"start":{"line":166,"column":18},"end":{"line":173,"column":20}},"64":{"start":{"line":175,"column":6},"end":{"line":175,"column":71}},"65":{"start":{"line":175,"column":33},"end":{"line":175,"column":71}},"66":{"start":{"line":177,"column":18},"end":{"line":177,"column":29}},"67":{"start":{"line":178,"column":18},"end":{"line":178,"column":46}},"68":{"start":{"line":179,"column":18},"end":{"line":179,"column":46}},"69":{"start":{"line":180,"column":18},"end":{"line":180,"column":46}},"70":{"start":{"line":181,"column":18},"end":{"line":181,"column":46}},"71":{"start":{"line":183,"column":33},"end":{"line":217,"column":8}},"72":{"start":{"line":219,"column":6},"end":{"line":219,"column":83}},"73":{"start":{"line":220,"column":6},"end":{"line":220,"column":20}},"74":{"start":{"line":222,"column":6},"end":{"line":222,"column":57}},"75":{"start":{"line":223,"column":6},"end":{"line":223,"column":44}},"76":{"start":{"line":228,"column":4},"end":{"line":250,"column":6}},"77":{"start":{"line":253,"column":23},"end":{"line":253,"column":41}},"78":{"start":{"line":50,"column":13},"end":{"line":50,"column":30}},"79":{"start":{"line":50,"column":13},"end":{"line":254,"column":null}}},"fnMap":{"0":{"name":"(anonymous_2)","decl":{"start":{"line":57,"column":2},"end":{"line":57,"column":22}},"loc":{"start":{"line":57,"column":43},"end":{"line":57,"column":47}}},"1":{"name":"(anonymous_3)","decl":{"start":{"line":59,"column":2},"end":{"line":59,"column":7}},"loc":{"start":{"line":59,"column":20},"end":{"line":79,"column":3}}},"2":{"name":"(anonymous_4)","decl":{"start":{"line":81,"column":2},"end":{"line":81,"column":7}},"loc":{"start":{"line":81,"column":33},"end":{"line":106,"column":3}}},"3":{"name":"(anonymous_5)","decl":{"start":{"line":108,"column":2},"end":{"line":108,"column":7}},"loc":{"start":{"line":108,"column":38},"end":{"line":113,"column":3}}},"4":{"name":"(anonymous_6)","decl":{"start":{"line":115,"column":2},"end":{"line":115,"column":7}},"loc":{"start":{"line":115,"column":54},"end":{"line":121,"column":3}}},"5":{"name":"(anonymous_7)","decl":{"start":{"line":123,"column":2},"end":{"line":123,"column":7}},"loc":{"start":{"line":123,"column":38},"end":{"line":133,"column":3}}},"6":{"name":"(anonymous_8)","decl":{"start":{"line":135,"column":2},"end":{"line":135,"column":7}},"loc":{"start":{"line":135,"column":39},"end":{"line":147,"column":3}}},"7":{"name":"(anonymous_9)","decl":{"start":{"line":149,"column":2},"end":{"line":149,"column":7}},"loc":{"start":{"line":149,"column":37},"end":{"line":157,"column":3}}},"8":{"name":"(anonymous_10)","decl":{"start":{"line":159,"column":2},"end":{"line":159,"column":7}},"loc":{"start":{"line":159,"column":36},"end":{"line":162,"column":3}}},"9":{"name":"(anonymous_11)","decl":{"start":{"line":164,"column":10},"end":{"line":164,"column":15}},"loc":{"start":{"line":164,"column":50},"end":{"line":225,"column":3}}},"10":{"name":"(anonymous_12)","decl":{"start":{"line":227,"column":10},"end":{"line":227,"column":25}},"loc":{"start":{"line":227,"column":42},"end":{"line":251,"column":3}}},"11":{"name":"(anonymous_13)","decl":{"start":{"line":253,"column":2},"end":{"line":253,"column":9}},"loc":{"start":{"line":253,"column":9},"end":{"line":253,"column":43}}}},"branchMap":{"0":{"loc":{"start":{"line":66,"column":41},"end":{"line":66,"column":97}},"type":"binary-expr","locations":[{"start":{"line":66,"column":41},"end":{"line":66,"column":69}},{"start":{"line":66,"column":73},"end":{"line":66,"column":97}}]},"1":{"loc":{"start":{"line":81,"column":18},"end":{"line":81,"column":33}},"type":"default-arg","locations":[{"start":{"line":81,"column":29},"end":{"line":81,"column":33}}]},"2":{"loc":{"start":{"line":85,"column":4},"end":{"line":85,"column":74}},"type":"if","locations":[{"start":{"line":85,"column":4},"end":{"line":85,"column":74}},{"start":{},"end":{}}]},"3":{"loc":{"start":{"line":85,"column":8},"end":{"line":85,"column":50}},"type":"binary-expr","locations":[{"start":{"line":85,"column":8},"end":{"line":85,"column":17}},{"start":{"line":85,"column":21},"end":{"line":85,"column":50}}]},"4":{"loc":{"start":{"line":88,"column":6},"end":{"line":95,"column":7}},"type":"if","locations":[{"start":{"line":88,"column":6},"end":{"line":95,"column":7}},{"start":{},"end":{}}]},"5":{"loc":{"start":{"line":90,"column":8},"end":{"line":94,"column":9}},"type":"if","locations":[{"start":{"line":90,"column":8},"end":{"line":94,"column":9}},{"start":{},"end":{}}]},"6":{"loc":{"start":{"line":101,"column":6},"end":{"line":101,"column":99}},"type":"if","locations":[{"start":{"line":101,"column":6},"end":{"line":101,"column":99}},{"start":{},"end":{}}]},"7":{"loc":{"start":{"line":108,"column":23},"end":{"line":108,"column":38}},"type":"default-arg","locations":[{"start":{"line":108,"column":34},"end":{"line":108,"column":38}}]},"8":{"loc":{"start":{"line":110,"column":10},"end":{"line":110,"column":83}},"type":"if","locations":[{"start":{"line":110,"column":10},"end":{"line":110,"column":83}},{"start":{},"end":{}}]},"9":{"loc":{"start":{"line":115,"column":39},"end":{"line":115,"column":54}},"type":"default-arg","locations":[{"start":{"line":115,"column":50},"end":{"line":115,"column":54}}]},"10":{"loc":{"start":{"line":117,"column":4},"end":{"line":117,"column":76}},"type":"if","locations":[{"start":{"line":117,"column":4},"end":{"line":117,"column":76}},{"start":{},"end":{}}]},"11":{"loc":{"start":{"line":118,"column":4},"end":{"line":118,"column":60}},"type":"if","locations":[{"start":{"line":118,"column":4},"end":{"line":118,"column":60}},{"start":{},"end":{}}]},"12":{"loc":{"start":{"line":119,"column":4},"end":{"line":119,"column":60}},"type":"if","locations":[{"start":{"line":119,"column":4},"end":{"line":119,"column":60}},{"start":{},"end":{}}]},"13":{"loc":{"start":{"line":123,"column":23},"end":{"line":123,"column":38}},"type":"default-arg","locations":[{"start":{"line":123,"column":34},"end":{"line":123,"column":38}}]},"14":{"loc":{"start":{"line":135,"column":24},"end":{"line":135,"column":39}},"type":"default-arg","locations":[{"start":{"line":135,"column":35},"end":{"line":135,"column":39}}]},"15":{"loc":{"start":{"line":149,"column":22},"end":{"line":149,"column":37}},"type":"default-arg","locations":[{"start":{"line":149,"column":33},"end":{"line":149,"column":37}}]},"16":{"loc":{"start":{"line":159,"column":21},"end":{"line":159,"column":36}},"type":"default-arg","locations":[{"start":{"line":159,"column":32},"end":{"line":159,"column":36}}]},"17":{"loc":{"start":{"line":175,"column":6},"end":{"line":175,"column":71}},"type":"if","locations":[{"start":{"line":175,"column":6},"end":{"line":175,"column":71}},{"start":{},"end":{}}]},"18":{"loc":{"start":{"line":178,"column":18},"end":{"line":178,"column":46}},"type":"binary-expr","locations":[{"start":{"line":178,"column":18},"end":{"line":178,"column":33}},{"start":{"line":178,"column":44},"end":{"line":178,"column":46}}]},"19":{"loc":{"start":{"line":179,"column":18},"end":{"line":179,"column":46}},"type":"binary-expr","locations":[{"start":{"line":179,"column":18},"end":{"line":179,"column":39}},{"start":{"line":179,"column":44},"end":{"line":179,"column":46}}]},"20":{"loc":{"start":{"line":180,"column":18},"end":{"line":180,"column":46}},"type":"binary-expr","locations":[{"start":{"line":180,"column":18},"end":{"line":180,"column":34}},{"start":{"line":180,"column":44},"end":{"line":180,"column":46}}]},"21":{"loc":{"start":{"line":181,"column":18},"end":{"line":181,"column":46}},"type":"binary-expr","locations":[{"start":{"line":181,"column":18},"end":{"line":181,"column":36}},{"start":{"line":181,"column":44},"end":{"line":181,"column":46}}]},"22":{"loc":{"start":{"line":188,"column":32},"end":{"line":188,"column":64}},"type":"binary-expr","locations":[{"start":{"line":188,"column":32},"end":{"line":188,"column":58}},{"start":{"line":188,"column":62},"end":{"line":188,"column":64}}]},"23":{"loc":{"start":{"line":189,"column":36},"end":{"line":189,"column":74}},"type":"binary-expr","locations":[{"start":{"line":189,"column":36},"end":{"line":189,"column":68}},{"start":{"line":189,"column":72},"end":{"line":189,"column":74}}]},"24":{"loc":{"start":{"line":190,"column":36},"end":{"line":190,"column":74}},"type":"binary-expr","locations":[{"start":{"line":190,"column":36},"end":{"line":190,"column":68}},{"start":{"line":190,"column":72},"end":{"line":190,"column":74}}]},"25":{"loc":{"start":{"line":191,"column":36},"end":{"line":191,"column":81}},"type":"binary-expr","locations":[{"start":{"line":191,"column":36},"end":{"line":191,"column":74}},{"start":{"line":191,"column":78},"end":{"line":191,"column":81}}]},"26":{"loc":{"start":{"line":192,"column":36},"end":{"line":192,"column":85}},"type":"binary-expr","locations":[{"start":{"line":192,"column":36},"end":{"line":192,"column":80}},{"start":{"line":192,"column":84},"end":{"line":192,"column":85}}]},"27":{"loc":{"start":{"line":193,"column":34},"end":{"line":193,"column":59}},"type":"binary-expr","locations":[{"start":{"line":193,"column":34},"end":{"line":193,"column":52}},{"start":{"line":193,"column":56},"end":{"line":193,"column":59}}]},"28":{"loc":{"start":{"line":194,"column":34},"end":{"line":194,"column":63}},"type":"binary-expr","locations":[{"start":{"line":194,"column":34},"end":{"line":194,"column":52}},{"start":{"line":194,"column":56},"end":{"line":194,"column":63}}]},"29":{"loc":{"start":{"line":195,"column":34},"end":{"line":195,"column":59}},"type":"binary-expr","locations":[{"start":{"line":195,"column":34},"end":{"line":195,"column":54}},{"start":{"line":195,"column":58},"end":{"line":195,"column":59}}]},"30":{"loc":{"start":{"line":196,"column":34},"end":{"line":196,"column":66}},"type":"binary-expr","locations":[{"start":{"line":196,"column":34},"end":{"line":196,"column":61}},{"start":{"line":196,"column":65},"end":{"line":196,"column":66}}]},"31":{"loc":{"start":{"line":197,"column":34},"end":{"line":197,"column":63}},"type":"binary-expr","locations":[{"start":{"line":197,"column":34},"end":{"line":197,"column":57}},{"start":{"line":197,"column":61},"end":{"line":197,"column":63}}]},"32":{"loc":{"start":{"line":198,"column":38},"end":{"line":198,"column":74}},"type":"binary-expr","locations":[{"start":{"line":198,"column":38},"end":{"line":198,"column":69}},{"start":{"line":198,"column":73},"end":{"line":198,"column":74}}]},"33":{"loc":{"start":{"line":199,"column":38},"end":{"line":199,"column":74}},"type":"binary-expr","locations":[{"start":{"line":199,"column":38},"end":{"line":199,"column":69}},{"start":{"line":199,"column":73},"end":{"line":199,"column":74}}]},"34":{"loc":{"start":{"line":200,"column":38},"end":{"line":200,"column":70}},"type":"binary-expr","locations":[{"start":{"line":200,"column":38},"end":{"line":200,"column":65}},{"start":{"line":200,"column":69},"end":{"line":200,"column":70}}]},"35":{"loc":{"start":{"line":201,"column":34},"end":{"line":201,"column":59}},"type":"binary-expr","locations":[{"start":{"line":201,"column":34},"end":{"line":201,"column":53}},{"start":{"line":201,"column":57},"end":{"line":201,"column":59}}]},"36":{"loc":{"start":{"line":202,"column":34},"end":{"line":202,"column":64}},"type":"binary-expr","locations":[{"start":{"line":202,"column":34},"end":{"line":202,"column":58}},{"start":{"line":202,"column":62},"end":{"line":202,"column":64}}]},"37":{"loc":{"start":{"line":203,"column":34},"end":{"line":203,"column":57}},"type":"binary-expr","locations":[{"start":{"line":203,"column":34},"end":{"line":203,"column":52}},{"start":{"line":203,"column":56},"end":{"line":203,"column":57}}]},"38":{"loc":{"start":{"line":204,"column":34},"end":{"line":204,"column":61}},"type":"binary-expr","locations":[{"start":{"line":204,"column":34},"end":{"line":204,"column":55}},{"start":{"line":204,"column":59},"end":{"line":204,"column":61}}]},"39":{"loc":{"start":{"line":205,"column":34},"end":{"line":205,"column":69}},"type":"binary-expr","locations":[{"start":{"line":205,"column":34},"end":{"line":205,"column":59}},{"start":{"line":205,"column":63},"end":{"line":205,"column":69}}]},"40":{"loc":{"start":{"line":206,"column":34},"end":{"line":206,"column":66}},"type":"binary-expr","locations":[{"start":{"line":206,"column":34},"end":{"line":206,"column":56}},{"start":{"line":206,"column":60},"end":{"line":206,"column":66}}]},"41":{"loc":{"start":{"line":207,"column":33},"end":{"line":207,"column":60}},"type":"binary-expr","locations":[{"start":{"line":207,"column":33},"end":{"line":207,"column":51}},{"start":{"line":207,"column":55},"end":{"line":207,"column":60}}]},"42":{"loc":{"start":{"line":208,"column":33},"end":{"line":208,"column":70}},"type":"binary-expr","locations":[{"start":{"line":208,"column":33},"end":{"line":208,"column":47}},{"start":{"line":208,"column":51},"end":{"line":208,"column":70}}]},"43":{"loc":{"start":{"line":209,"column":33},"end":{"line":209,"column":59}},"type":"binary-expr","locations":[{"start":{"line":209,"column":33},"end":{"line":209,"column":53}},{"start":{"line":209,"column":57},"end":{"line":209,"column":59}}]},"44":{"loc":{"start":{"line":210,"column":33},"end":{"line":210,"column":60}},"type":"binary-expr","locations":[{"start":{"line":210,"column":33},"end":{"line":210,"column":51}},{"start":{"line":210,"column":55},"end":{"line":210,"column":60}}]},"45":{"loc":{"start":{"line":211,"column":33},"end":{"line":211,"column":66}},"type":"binary-expr","locations":[{"start":{"line":211,"column":33},"end":{"line":211,"column":43}},{"start":{"line":211,"column":47},"end":{"line":211,"column":66}}]},"46":{"loc":{"start":{"line":212,"column":33},"end":{"line":212,"column":60}},"type":"binary-expr","locations":[{"start":{"line":212,"column":33},"end":{"line":212,"column":54}},{"start":{"line":212,"column":58},"end":{"line":212,"column":60}}]},"47":{"loc":{"start":{"line":213,"column":29},"end":{"line":213,"column":57}},"type":"binary-expr","locations":[{"start":{"line":213,"column":29},"end":{"line":213,"column":51}},{"start":{"line":213,"column":55},"end":{"line":213,"column":57}}]},"48":{"loc":{"start":{"line":214,"column":29},"end":{"line":214,"column":57}},"type":"binary-expr","locations":[{"start":{"line":214,"column":29},"end":{"line":214,"column":51}},{"start":{"line":214,"column":55},"end":{"line":214,"column":57}}]},"49":{"loc":{"start":{"line":215,"column":29},"end":{"line":215,"column":57}},"type":"binary-expr","locations":[{"start":{"line":215,"column":29},"end":{"line":215,"column":51}},{"start":{"line":215,"column":55},"end":{"line":215,"column":57}}]},"50":{"loc":{"start":{"line":216,"column":29},"end":{"line":216,"column":54}},"type":"binary-expr","locations":[{"start":{"line":216,"column":29},"end":{"line":216,"column":46}},{"start":{"line":216,"column":50},"end":{"line":216,"column":54}}]}},"s":{"0":0,"1":0,"2":0,"3":0,"4":0,"5":0,"6":0,"7":0,"8":0,"9":0,"10":0,"11":0,"12":0,"13":0,"14":0,"15":0,"16":0,"17":0,"18":0,"19":0,"20":0,"21":0,"22":0,"23":0,"24":0,"25":0,"26":0,"27":0,"28":0,"29":0,"30":0,"31":0,"32":0,"33":0,"34":0,"35":0,"36":0,"37":0,"38":0,"39":0,"40":0,"41":0,"42":0,"43":0,"44":0,"45":0,"46":0,"47":0,"48":0,"49":0,"50":0,"51":0,"52":0,"53":0,"54":0,"55":0,"56":0,"57":0,"58":0,"59":0,"60":0,"61":0,"62":0,"63":0,"64":0,"65":0,"66":0,"67":0,"68":0,"69":0,"70":0,"71":0,"72":0,"73":0,"74":0,"75":0,"76":0,"77":0,"78":0,"79":0},"f":{"0":0,"1":0,"2":0,"3":0,"4":0,"5":0,"6":0,"7":0,"8":0,"9":0,"10":0,"11":0},"b":{"0":[0,0],"1":[0],"2":[0,0],"3":[0,0],"4":[0,0],"5":[0,0],"6":[0,0],"7":[0],"8":[0,0],"9":[0],"10":[0,0],"11":[0,0],"12":[0,0],"13":[0],"14":[0],"15":[0],"16":[0],"17":[0,0],"18":[0,0],"19":[0,0],"20":[0,0],"21":[0,0],"22":[0,0],"23":[0,0],"24":[0,0],"25":[0,0],"26":[0,0],"27":[0,0],"28":[0,0],"29":[0,0],"30":[0,0],"31":[0,0],"32":[0,0],"33":[0,0],"34":[0,0],"35":[0,0],"36":[0,0],"37":[0,0],"38":[0,0],"39":[0,0],"40":[0,0],"41":[0,0],"42":[0,0],"43":[0,0],"44":[0,0],"45":[0,0],"46":[0,0],"47":[0,0],"48":[0,0],"49":[0,0],"50":[0,0]}}
,"C:\\Users\\NAJO\\yira-api\\src\\database\\database.module.ts": {"path":"C:\\Users\\NAJO\\yira-api\\src\\database\\database.module.ts","statementMap":{"0":{"start":{"line":1,"column":1},"end":{"line":1,"column":71}},"1":{"start":{"line":2,"column":0},"end":{"line":2,"column":47}},"2":{"start":{"line":3,"column":0},"end":{"line":3,"column":78}},"3":{"start":{"line":4,"column":0},"end":{"line":4,"column":85}},"4":{"start":{"line":5,"column":0},"end":{"line":5,"column":78}},"5":{"start":{"line":6,"column":0},"end":{"line":6,"column":79}},"6":{"start":{"line":7,"column":0},"end":{"line":7,"column":77}},"7":{"start":{"line":12,"column":4},"end":{"line":12,"column":77}},"8":{"start":{"line":10,"column":19},"end":{"line":10,"column":53}},"9":{"start":{"line":14,"column":25},"end":{"line":14,"column":47}},"10":{"start":{"line":14,"column":48},"end":{"line":14,"column":87}},"11":{"start":{"line":9,"column":0},"end":{"line":9,"column":13}},"12":{"start":{"line":20,"column":4},"end":{"line":20,"column":84}},"13":{"start":{"line":18,"column":19},"end":{"line":18,"column":60}},"14":{"start":{"line":22,"column":25},"end":{"line":22,"column":47}},"15":{"start":{"line":22,"column":48},"end":{"line":22,"column":94}},"16":{"start":{"line":17,"column":0},"end":{"line":17,"column":13}},"17":{"start":{"line":28,"column":4},"end":{"line":28,"column":77}},"18":{"start":{"line":26,"column":19},"end":{"line":26,"column":53}},"19":{"start":{"line":30,"column":25},"end":{"line":30,"column":47}},"20":{"start":{"line":30,"column":48},"end":{"line":30,"column":87}},"21":{"start":{"line":25,"column":0},"end":{"line":25,"column":13}},"22":{"start":{"line":36,"column":4},"end":{"line":36,"column":78}},"23":{"start":{"line":34,"column":19},"end":{"line":34,"column":54}},"24":{"start":{"line":38,"column":25},"end":{"line":38,"column":47}},"25":{"start":{"line":38,"column":48},"end":{"line":38,"column":88}},"26":{"start":{"line":33,"column":0},"end":{"line":33,"column":13}},"27":{"start":{"line":44,"column":4},"end":{"line":44,"column":76}},"28":{"start":{"line":42,"column":19},"end":{"line":42,"column":52}},"29":{"start":{"line":46,"column":25},"end":{"line":46,"column":47}},"30":{"start":{"line":46,"column":48},"end":{"line":46,"column":86}},"31":{"start":{"line":41,"column":0},"end":{"line":41,"column":13}},"32":{"start":{"line":49,"column":13},"end":{"line":49,"column":48}},"33":{"start":{"line":50,"column":13},"end":{"line":50,"column":55}},"34":{"start":{"line":51,"column":13},"end":{"line":51,"column":48}},"35":{"start":{"line":52,"column":13},"end":{"line":52,"column":49}},"36":{"start":{"line":53,"column":13},"end":{"line":53,"column":47}},"37":{"start":{"line":66,"column":7},"end":{"line":66,"column":null}},"38":{"start":{"line":66,"column":13},"end":{"line":66,"column":27}},"39":{"start":{"line":66,"column":13},"end":{"line":66,"column":null}},"40":{"start":{"line":58,"column":94},"end":{"line":58,"column":118}},"41":{"start":{"line":59,"column":94},"end":{"line":59,"column":125}},"42":{"start":{"line":60,"column":94},"end":{"line":60,"column":118}},"43":{"start":{"line":61,"column":94},"end":{"line":61,"column":119}},"44":{"start":{"line":62,"column":94},"end":{"line":62,"column":117}}},"fnMap":{"0":{"name":"(anonymous_1)","decl":{"start":{"line":11,"column":2},"end":{"line":11,"column":14}},"loc":{"start":{"line":11,"column":35},"end":{"line":13,"column":3}}},"1":{"name":"(anonymous_2)","decl":{"start":{"line":14,"column":2},"end":{"line":14,"column":7}},"loc":{"start":{"line":14,"column":20},"end":{"line":14,"column":89}}},"2":{"name":"(anonymous_3)","decl":{"start":{"line":19,"column":2},"end":{"line":19,"column":14}},"loc":{"start":{"line":19,"column":35},"end":{"line":21,"column":3}}},"3":{"name":"(anonymous_4)","decl":{"start":{"line":22,"column":2},"end":{"line":22,"column":7}},"loc":{"start":{"line":22,"column":20},"end":{"line":22,"column":96}}},"4":{"name":"(anonymous_5)","decl":{"start":{"line":27,"column":2},"end":{"line":27,"column":14}},"loc":{"start":{"line":27,"column":35},"end":{"line":29,"column":3}}},"5":{"name":"(anonymous_6)","decl":{"start":{"line":30,"column":2},"end":{"line":30,"column":7}},"loc":{"start":{"line":30,"column":20},"end":{"line":30,"column":89}}},"6":{"name":"(anonymous_7)","decl":{"start":{"line":35,"column":2},"end":{"line":35,"column":14}},"loc":{"start":{"line":35,"column":35},"end":{"line":37,"column":3}}},"7":{"name":"(anonymous_8)","decl":{"start":{"line":38,"column":2},"end":{"line":38,"column":7}},"loc":{"start":{"line":38,"column":20},"end":{"line":38,"column":90}}},"8":{"name":"(anonymous_9)","decl":{"start":{"line":43,"column":2},"end":{"line":43,"column":14}},"loc":{"start":{"line":43,"column":35},"end":{"line":45,"column":3}}},"9":{"name":"(anonymous_10)","decl":{"start":{"line":46,"column":2},"end":{"line":46,"column":7}},"loc":{"start":{"line":46,"column":20},"end":{"line":46,"column":88}}},"10":{"name":"(anonymous_11)","decl":{"start":{"line":58,"column":72},"end":{"line":58,"column":73}},"loc":{"start":{"line":58,"column":94},"end":{"line":58,"column":118}}},"11":{"name":"(anonymous_12)","decl":{"start":{"line":59,"column":72},"end":{"line":59,"column":73}},"loc":{"start":{"line":59,"column":94},"end":{"line":59,"column":125}}},"12":{"name":"(anonymous_13)","decl":{"start":{"line":60,"column":72},"end":{"line":60,"column":73}},"loc":{"start":{"line":60,"column":94},"end":{"line":60,"column":118}}},"13":{"name":"(anonymous_14)","decl":{"start":{"line":61,"column":72},"end":{"line":61,"column":73}},"loc":{"start":{"line":61,"column":94},"end":{"line":61,"column":119}}},"14":{"name":"(anonymous_15)","decl":{"start":{"line":62,"column":72},"end":{"line":62,"column":73}},"loc":{"start":{"line":62,"column":94},"end":{"line":62,"column":117}}}},"branchMap":{},"s":{"0":0,"1":0,"2":0,"3":0,"4":0,"5":0,"6":0,"7":0,"8":0,"9":0,"10":0,"11":0,"12":0,"13":0,"14":0,"15":0,"16":0,"17":0,"18":0,"19":0,"20":0,"21":0,"22":0,"23":0,"24":0,"25":0,"26":0,"27":0,"28":0,"29":0,"30":0,"31":0,"32":0,"33":0,"34":0,"35":0,"36":0,"37":0,"38":0,"39":0,"40":0,"41":0,"42":0,"43":0,"44":0},"f":{"0":0,"1":0,"2":0,"3":0,"4":0,"5":0,"6":0,"7":0,"8":0,"9":0,"10":0,"11":0,"12":0,"13":0,"14":0},"b":{}}
,"C:\\Users\\NAJO\\yira-api\\src\\ia\\ia.controller.ts": {"path":"C:\\Users\\NAJO\\yira-api\\src\\ia\\ia.controller.ts","statementMap":{"0":{"start":{"line":4,"column":0},"end":{"line":4,"column":61}},"1":{"start":{"line":5,"column":0},"end":{"line":5,"column":44}},"2":{"start":{"line":7,"column":0},"end":{"line":7,"column":50}},"3":{"start":{"line":10,"column":7},"end":{"line":31,"column":null}},"4":{"start":{"line":11,"column":22},"end":{"line":11,"column":33}},"5":{"start":{"line":16,"column":4},"end":{"line":23,"column":6}},"6":{"start":{"line":29,"column":4},"end":{"line":29,"column":42}},"7":{"start":{"line":10,"column":13},"end":{"line":10,"column":25}},"8":{"start":{"line":15,"column":2},"end":{"line":24,"column":null}},"9":{"start":{"line":28,"column":8},"end":{"line":30,"column":null}},"10":{"start":{"line":10,"column":13},"end":{"line":31,"column":null}}},"fnMap":{"0":{"name":"(anonymous_4)","decl":{"start":{"line":11,"column":2},"end":{"line":11,"column":22}},"loc":{"start":{"line":11,"column":42},"end":{"line":11,"column":46}}},"1":{"name":"(anonymous_5)","decl":{"start":{"line":15,"column":2},"end":{"line":15,"column":8}},"loc":{"start":{"line":15,"column":8},"end":{"line":24,"column":3}}},"2":{"name":"(anonymous_6)","decl":{"start":{"line":28,"column":8},"end":{"line":28,"column":14}},"loc":{"start":{"line":28,"column":37},"end":{"line":30,"column":3}}}},"branchMap":{},"s":{"0":0,"1":0,"2":0,"3":0,"4":0,"5":0,"6":0,"7":0,"8":0,"9":0,"10":0},"f":{"0":0,"1":0,"2":0},"b":{}}
,"C:\\Users\\NAJO\\yira-api\\src\\ia\\ia.module.ts": {"path":"C:\\Users\\NAJO\\yira-api\\src\\ia\\ia.module.ts","statementMap":{"0":{"start":{"line":4,"column":0},"end":{"line":4,"column":48}},"1":{"start":{"line":5,"column":0},"end":{"line":5,"column":46}},"2":{"start":{"line":6,"column":0},"end":{"line":6,"column":49}},"3":{"start":{"line":14,"column":7},"end":{"line":14,"column":null}},"4":{"start":{"line":14,"column":13},"end":{"line":14,"column":21}},"5":{"start":{"line":14,"column":13},"end":{"line":14,"column":null}}},"fnMap":{},"branchMap":{},"s":{"0":0,"1":0,"2":0,"3":0,"4":0,"5":0},"f":{},"b":{}}
,"C:\\Users\\NAJO\\yira-api\\src\\ia\\ia.service.ts": {"path":"C:\\Users\\NAJO\\yira-api\\src\\ia\\ia.service.ts","statementMap":{"0":{"start":{"line":4,"column":0},"end":{"line":4,"column":52}},"1":{"start":{"line":5,"column":0},"end":{"line":5,"column":52}},"2":{"start":{"line":6,"column":0},"end":{"line":6,"column":59}},"3":{"start":{"line":7,"column":0},"end":{"line":7,"column":55}},"4":{"start":{"line":28,"column":15},"end":{"line":32,"column":2}},"5":{"start":{"line":35,"column":22},"end":{"line":140,"column":null}},"6":{"start":{"line":40,"column":22},"end":{"line":40,"column":30}},"7":{"start":{"line":36,"column":19},"end":{"line":36,"column":55}},"8":{"start":{"line":41,"column":4},"end":{"line":41,"column":75}},"9":{"start":{"line":42,"column":4},"end":{"line":42,"column":81}},"10":{"start":{"line":46,"column":19},"end":{"line":46,"column":29}},"11":{"start":{"line":47,"column":19},"end":{"line":47,"column":68}},"12":{"start":{"line":48,"column":19},"end":{"line":48,"column":44}},"13":{"start":{"line":50,"column":4},"end":{"line":59,"column":5}},"14":{"start":{"line":51,"column":6},"end":{"line":58,"column":7}},"15":{"start":{"line":52,"column":21},"end":{"line":52,"column":64}},"16":{"start":{"line":53,"column":8},"end":{"line":55,"column":43}},"17":{"start":{"line":57,"column":8},"end":{"line":57,"column":77}},"18":{"start":{"line":61,"column":4},"end":{"line":69,"column":5}},"19":{"start":{"line":62,"column":19},"end":{"line":62,"column":62}},"20":{"start":{"line":63,"column":6},"end":{"line":65,"column":41}},"21":{"start":{"line":67,"column":6},"end":{"line":68,"column":61}},"22":{"start":{"line":73,"column":22},"end":{"line":73,"column":51}},"23":{"start":{"line":74,"column":18},"end":{"line":77,"column":6}},"24":{"start":{"line":78,"column":19},"end":{"line":82,"column":6}},"25":{"start":{"line":81,"column":8},"end":{"line":81,"column":70}},"26":{"start":{"line":81,"column":25},"end":{"line":81,"column":63}},"27":{"start":{"line":83,"column":4},"end":{"line":83,"column":43}},"28":{"start":{"line":87,"column":18},"end":{"line":88,"column":50}},"29":{"start":{"line":89,"column":16},"end":{"line":96,"column":6}},"30":{"start":{"line":95,"column":8},"end":{"line":95,"column":72}},"31":{"start":{"line":95,"column":25},"end":{"line":95,"column":64}},"32":{"start":{"line":97,"column":19},"end":{"line":97,"column":41}},"33":{"start":{"line":98,"column":4},"end":{"line":98,"column":51}},"34":{"start":{"line":102,"column":4},"end":{"line":103,"column":56}},"35":{"start":{"line":103,"column":40},"end":{"line":103,"column":56}},"36":{"start":{"line":104,"column":4},"end":{"line":104,"column":20}},"37":{"start":{"line":108,"column":54},"end":{"line":108,"column":59}},"38":{"start":{"line":109,"column":21},"end":{"line":110,"column":75}},"39":{"start":{"line":111,"column":21},"end":{"line":112,"column":90}},"40":{"start":{"line":113,"column":17},"end":{"line":113,"column":83}},"41":{"start":{"line":113,"column":59},"end":{"line":113,"column":71}},"42":{"start":{"line":114,"column":4},"end":{"line":119,"column":44}},"43":{"start":{"line":123,"column":4},"end":{"line":125,"column":28}},"44":{"start":{"line":124,"column":6},"end":{"line":124,"column":87}},"45":{"start":{"line":125,"column":14},"end":{"line":125,"column":26}},"46":{"start":{"line":129,"column":20},"end":{"line":129,"column":52}},"47":{"start":{"line":130,"column":4},"end":{"line":133,"column":14}},"48":{"start":{"line":131,"column":6},"end":{"line":131,"column":56}},"49":{"start":{"line":132,"column":6},"end":{"line":132,"column":28}},"50":{"start":{"line":134,"column":4},"end":{"line":137,"column":14}},"51":{"start":{"line":135,"column":6},"end":{"line":135,"column":57}},"52":{"start":{"line":136,"column":6},"end":{"line":136,"column":28}},"53":{"start":{"line":138,"column":4},"end":{"line":138,"column":19}},"54":{"start":{"line":35,"column":13},"end":{"line":35,"column":22}},"55":{"start":{"line":35,"column":13},"end":{"line":140,"column":null}}},"fnMap":{"0":{"name":"(anonymous_3)","decl":{"start":{"line":40,"column":2},"end":{"line":40,"column":22}},"loc":{"start":{"line":40,"column":43},"end":{"line":43,"column":3}}},"1":{"name":"(anonymous_4)","decl":{"start":{"line":45,"column":2},"end":{"line":45,"column":7}},"loc":{"start":{"line":45,"column":31},"end":{"line":70,"column":3}}},"2":{"name":"(anonymous_5)","decl":{"start":{"line":72,"column":10},"end":{"line":72,"column":15}},"loc":{"start":{"line":72,"column":57},"end":{"line":84,"column":3}}},"3":{"name":"(anonymous_6)","decl":{"start":{"line":80,"column":25},"end":{"line":80,"column":26}},"loc":{"start":{"line":81,"column":8},"end":{"line":81,"column":70}}},"4":{"name":"(anonymous_7)","decl":{"start":{"line":81,"column":19},"end":{"line":81,"column":22}},"loc":{"start":{"line":81,"column":25},"end":{"line":81,"column":63}}},"5":{"name":"(anonymous_8)","decl":{"start":{"line":86,"column":10},"end":{"line":86,"column":15}},"loc":{"start":{"line":86,"column":57},"end":{"line":99,"column":3}}},"6":{"name":"(anonymous_9)","decl":{"start":{"line":94,"column":25},"end":{"line":94,"column":26}},"loc":{"start":{"line":95,"column":8},"end":{"line":95,"column":72}}},"7":{"name":"(anonymous_10)","decl":{"start":{"line":95,"column":19},"end":{"line":95,"column":22}},"loc":{"start":{"line":95,"column":25},"end":{"line":95,"column":64}}},"8":{"name":"(anonymous_11)","decl":{"start":{"line":101,"column":10},"end":{"line":101,"column":23}},"loc":{"start":{"line":101,"column":38},"end":{"line":105,"column":3}}},"9":{"name":"(anonymous_12)","decl":{"start":{"line":107,"column":10},"end":{"line":107,"column":25}},"loc":{"start":{"line":107,"column":40},"end":{"line":120,"column":3}}},"10":{"name":"(anonymous_13)","decl":{"start":{"line":113,"column":47},"end":{"line":113,"column":48}},"loc":{"start":{"line":113,"column":59},"end":{"line":113,"column":71}}},"11":{"name":"(anonymous_14)","decl":{"start":{"line":122,"column":10},"end":{"line":122,"column":19}},"loc":{"start":{"line":122,"column":32},"end":{"line":126,"column":3}}},"12":{"name":"(anonymous_15)","decl":{"start":{"line":128,"column":2},"end":{"line":128,"column":7}},"loc":{"start":{"line":128,"column":23},"end":{"line":139,"column":3}}}},"branchMap":{"0":{"loc":{"start":{"line":47,"column":19},"end":{"line":47,"column":68}},"type":"binary-expr","locations":[{"start":{"line":47,"column":19},"end":{"line":47,"column":37}},{"start":{"line":47,"column":41},"end":{"line":47,"column":68}}]},"1":{"loc":{"start":{"line":50,"column":4},"end":{"line":59,"column":5}},"type":"if","locations":[{"start":{"line":50,"column":4},"end":{"line":59,"column":5}},{"start":{},"end":{}}]},"2":{"loc":{"start":{"line":73,"column":22},"end":{"line":73,"column":51}},"type":"cond-expr","locations":[{"start":{"line":73,"column":41},"end":{"line":73,"column":44}},{"start":{"line":73,"column":47},"end":{"line":73,"column":51}}]},"3":{"loc":{"start":{"line":87,"column":18},"end":{"line":88,"column":50}},"type":"cond-expr","locations":[{"start":{"line":88,"column":8},"end":{"line":88,"column":28}},{"start":{"line":88,"column":31},"end":{"line":88,"column":50}}]},"4":{"loc":{"start":{"line":87,"column":18},"end":{"line":87,"column":68}},"type":"binary-expr","locations":[{"start":{"line":87,"column":18},"end":{"line":87,"column":39}},{"start":{"line":87,"column":43},"end":{"line":87,"column":68}}]},"5":{"loc":{"start":{"line":98,"column":11},"end":{"line":98,"column":50}},"type":"cond-expr","locations":[{"start":{"line":98,"column":35},"end":{"line":98,"column":45}},{"start":{"line":98,"column":48},"end":{"line":98,"column":50}}]},"6":{"loc":{"start":{"line":102,"column":4},"end":{"line":103,"column":56}},"type":"if","locations":[{"start":{"line":102,"column":4},"end":{"line":103,"column":56}},{"start":{},"end":{}}]},"7":{"loc":{"start":{"line":102,"column":8},"end":{"line":103,"column":38}},"type":"binary-expr","locations":[{"start":{"line":102,"column":8},"end":{"line":102,"column":35}},{"start":{"line":102,"column":39},"end":{"line":102,"column":70}},{"start":{"line":103,"column":9},"end":{"line":103,"column":38}}]},"8":{"loc":{"start":{"line":109,"column":21},"end":{"line":110,"column":75}},"type":"cond-expr","locations":[{"start":{"line":110,"column":8},"end":{"line":110,"column":70}},{"start":{"line":110,"column":73},"end":{"line":110,"column":75}}]},"9":{"loc":{"start":{"line":111,"column":21},"end":{"line":112,"column":90}},"type":"cond-expr","locations":[{"start":{"line":112,"column":8},"end":{"line":112,"column":66}},{"start":{"line":112,"column":69},"end":{"line":112,"column":90}}]}},"s":{"0":0,"1":0,"2":0,"3":0,"4":0,"5":0,"6":0,"7":0,"8":0,"9":0,"10":0,"11":0,"12":0,"13":0,"14":0,"15":0,"16":0,"17":0,"18":0,"19":0,"20":0,"21":0,"22":0,"23":0,"24":0,"25":0,"26":0,"27":0,"28":0,"29":0,"30":0,"31":0,"32":0,"33":0,"34":0,"35":0,"36":0,"37":0,"38":0,"39":0,"40":0,"41":0,"42":0,"43":0,"44":0,"45":0,"46":0,"47":0,"48":0,"49":0,"50":0,"51":0,"52":0,"53":0,"54":0,"55":0},"f":{"0":0,"1":0,"2":0,"3":0,"4":0,"5":0,"6":0,"7":0,"8":0,"9":0,"10":0,"11":0,"12":0},"b":{"0":[0,0],"1":[0,0],"2":[0,0],"3":[0,0],"4":[0,0],"5":[0,0],"6":[0,0],"7":[0,0,0],"8":[0,0],"9":[0,0]}}
[...]
,"C:\\Users\\NAJO\\yira-api\\src\\modules\\veille\\veille.module.ts": {"path":"C:\\Users\\NAJO\\yira-api\\src\\modules\\veille\\veille.module.ts","statementMap":{"0":{"start":{"line":1,"column":0},"end":{"line":1,"column":40}},"1":{"start":{"line":2,"column":0},"end":{"line":2,"column":46}},"2":{"start":{"line":3,"column":0},"end":{"line":3,"column":63}},"3":{"start":{"line":4,"column":0},"end":{"line":4,"column":69}},"4":{"start":{"line":5,"column":0},"end":{"line":5,"column":58}},"5":{"start":{"line":13,"column":7},"end":{"line":13,"column":null}},"6":{"start":{"line":13,"column":13},"end":{"line":13,"column":25}},"7":{"start":{"line":13,"column":13},"end":{"line":13,"column":null}}},"fnMap":{},"branchMap":{},"s":{"0":0,"1":0,"2":0,"3":0,"4":0,"5":0,"6":0,"7":0},"f":{},"b":{}}
,"C:\\Users\\NAJO\\yira-api\\src\\observability\\observability.controller.ts": {"path":"C:\\Users\\NAJO\\yira-api\\src\\observability\\observability.controller.ts","statementMap":{"0":{"start":{"line":1,"column":0},"end":{"line":1,"column":57}},"1":{"start":{"line":2,"column":0},"end":{"line":2,"column":56}},"2":{"start":{"line":3,"column":0},"end":{"line":3,"column":55}},"3":{"start":{"line":4,"column":0},"end":{"line":4,"column":44}},"4":{"start":{"line":8,"column":7},"end":{"line":31,"column":null}},"5":{"start":{"line":9,"column":22},"end":{"line":9,"column":33}},"6":{"start":{"line":15,"column":4},"end":{"line":15,"column":38}},"7":{"start":{"line":23,"column":4},"end":{"line":23,"column":51}},"8":{"start":{"line":29,"column":4},"end":{"line":29,"column":110}},"9":{"start":{"line":8,"column":13},"end":{"line":8,"column":36}},"10":{"start":{"line":14,"column":2},"end":{"line":16,"column":null}},"11":{"start":{"line":22,"column":2},"end":{"line":24,"column":null}},"12":{"start":{"line":28,"column":2},"end":{"line":30,"column":null}},"13":{"start":{"line":8,"column":13},"end":{"line":31,"column":null}}},"fnMap":{"0":{"name":"(anonymous_2)","decl":{"start":{"line":9,"column":2},"end":{"line":9,"column":22}},"loc":{"start":{"line":9,"column":49},"end":{"line":9,"column":53}}},"1":{"name":"(anonymous_3)","decl":{"start":{"line":14,"column":2},"end":{"line":14,"column":8}},"loc":{"start":{"line":14,"column":8},"end":{"line":16,"column":3}}},"2":{"name":"(anonymous_4)","decl":{"start":{"line":22,"column":2},"end":{"line":22,"column":9}},"loc":{"start":{"line":22,"column":9},"end":{"line":24,"column":3}}},"3":{"name":"(anonymous_5)","decl":{"start":{"line":28,"column":2},"end":{"line":28,"column":6}},"loc":{"start":{"line":28,"column":6},"end":{"line":30,"column":3}}}},"branchMap":{},"s":{"0":0,"1":0,"2":0,"3":0,"4":0,"5":0,"6":0,"7":0,"8":0,"9":0,"10":0,"11":0,"12":0,"13":0},"f":{"0":0,"1":0,"2":0,"3":0},"b":{}}
,"C:\\Users\\NAJO\\yira-api\\src\\observability\\observability.module.ts": {"path":"C:\\Users\\NAJO\\yira-api\\src\\observability\\observability.module.ts","statementMap":{"0":{"start":{"line":1,"column":0},"end":{"line":1,"column":48}},"1":{"start":{"line":2,"column":0},"end":{"line":2,"column":55}},"2":{"start":{"line":3,"column":0},"end":{"line":3,"column":69}},"3":{"start":{"line":11,"column":7},"end":{"line":11,"column":null}},"4":{"start":{"line":11,"column":13},"end":{"line":11,"column":32}},"5":{"start":{"line":11,"column":13},"end":{"line":11,"column":null}}},"fnMap":{},"branchMap":{},"s":{"0":0,"1":0,"2":0,"3":0,"4":0,"5":0},"f":{},"b":{}}
,"C:\\Users\\NAJO\\yira-api\\src\\observability\\telemetry.service.ts": {"path":"C:\\Users\\NAJO\\yira-api\\src\\observability\\telemetry.service.ts","statementMap":{"0":{"start":{"line":6,"column":0},"end":{"line":6,"column":66}},"1":{"start":{"line":9,"column":29},"end":{"line":122,"column":null}},"2":{"start":{"line":10,"column":19},"end":{"line":10,"column":62}},"3":{"start":{"line":11,"column":10},"end":{"line":11,"column":53}},"4":{"start":{"line":12,"column":10},"end":{"line":12,"column":55}},"5":{"start":{"line":15,"column":22},"end":{"line":22,"column":6}},"6":{"start":{"line":23,"column":4},"end":{"line":23,"column":53}},"7":{"start":{"line":23,"column":27},"end":{"line":23,"column":51}},"8":{"start":{"line":24,"column":4},"end":{"line":24,"column":32}},"9":{"start":{"line":25,"column":4},"end":{"line":25,"column":32}},"10":{"start":{"line":26,"column":4},"end":{"line":26,"column":119}},"11":{"start":{"line":30,"column":4},"end":{"line":30,"column":96}},"12":{"start":{"line":34,"column":4},"end":{"line":34,"column":114}},"13":{"start":{"line":38,"column":4},"end":{"line":38,"column":118}},"14":{"start":{"line":42,"column":4},"end":{"line":42,"column":116}},"15":{"start":{"line":46,"column":4},"end":{"line":46,"column":116}},"16":{"start":{"line":50,"column":4},"end":{"line":50,"column":110}},"17":{"start":{"line":54,"column":16},"end":{"line":54,"column":45}},"18":{"start":{"line":55,"column":4},"end":{"line":55,"column":17}},"19":{"start":{"line":56,"column":4},"end":{"line":56,"column":39}},"20":{"start":{"line":56,"column":27},"end":{"line":56,"column":39}},"21":{"start":{"line":57,"column":4},"end":{"line":57,"column":33}},"22":{"start":{"line":61,"column":16},"end":{"line":61,"column":45}},"23":{"start":{"line":62,"column":4},"end":{"line":62,"column":17}},"24":{"start":{"line":63,"column":4},"end":{"line":63,"column":39}},"25":{"start":{"line":63,"column":27},"end":{"line":63,"column":39}},"26":{"start":{"line":64,"column":4},"end":{"line":64,"column":33}},"27":{"start":{"line":68,"column":4},"end":{"line":68,"column":35}},"28":{"start":{"line":68,"column":26},"end":{"line":68,"column":35}},"29":{"start":{"line":69,"column":19},"end":{"line":69,"column":49}},"30":{"start":{"line":69,"column":43},"end":{"line":69,"column":48}},"31":{"start":{"line":70,"column":19},"end":{"line":70,"column":59}},"32":{"start":{"line":71,"column":4},"end":{"line":71,"column":36}},"33":{"start":{"line":75,"column":18},"end":{"line":75,"column":47}},"34":{"start":{"line":76,"column":18},"end":{"line":76,"column":47}},"35":{"start":{"line":77,"column":4},"end":{"line":97,"column":6}},"36":{"start":{"line":101,"column":28},"end":{"line":105,"column":6}},"37":{"start":{"line":106,"column":4},"end":{"line":110,"column":5}},"38":{"start":{"line":107,"column":6},"end":{"line":107,"column":60}},"39":{"start":{"line":108,"column":6},"end":{"line":108,"column":47}},"40":{"start":{"line":109,"column":6},"end":{"line":109,"column":47}},"41":{"start":{"line":111,"column":4},"end":{"line":111,"column":67}},"42":{"start":{"line":112,"column":4},"end":{"line":112,"column":51}},"43":{"start":{"line":113,"column":4},"end":{"line":113,"column":56}},"44":{"start":{"line":114,"column":18},"end":{"line":114,"column":47}},"45":{"start":{"line":115,"column":4},"end":{"line":119,"column":5}},"46":{"start":{"line":116,"column":6},"end":{"line":116,"column":65}},"47":{"start":{"line":117,"column":6},"end":{"line":117,"column":53}},"48":{"start":{"line":118,"column":6},"end":{"line":118,"column":70}},"49":{"start":{"line":120,"column":4},"end":{"line":120,"column":28}},"50":{"start":{"line":9,"column":13},"end":{"line":9,"column":29}},"51":{"start":{"line":9,"column":13},"end":{"line":122,"column":null}}},"fnMap":{"0":{"name":"(anonymous_1)","decl":{"start":{"line":9,"column":7},"end":{"line":9,"column":13}},"loc":{"start":{"line":9,"column":7},"end":{"line":122,"column":1}}},"1":{"name":"(anonymous_2)","decl":{"start":{"line":14,"column":2},"end":{"line":14,"column":7}},"loc":{"start":{"line":14,"column":20},"end":{"line":27,"column":3}}},"2":{"name":"(anonymous_3)","decl":{"start":{"line":23,"column":22},"end":{"line":23,"column":23}},"loc":{"start":{"line":23,"column":27},"end":{"line":23,"column":51}}},"3":{"name":"(anonymous_4)","decl":{"start":{"line":29,"column":2},"end":{"line":29,"column":19}},"loc":{"start":{"line":29,"column":53},"end":{"line":31,"column":3}}},"4":{"name":"(anonymous_5)","decl":{"start":{"line":33,"column":2},"end":{"line":33,"column":19}},"loc":{"start":{"line":33,"column":51},"end":{"line":35,"column":3}}},"5":{"name":"(anonymous_6)","decl":{"start":{"line":37,"column":2},"end":{"line":37,"column":19}},"loc":{"start":{"line":37,"column":56},"end":{"line":39,"column":3}}},"6":{"name":"(anonymous_7)","decl":{"start":{"line":41,"column":2},"end":{"line":41,"column":16}},"loc":{"start":{"line":41,"column":30},"end":{"line":43,"column":3}}},"7":{"name":"(anonymous_8)","decl":{"start":{"line":45,"column":2},"end":{"line":45,"column":16}},"loc":{"start":{"line":45,"column":47},"end":{"line":47,"column":3}}},"8":{"name":"(anonymous_9)","decl":{"start":{"line":49,"column":2},"end":{"line":49,"column":17}},"loc":{"start":{"line":49,"column":31},"end":{"line":51,"column":3}}},"9":{"name":"(anonymous_10)","decl":{"start":{"line":53,"column":2},"end":{"line":53,"column":22}},"loc":{"start":{"line":53,"column":52},"end":{"line":58,"column":3}}},"10":{"name":"(anonymous_11)","decl":{"start":{"line":60,"column":2},"end":{"line":60,"column":22}},"loc":{"start":{"line":60,"column":48},"end":{"line":65,"column":3}}},"11":{"name":"(anonymous_12)","decl":{"start":{"line":67,"column":10},"end":{"line":67,"column":20}},"loc":{"start":{"line":67,"column":45},"end":{"line":72,"column":3}}},"12":{"name":"(anonymous_13)","decl":{"start":{"line":69,"column":33},"end":{"line":69,"column":34}},"loc":{"start":{"line":69,"column":43},"end":{"line":69,"column":48}}},"13":{"name":"(anonymous_14)","decl":{"start":{"line":74,"column":2},"end":{"line":74,"column":11}},"loc":{"start":{"line":74,"column":11},"end":{"line":98,"column":3}}},"14":{"name":"(anonymous_15)","decl":{"start":{"line":100,"column":2},"end":{"line":100,"column":24}},"loc":{"start":{"line":100,"column":24},"end":{"line":121,"column":3}}}},"branchMap":{"0":{"loc":{"start":{"line":29,"column":20},"end":{"line":29,"column":33}},"type":"default-arg","locations":[{"start":{"line":29,"column":29},"end":{"line":29,"column":33}}]},"1":{"loc":{"start":{"line":29,"column":35},"end":{"line":29,"column":53}},"type":"default-arg","locations":[{"start":{"line":29,"column":44},"end":{"line":29,"column":53}}]},"2":{"loc":{"start":{"line":30,"column":45},"end":{"line":30,"column":89}},"type":"binary-expr","locations":[{"start":{"line":30,"column":45},"end":{"line":30,"column":84}},{"start":{"line":30,"column":88},"end":{"line":30,"column":89}}]},"3":{"loc":{"start":{"line":33,"column":20},"end":{"line":33,"column":33}},"type":"default-arg","locations":[{"start":{"line":33,"column":29},"end":{"line":33,"column":33}}]},"4":{"loc":{"start":{"line":33,"column":35},"end":{"line":33,"column":51}},"type":"default-arg","locations":[{"start":{"line":33,"column":45},"end":{"line":33,"column":51}}]},"5":{"loc":{"start":{"line":34,"column":54},"end":{"line":34,"column":107}},"type":"binary-expr","locations":[{"start":{"line":34,"column":54},"end":{"line":34,"column":102}},{"start":{"line":34,"column":106},"end":{"line":34,"column":107}}]},"6":{"loc":{"start":{"line":37,"column":20},"end":{"line":37,"column":33}},"type":"default-arg","locations":[{"start":{"line":37,"column":29},"end":{"line":37,"column":33}}]},"7":{"loc":{"start":{"line":37,"column":35},"end":{"line":37,"column":56}},"type":"default-arg","locations":[{"start":{"line":37,"column":44},"end":{"line":37,"column":56}}]},"8":{"loc":{"start":{"line":38,"column":56},"end":{"line":38,"column":111}},"type":"binary-expr","locations":[{"start":{"line":38,"column":56},"end":{"line":38,"column":106}},{"start":{"line":38,"column":110},"end":{"line":38,"column":111}}]},"9":{"loc":{"start":{"line":41,"column":17},"end":{"line":41,"column":30}},"type":"default-arg","locations":[{"start":{"line":41,"column":26},"end":{"line":41,"column":30}}]},"10":{"loc":{"start":{"line":42,"column":55},"end":{"line":42,"column":109}},"type":"binary-expr","locations":[{"start":{"line":42,"column":55},"end":{"line":42,"column":104}},{"start":{"line":42,"column":108},"end":{"line":42,"column":109}}]},"11":{"loc":{"start":{"line":45,"column":17},"end":{"line":45,"column":30}},"type":"default-arg","locations":[{"start":{"line":45,"column":26},"end":{"line":45,"column":30}}]},"12":{"loc":{"start":{"line":45,"column":32},"end":{"line":45,"column":47}},"type":"default-arg","locations":[{"start":{"line":45,"column":42},"end":{"line":45,"column":47}}]},"13":{"loc":{"start":{"line":46,"column":55},"end":{"line":46,"column":109}},"type":"binary-expr","locations":[{"start":{"line":46,"column":55},"end":{"line":46,"column":104}},{"start":{"line":46,"column":108},"end":{"line":46,"column":109}}]},"14":{"loc":{"start":{"line":49,"column":18},"end":{"line":49,"column":31}},"type":"default-arg","locations":[{"start":{"line":49,"column":27},"end":{"line":49,"column":31}}]},"15":{"loc":{"start":{"line":50,"column":52},"end":{"line":50,"column":103}},"type":"binary-expr","locations":[{"start":{"line":50,"column":52},"end":{"line":50,"column":98}},{"start":{"line":50,"column":102},"end":{"line":50,"column":103}}]},"16":{"loc":{"start":{"line":53,"column":35},"end":{"line":53,"column":52}},"type":"default-arg","locations":[{"start":{"line":53,"column":44},"end":{"line":53,"column":52}}]},"17":{"loc":{"start":{"line":54,"column":16},"end":{"line":54,"column":45}},"type":"binary-expr","locations":[{"start":{"line":54,"column":16},"end":{"line":54,"column":39}},{"start":{"line":54,"column":43},"end":{"line":54,"column":45}}]},"18":{"loc":{"start":{"line":56,"column":4},"end":{"line":56,"column":39}},"type":"if","locations":[{"start":{"line":56,"column":4},"end":{"line":56,"column":39}},{"start":{},"end":{}}]},"19":{"loc":{"start":{"line":60,"column":35},"end":{"line":60,"column":48}},"type":"default-arg","locations":[{"start":{"line":60,"column":42},"end":{"line":60,"column":48}}]},"20":{"loc":{"start":{"line":61,"column":16},"end":{"line":61,"column":45}},"type":"binary-expr","locations":[{"start":{"line":61,"column":16},"end":{"line":61,"column":39}},{"start":{"line":61,"column":43},"end":{"line":61,"column":45}}]},"21":{"loc":{"start":{"line":63,"column":4},"end":{"line":63,"column":39}},"type":"if","locations":[{"start":{"line":63,"column":4},"end":{"line":63,"column":39}},{"start":{},"end":{}}]},"22":{"loc":{"start":{"line":68,"column":4},"end":{"line":68,"column":35}},"type":"if","locations":[{"start":{"line":68,"column":4},"end":{"line":68,"column":35}},{"start":{},"end":{}}]},"23":{"loc":{"start":{"line":75,"column":18},"end":{"line":75,"column":47}},"type":"binary-expr","locations":[{"start":{"line":75,"column":18},"end":{"line":75,"column":41}},{"start":{"line":75,"column":45},"end":{"line":75,"column":47}}]},"24":{"loc":{"start":{"line":76,"column":18},"end":{"line":76,"column":47}},"type":"binary-expr","locations":[{"start":{"line":76,"column":18},"end":{"line":76,"column":41}},{"start":{"line":76,"column":45},"end":{"line":76,"column":47}}]},"25":{"loc":{"start":{"line":114,"column":18},"end":{"line":114,"column":47}},"type":"binary-expr","locations":[{"start":{"line":114,"column":18},"end":{"line":114,"column":41}},{"start":{"line":114,"column":45},"end":{"line":114,"column":47}}]},"26":{"loc":{"start":{"line":115,"column":4},"end":{"line":119,"column":5}},"type":"if","locations":[{"start":{"line":115,"column":4},"end":{"line":119,"column":5}},{"start":{},"end":{}}]}},"s":{"0":0,"1":0,"2":0,"3":0,"4":0,"5":0,"6":0,"7":0,"8":0,"9":0,"10":0,"11":0,"12":0,"13":0,"14":0,"15":0,"16":0,"17":0,"18":0,"19":0,"20":0,"21":0,"22":0,"23":0,"24":0,"25":0,"26":0,"27":0,"28":0,"29":0,"30":0,"31":0,"32":0,"33":0,"34":0,"35":0,"36":0,"37":0,"38":0,"39":0,"40":0,"41":0,"42":0,"43":0,"44":0,"45":0,"46":0,"47":0,"48":0,"49":0,"50":0,"51":0},"f":{"0":0,"1":0,"2":0,"3":0,"4":0,"5":0,"6":0,"7":0,"8":0,"9":0,"10":0,"11":0,"12":0,"13":0,"14":0},"b":{"0":[0],"1":[0],"2":[0,0],"3":[0],"4":[0],"5":[0,0],"6":[0],"7":[0],"8":[0,0],"9":[0],"10":[0,0],"11":[0],"12":[0],"13":[0,0],"14":[0],"15":[0,0],"16":[0],"17":[0,0],"18":[0,0],"19":[0],"20":[0,0],"21":[0,0],"22":[0,0],"23":[0,0],"24":[0,0],"25":[0,0],"26":[0,0]}}
,"C:\\Users\\NAJO\\yira-api\\src\\seeds\\seed.orientation.ci.ts": {"path":"C:\\Users\\NAJO\\yira-api\\src\\seeds\\seed.orientation.ci.ts","statementMap":{"0":{"start":{"line":26,"column":22},"end":{"line":43,"column":2}},"1":{"start":{"line":48,"column":28},"end":{"line":58,"column":2}},"2":{"start":{"line":63,"column":21},"end":{"line":74,"column":2}},"3":{"start":{"line":79,"column":28},"end":{"line":92,"column":2}},"4":{"start":{"line":97,"column":13},"end":{"line":102,"column":2}},"5":{"start":{"line":108,"column":2},"end":{"line":108,"column":89}},"6":{"start":{"line":109,"column":2},"end":{"line":109,"column":192}},"7":{"start":{"line":110,"column":2},"end":{"line":110,"column":106}},"8":{"start":{"line":113,"column":0},"end":{"line":113,"column":28}}},"fnMap":{"0":{"name":"main","decl":{"start":{"line":107,"column":15},"end":{"line":107,"column":19}},"loc":{"start":{"line":107,"column":19},"end":{"line":111,"column":1}}}},"branchMap":{},"s":{"0":0,"1":0,"2":0,"3":0,"4":0,"5":0,"6":0,"7":0,"8":0},"f":{"0":0},"b":{}}
,"C:\\Users\\NAJO\\yira-api\\src\\utils\\ia-text.helper.ts": {"path":"C:\\Users\\NAJO\\yira-api\\src\\utils\\ia-text.helper.ts","statementMap":{"0":{"start":{"line":10,"column":0},"end":{"line":10,"column":16}},"1":{"start":{"line":11,"column":2},"end":{"line":11,"column":28}},"2":{"start":{"line":11,"column":12},"end":{"line":11,"column":28}},"3":{"start":{"line":14,"column":18},"end":{"line":14,"column":56}},"4":{"start":{"line":17,"column":2},"end":{"line":41,"column":3}},"5":{"start":{"line":18,"column":19},"end":{"line":18,"column":38}},"6":{"start":{"line":19,"column":15},"end":{"line":19,"column":43}},"7":{"start":{"line":20,"column":4},"end":{"line":29,"column":5}},"8":{"start":{"line":21,"column":6},"end":{"line":28,"column":8}},"9":{"start":{"line":31,"column":4},"end":{"line":37,"column":6}},"10":{"start":{"line":40,"column":4},"end":{"line":40,"column":19}}},"fnMap":{"0":{"name":"extraireTexteIA","decl":{"start":{"line":10,"column":16},"end":{"line":10,"column":31}},"loc":{"start":{"line":10,"column":70},"end":{"line":42,"column":1}}}},"branchMap":{"0":{"loc":{"start":{"line":10,"column":57},"end":{"line":10,"column":70}},"type":"default-arg","locations":[{"start":{"line":10,"column":68},"end":{"line":10,"column":70}}]},"1":{"loc":{"start":{"line":11,"column":2},"end":{"line":11,"column":28}},"type":"if","locations":[{"start":{"line":11,"column":2},"end":{"line":11,"column":28}},{"start":{},"end":{}}]},"2":{"loc":{"start":{"line":20,"column":4},"end":{"line":29,"column":5}},"type":"if","locations":[{"start":{"line":20,"column":4},"end":{"line":29,"column":5}},{"start":{},"end":{}}]},"3":{"loc":{"start":{"line":22,"column":8},"end":{"line":27,"column":26}},"type":"binary-expr","locations":[{"start":{"line":22,"column":8},"end":{"line":22,"column":18}},{"start":{"line":23,"column":8},"end":{"line":23,"column":28}},{"start":{"line":24,"column":8},"end":{"line":24,"column":31}},{"start":{"line":25,"column":8},"end":{"line":25,"column":23}},{"start":{"line":26,"column":8},"end":{"line":26,"column":16}},{"start":{"line":27,"column":8},"end":{"line":27,"column":26}}]},"4":{"loc":{"start":{"line":32,"column":6},"end":{"line":36,"column":13}},"type":"binary-expr","locations":[{"start":{"line":32,"column":6},"end":{"line":32,"column":19}},{"start":{"line":33,"column":6},"end":{"line":33,"column":21}},{"start":{"line":34,"column":6},"end":{"line":34,"column":21}},{"start":{"line":35,"column":6},"end":{"line":35,"column":21}},{"start":{"line":36,"column":6},"end":{"line":36,"column":13}}]}},"s":{"0":0,"1":0,"2":0,"3":0,"4":0,"5":0,"6":0,"7":0,"8":0,"9":0,"10":0},"f":{"0":0},"b":{"0":[0],"1":[0,0],"2":[0,0],"3":[0,0,0,0,0,0],"4":[0,0,0,0,0]}}
}
