TN:
SF:src\app.module.ts
FNF:0
FNH:0
DA:1,0
DA:2,0
DA:3,0
DA:4,0
DA:5,0
DA:6,0
DA:7,0
DA:8,0
DA:9,0
DA:10,0
DA:11,0
DA:12,0
DA:13,0
DA:14,0
DA:15,0
DA:16,0
DA:17,0
DA:18,0
DA:19,0
DA:20,0
DA:21,0
DA:22,0
DA:23,0
DA:24,0
DA:25,0
DA:26,0
DA:27,0
DA:28,0
DA:61,0
LF:29
LH:0
BRF:0
BRH:0
end_of_record
TN:
SF:src\main.ts
FN:11,bootstrap
FNF:1
FNH:0
FNDA:0,bootstrap
DA:6,0
DA:7,0
DA:8,0
DA:9,0
DA:12,0
DA:15,0
DA:18,0
DA:21,0
DA:24,0
DA:82,0
DA:83,0
DA:102,0
DA:103,0
DA:104,0
DA:105,0
DA:106,0
DA:108,0
LF:17
LH:0
BRDA:102,0,0,0
BRDA:102,0,1,0
BRF:2
BRH:0
end_of_record
TN:
SF:src\auth\auth.controller.ts
FN:11,(anonymous_4)
FN:15,(anonymous_5)
FN:21,(anonymous_6)
FN:31,(anonymous_7)
FN:38,(anonymous_8)
FNF:5
FNH:0
FNDA:0,(anonymous_4)
FNDA:0,(anonymous_5)
FNDA:0,(anonymous_6)
FNDA:0,(anonymous_7)
FNDA:0,(anonymous_8)
DA:4,0
DA:5,0
DA:6,0
DA:7,0
DA:10,0
DA:11,0
DA:15,0
DA:16,0
DA:21,0
DA:26,0
DA:31,0
DA:32,0
DA:38,0
DA:39,0
LF:14
LH:0
BRDA:16,0,0,0
BRDA:16,0,1,0
BRDA:26,1,0,0
BRDA:26,1,1,0
BRF:4
BRH:0
end_of_record
TN:
SF:src\auth\auth.module.ts
FN:17,(anonymous_1)
FNF:1
FNH:0
FNDA:0,(anonymous_1)
DA:1,0
DA:2,0
DA:3,0
DA:4,0
DA:5,0
DA:6,0
DA:7,0
DA:8,0
DA:9,0
DA:17,0
DA:28,0
LF:11
LH:0
BRF:0
BRH:0
end_of_record
TN:
SF:src\auth\auth.service.ts
FN:7,(anonymous_2)
FN:36,(anonymous_3)
FN:42,(anonymous_4)
FN:44,(anonymous_5)
FN:48,(anonymous_6)
FN:73,(anonymous_7)
FN:108,(anonymous_8)
FN:124,(anonymous_9)
FN:141,(anonymous_10)
FN:146,(anonymous_11)
FNF:10
FNH:0
FNDA:0,(anonymous_2)
FNDA:0,(anonymous_3)
FNDA:0,(anonymous_4)
FNDA:0,(anonymous_5)
FNDA:0,(anonymous_6)
FNDA:0,(anonymous_7)
FNDA:0,(anonymous_8)
FNDA:0,(anonymous_9)
FNDA:0,(anonymous_10)
FNDA:0,(anonymous_11)
DA:1,0
DA:2,0
DA:3,0
DA:4,0
DA:5,0
DA:7,0
DA:8,0
DA:9,0
DA:10,0
DA:11,0
DA:12,0
DA:13,0
DA:14,0
DA:32,0
DA:33,0
DA:37,0
DA:38,0
DA:39,0
DA:43,0
DA:44,0
DA:45,0
DA:49,0
DA:50,0
DA:52,0
DA:57,0
DA:63,0
DA:65,0
DA:66,0
DA:67,0
DA:70,0
DA:74,0
DA:79,0
DA:80,0
DA:82,0
DA:84,0
DA:85,0
DA:86,0
DA:89,0
DA:90,0
DA:91,0
DA:94,0
DA:95,0
DA:99,0
DA:100,0
DA:103,0
DA:104,0
DA:105,0
DA:109,0
DA:110,0
DA:113,0
DA:114,0
DA:120,0
DA:125,0
DA:129,0
DA:131,0
DA:132,0
DA:137,0
DA:138,0
DA:142,0
DA:143,0
DA:147,0
DA:154,0
DA:157,0
DA:161,0
LF:64
LH:0
BRDA:7,0,0,0
BRDA:7,0,1,0
BRDA:66,1,0,0
BRDA:66,1,1,0
BRDA:66,2,0,0
BRDA:66,2,1,0
BRDA:79,3,0,0
BRDA:79,3,1,0
BRDA:84,4,0,0
BRDA:84,4,1,0
BRDA:89,5,0,0
BRDA:89,5,1,0
BRDA:94,6,0,0
BRDA:94,6,1,0
BRDA:114,7,0,0
BRDA:114,7,1,0
BRDA:117,8,0,0
BRDA:117,8,1,0
BRDA:129,9,0,0
BRDA:129,9,1,0
BRDA:143,10,0,0
BRDA:143,10,1,0
BRDA:152,11,0,0
BRDA:152,11,1,0
BRF:24
BRH:0
end_of_record
TN:
SF:src\auth\decorators.ts
FN:11,(anonymous_0)
FN:14,(anonymous_1)
FN:18,(anonymous_2)
FN:23,(anonymous_3)
FNF:4
FNH:0
FNDA:0,(anonymous_0)
FNDA:0,(anonymous_1)
FNDA:0,(anonymous_2)
FNDA:0,(anonymous_3)
DA:4,0
DA:7,0
DA:8,0
DA:11,0
DA:14,0
DA:17,0
DA:18,0
DA:22,0
DA:24,0
LF:9
LH:0
BRDA:24,0,0,0
BRDA:24,0,1,0
BRF:2
BRH:0
end_of_record
TN:
SF:src\auth\jwt-auth.guard.ts
FN:12,(anonymous_2)
FN:14,(anonymous_3)
FNF:2
FNH:0
FNDA:0,(anonymous_2)
FNDA:0,(anonymous_3)
DA:4,0
DA:5,0
DA:6,0
DA:8,0
DA:11,0
DA:12,0
DA:15,0
DA:18,0
LF:8
LH:0
BRDA:18,0,0,0
BRDA:18,0,1,0
BRF:2
BRH:0
end_of_record
TN:
SF:src\auth\jwt.strategy.ts
FN:12,(anonymous_2)
FN:20,(anonymous_3)
FNF:2
FNH:0
FNDA:0,(anonymous_2)
FNDA:0,(anonymous_3)
DA:4,0
DA:5,0
DA:6,0
DA:7,0
DA:11,0
DA:13,0
DA:21,0
DA:22,0
LF:8
LH:0
BRDA:21,0,0,0
BRDA:21,0,1,0
BRF:2
BRH:0
end_of_record
TN:
SF:src\core-config\core-config.module.ts
FN:15,(anonymous_1)
FNF:1
FNH:0
FNDA:0,(anonymous_1)
DA:1,0
DA:2,0
DA:3,0
DA:4,0
DA:5,0
DA:6,0
DA:15,0
DA:24,0
LF:8
LH:0
BRF:0
BRH:0
end_of_record
TN:
SF:src\core-config\core-config.service.ts
FN:16,(anonymous_4)
FN:21,(anonymous_5)
FN:26,(anonymous_6)
FN:44,(anonymous_7)
FN:49,(anonymous_8)
FN:68,(anonymous_9)
FN:73,(anonymous_10)
FN:91,(anonymous_11)
FN:96,(anonymous_12)
FN:114,(anonymous_13)
FN:120,(anonymous_14)
FN:127,(anonymous_15)
FN:132,(anonymous_16)
FN:139,(anonymous_17)
FN:149,(anonymous_18)
FN:154,(anonymous_19)
FN:158,(anonymous_20)
FN:160,(anonymous_21)
FNF:18
FNH:0
FNDA:0,(anonymous_4)
FNDA:0,(anonymous_5)
FNDA:0,(anonymous_6)
FNDA:0,(anonymous_7)
FNDA:0,(anonymous_8)
FNDA:0,(anonymous_9)
FNDA:0,(anonymous_10)
FNDA:0,(anonymous_11)
FNDA:0,(anonymous_12)
FNDA:0,(anonymous_13)
FNDA:0,(anonymous_14)
FNDA:0,(anonymous_15)
FNDA:0,(anonymous_16)
FNDA:0,(anonymous_17)
FNDA:0,(anonymous_18)
FNDA:0,(anonymous_19)
FNDA:0,(anonymous_20)
FNDA:0,(anonymous_21)
DA:1,0
DA:2,0
DA:3,0
DA:5,0
DA:6,0
DA:13,0
DA:14,0
DA:17,0
DA:18,0
DA:22,0
DA:23,0
DA:24,0
DA:26,0
DA:27,0
DA:31,0
DA:33,0
DA:40,0
DA:41,0
DA:45,0
DA:46,0
DA:47,0
DA:49,0
DA:50,0
DA:55,0
DA:57,0
DA:64,0
DA:65,0
DA:69,0
DA:70,0
DA:71,0
DA:73,0
DA:74,0
DA:79,0
DA:81,0
DA:87,0
DA:88,0
DA:92,0
DA:93,0
DA:94,0
DA:96,0
DA:97,0
DA:101,0
DA:103,0
DA:110,0
DA:111,0
DA:115,0
DA:116,0
DA:117,0
DA:121,0
DA:122,0
DA:123,0
DA:124,0
DA:128,0
DA:129,0
DA:130,0
DA:132,0
DA:133,0
DA:139,0
DA:145,0
DA:146,0
DA:150,0
DA:151,0
DA:155,0
DA:159,0
DA:160,0
LF:65
LH:0
BRDA:24,0,0,0
BRDA:24,0,1,0
BRDA:31,1,0,0
BRDA:31,1,1,0
BRDA:47,2,0,0
BRDA:47,2,1,0
BRDA:55,3,0,0
BRDA:55,3,1,0
BRDA:71,4,0,0
BRDA:71,4,1,0
BRDA:79,5,0,0
BRDA:79,5,1,0
BRDA:94,6,0,0
BRDA:94,6,1,0
BRDA:101,7,0,0
BRDA:101,7,1,0
BRDA:117,8,0,0
BRDA:117,8,1,0
BRDA:117,8,2,0
BRDA:123,9,0,0
BRDA:123,9,1,0
BRDA:130,10,0,0
BRDA:130,10,1,0
BRF:23
BRH:0
end_of_record
TN:
SF:src\core-config\core-config.types.ts
FN:137,(anonymous_0)
FN:139,(anonymous_1)
FN:141,(anonymous_2)
FN:143,(anonymous_3)
FN:145,(anonymous_4)
FNF:5
FNH:0
FNDA:0,(anonymous_0)
FNDA:0,(anonymous_1)
FNDA:0,(anonymous_2)
FNDA:0,(anonymous_3)
FNDA:0,(anonymous_4)
DA:136,0
DA:138,0
DA:140,0
DA:142,0
DA:144,0
DA:146,0
DA:150,0
LF:7
LH:0
BRF:0
BRH:0
end_of_record
TN:
SF:src\core-config\prisma-core.service.ts
FN:25,(anonymous_2)
FN:40,(anonymous_3)
FN:45,(anonymous_4)
FN:55,(anonymous_5)
FN:82,(anonymous_6)
FNF:5
FNH:0
FNDA:0,(anonymous_2)
FNDA:0,(anonymous_3)
FNDA:0,(anonymous_4)
FNDA:0,(anonymous_5)
FNDA:0,(anonymous_6)
DA:9,0
DA:15,0
DA:16,0
DA:19,0
DA:23,0
DA:25,0
DA:26,0
DA:41,0
DA:42,0
DA:46,0
DA:47,0
DA:60,0
DA:64,0
DA:65,0
DA:70,0
DA:71,0
DA:88,0
DA:89,0
LF:18
LH:0
BRDA:34,0,0,0
BRDA:34,0,1,0
BRDA:64,1,0,0
BRDA:64,1,1,0
BRDA:70,2,0,0
BRDA:70,2,1,0
BRF:6
BRH:0
end_of_record
TN:
SF:src\core-config\yira-config.service.ts
FN:57,(anonymous_2)
FN:59,(anonymous_3)
FN:81,(anonymous_4)
FN:108,(anonymous_5)
FN:115,(anonymous_6)
FN:123,(anonymous_7)
FN:135,(anonymous_8)
FN:149,(anonymous_9)
FN:159,(anonymous_10)
FN:164,(anonymous_11)
FN:227,(anonymous_12)
FN:253,(anonymous_13)
FNF:12
FNH:0
FNDA:0,(anonymous_2)
FNDA:0,(anonymous_3)
FNDA:0,(anonymous_4)
FNDA:0,(anonymous_5)
FNDA:0,(anonymous_6)
FNDA:0,(anonymous_7)
FNDA:0,(anonymous_8)
FNDA:0,(anonymous_9)
FNDA:0,(anonymous_10)
FNDA:0,(anonymous_11)
FNDA:0,(anonymous_12)
FNDA:0,(anonymous_13)
DA:6,0
DA:7,0
DA:8,0
DA:9,0
DA:47,0
DA:50,0
DA:51,0
DA:54,0
DA:55,0
DA:57,0
DA:60,0
DA:61,0
DA:62,0
DA:63,0
DA:65,0
DA:66,0
DA:67,0
DA:68,0
DA:70,0
DA:73,0
DA:74,0
DA:75,0
DA:77,0
DA:82,0
DA:84,0
DA:85,0
DA:87,0
DA:88,0
DA:89,0
DA:90,0
DA:91,0
DA:92,0
DA:93,0
DA:98,0
DA:100,0
DA:101,0
DA:103,0
DA:105,0
DA:109,0
DA:110,0
DA:111,0
DA:112,0
DA:116,0
DA:117,0
DA:118,0
DA:119,0
DA:120,0
DA:124,0
DA:125,0
DA:136,0
DA:137,0
DA:150,0
DA:151,0
DA:160,0
DA:161,0
DA:165,0
DA:166,0
DA:175,0
DA:177,0
DA:178,0
DA:179,0
DA:180,0
DA:181,0
DA:183,0
DA:219,0
DA:220,0
DA:222,0
DA:223,0
DA:228,0
DA:253,0
LF:70
LH:0
BRDA:66,0,0,0
BRDA:66,0,1,0
BRDA:81,1,0,0
BRDA:85,2,0,0
BRDA:85,2,1,0
BRDA:85,3,0,0
BRDA:85,3,1,0
BRDA:88,4,0,0
BRDA:88,4,1,0
BRDA:90,5,0,0
BRDA:90,5,1,0
BRDA:101,6,0,0
BRDA:101,6,1,0
BRDA:108,7,0,0
BRDA:110,8,0,0
BRDA:110,8,1,0
BRDA:115,9,0,0
BRDA:117,10,0,0
BRDA:117,10,1,0
BRDA:118,11,0,0
BRDA:118,11,1,0
BRDA:119,12,0,0
BRDA:119,12,1,0
BRDA:123,13,0,0
BRDA:135,14,0,0
BRDA:149,15,0,0
BRDA:159,16,0,0
BRDA:175,17,0,0
BRDA:175,17,1,0
BRDA:178,18,0,0
BRDA:178,18,1,0
BRDA:179,19,0,0
BRDA:179,19,1,0
BRDA:180,20,0,0
BRDA:180,20,1,0
BRDA:181,21,0,0
BRDA:181,21,1,0
BRDA:188,22,0,0
BRDA:188,22,1,0
BRDA:189,23,0,0
BRDA:189,23,1,0
BRDA:190,24,0,0
BRDA:190,24,1,0
BRDA:191,25,0,0
BRDA:191,25,1,0
BRDA:192,26,0,0
BRDA:192,26,1,0
BRDA:193,27,0,0
BRDA:193,27,1,0
BRDA:194,28,0,0
BRDA:194,28,1,0
BRDA:195,29,0,0
BRDA:195,29,1,0
BRDA:196,30,0,0
BRDA:196,30,1,0
BRDA:197,31,0,0
BRDA:197,31,1,0
BRDA:198,32,0,0
BRDA:198,32,1,0
BRDA:199,33,0,0
BRDA:199,33,1,0
BRDA:200,34,0,0
BRDA:200,34,1,0
BRDA:201,35,0,0
BRDA:201,35,1,0
BRDA:202,36,0,0
BRDA:202,36,1,0
BRDA:203,37,0,0
BRDA:203,37,1,0
BRDA:204,38,0,0
BRDA:204,38,1,0
BRDA:205,39,0,0
BRDA:205,39,1,0
BRDA:206,40,0,0
BRDA:206,40,1,0
BRDA:207,41,0,0
BRDA:207,41,1,0
BRDA:208,42,0,0
BRDA:208,42,1,0
BRDA:209,43,0,0
BRDA:209,43,1,0
BRDA:210,44,0,0
BRDA:210,44,1,0
BRDA:211,45,0,0
BRDA:211,45,1,0
BRDA:212,46,0,0
BRDA:212,46,1,0
BRDA:213,47,0,0
BRDA:213,47,1,0
BRDA:214,48,0,0
BRDA:214,48,1,0
BRDA:215,49,0,0
BRDA:215,49,1,0
BRDA:216,50,0,0
BRDA:216,50,1,0
BRF:95
BRH:0
end_of_record
TN:
SF:src\database\database.module.ts
FN:11,(anonymous_1)
FN:14,(anonymous_2)
FN:19,(anonymous_3)
FN:22,(anonymous_4)
FN:27,(anonymous_5)
FN:30,(anonymous_6)
FN:35,(anonymous_7)
FN:38,(anonymous_8)
FN:43,(anonymous_9)
FN:46,(anonymous_10)
FN:58,(anonymous_11)
FN:59,(anonymous_12)
FN:60,(anonymous_13)
FN:61,(anonymous_14)
FN:62,(anonymous_15)
FNF:15
FNH:0
FNDA:0,(anonymous_1)
FNDA:0,(anonymous_2)
FNDA:0,(anonymous_3)
FNDA:0,(anonymous_4)
FNDA:0,(anonymous_5)
FNDA:0,(anonymous_6)
FNDA:0,(anonymous_7)
FNDA:0,(anonymous_8)
FNDA:0,(anonymous_9)
FNDA:0,(anonymous_10)
FNDA:0,(anonymous_11)
FNDA:0,(anonymous_12)
FNDA:0,(anonymous_13)
FNDA:0,(anonymous_14)
FNDA:0,(anonymous_15)
DA:1,0
DA:2,0
DA:3,0
DA:4,0
DA:5,0
DA:6,0
DA:7,0
DA:9,0
DA:10,0
DA:12,0
DA:14,0
DA:17,0
DA:18,0
DA:20,0
DA:22,0
DA:25,0
DA:26,0
DA:28,0
DA:30,0
DA:33,0
DA:34,0
DA:36,0
DA:38,0
DA:41,0
DA:42,0
DA:44,0
DA:46,0
DA:49,0
DA:50,0
DA:51,0
DA:52,0
DA:53,0
DA:58,0
DA:59,0
DA:60,0
DA:61,0
DA:62,0
DA:66,0
LF:38
LH:0
BRF:0
BRH:0
end_of_record
TN:
SF:src\ia\ia.controller.ts
FN:11,(anonymous_4)
FN:15,(anonymous_5)
FN:28,(anonymous_6)
FNF:3
FNH:0
FNDA:0,(anonymous_4)
FNDA:0,(anonymous_5)
FNDA:0,(anonymous_6)
DA:4,0
DA:5,0
DA:7,0
DA:10,0
DA:11,0
DA:15,0
DA:16,0
DA:28,0
DA:29,0
LF:9
LH:0
BRF:0
BRH:0
end_of_record
TN:
SF:src\ia\ia.module.ts
FNF:0
FNH:0
DA:4,0
DA:5,0
DA:6,0
DA:14,0
LF:4
LH:0
BRF:0
BRH:0
end_of_record
TN:
SF:src\ia\ia.service.ts
FN:40,(anonymous_3)
FN:45,(anonymous_4)
FN:72,(anonymous_5)
FN:80,(anonymous_6)
FN:81,(anonymous_7)
FN:86,(anonymous_8)
FN:94,(anonymous_9)
FN:95,(anonymous_10)
FN:101,(anonymous_11)
FN:107,(anonymous_12)
FN:113,(anonymous_13)
FN:122,(anonymous_14)
FN:128,(anonymous_15)
FNF:13
FNH:0
FNDA:0,(anonymous_3)
FNDA:0,(anonymous_4)
FNDA:0,(anonymous_5)
FNDA:0,(anonymous_6)
FNDA:0,(anonymous_7)
FNDA:0,(anonymous_8)
FNDA:0,(anonymous_9)
FNDA:0,(anonymous_10)
FNDA:0,(anonymous_11)
FNDA:0,(anonymous_12)
FNDA:0,(anonymous_13)
FNDA:0,(anonymous_14)
FNDA:0,(anonymous_15)
DA:4,0
DA:5,0
DA:6,0
DA:7,0
DA:28,0
DA:35,0
DA:36,0
DA:40,0
DA:41,0
DA:42,0
DA:46,0
DA:47,0
DA:48,0
DA:50,0
DA:51,0
DA:52,0
DA:53,0
DA:57,0
DA:61,0
DA:62,0
DA:63,0
DA:67,0
DA:73,0
DA:74,0
DA:78,0
DA:81,0
DA:83,0
DA:87,0
DA:89,0
DA:95,0
DA:97,0
DA:98,0
DA:102,0
DA:103,0
DA:104,0
DA:108,0
DA:109,0
DA:111,0
DA:113,0
DA:114,0
DA:123,0
DA:124,0
DA:125,0
DA:129,0
DA:130,0
DA:131,0
DA:132,0
DA:134,0
DA:135,0
DA:136,0
DA:138,0
LF:51
LH:0
BRDA:47,0,0,0
BRDA:47,0,1,0
BRDA:50,1,0,0
BRDA:50,1,1,0
BRDA:73,2,0,0
BRDA:73,2,1,0
BRDA:87,3,0,0
BRDA:87,3,1,0
BRDA:87,4,0,0
BRDA:87,4,1,0
BRDA:98,5,0,0
BRDA:98,5,1,0
BRDA:102,6,0,0
BRDA:102,6,1,0
BRDA:102,7,0,0
BRDA:102,7,1,0
BRDA:102,7,2,0
BRDA:109,8,0,0
BRDA:109,8,1,0
BRDA:111,9,0,0
BRDA:111,9,1,0
BRF:21
BRH:0
end_of_record
TN:
SF:src\modules\antifraude\antifraude.controller.ts
FN:9,(anonymous_4)
FN:14,(anonymous_5)
FN:32,(anonymous_6)
FN:39,(anonymous_7)
FNF:4
FNH:0
FNDA:0,(anonymous_4)
FNDA:0,(anonymous_5)
FNDA:0,(anonymous_6)
FNDA:0,(anonymous_7)
DA:1,0
DA:2,0
DA:3,0
DA:4,0
DA:8,0
DA:9,0
DA:14,0
DA:15,0
DA:32,0
DA:33,0
DA:39,0
DA:40,0
LF:12
LH:0
BRF:0
BRH:0
end_of_record
TN:
SF:src\modules\antifraude\antifraude.module.ts
FNF:0
FNH:0
DA:1,0
DA:2,0
DA:3,0
DA:10,0
LF:4
LH:0
BRF:0
BRH:0
end_of_record
TN:
SF:src\modules\antifraude\antifraude.service.ts
FN:46,(anonymous_1)
FN:59,(anonymous_2)
FN:99,(anonymous_3)
FN:156,(anonymous_4)
FN:172,(anonymous_5)
FN:209,(anonymous_6)
FN:217,(anonymous_7)
FN:244,(anonymous_8)
FN:257,(anonymous_9)
FN:292,(anonymous_10)
FNF:10
FNH:0
FNDA:0,(anonymous_1)
FNDA:0,(anonymous_2)
FNDA:0,(anonymous_3)
FNDA:0,(anonymous_4)
FNDA:0,(anonymous_5)
FNDA:0,(anonymous_6)
FNDA:0,(anonymous_7)
FNDA:0,(anonymous_8)
FNDA:0,(anonymous_9)
FNDA:0,(anonymous_10)
DA:6,0
DA:46,0
DA:47,0
DA:50,0
DA:60,0
DA:63,0
DA:66,0
DA:69,0
DA:72,0
DA:78,0
DA:80,0
DA:82,0
DA:100,0
DA:101,0
DA:104,0
DA:105,0
DA:106,0
DA:108,0
DA:109,0
DA:110,0
DA:111,0
DA:113,0
DA:114,0
DA:115,0
DA:117,0
DA:120,0
DA:121,0
DA:122,0
DA:127,0
DA:128,0
DA:129,0
DA:131,0
DA:132,0
DA:133,0
DA:134,0
DA:136,0
DA:138,0
DA:140,0
DA:143,0
DA:144,0
DA:145,0
DA:149,0
DA:157,0
DA:158,0
DA:161,0
DA:162,0
DA:171,0
DA:172,0
DA:173,0
DA:175,0
DA:176,0
DA:178,0
DA:182,0
DA:183,0
DA:184,0
DA:185,0
DA:186,0
DA:188,0
DA:192,0
DA:193,0
DA:194,0
DA:195,0
DA:196,0
DA:197,0
DA:199,0
DA:202,0
DA:210,0
DA:212,0
DA:213,0
DA:216,0
DA:217,0
DA:218,0
DA:219,0
DA:222,0
DA:223,0
DA:224,0
DA:227,0
DA:228,0
DA:229,0
DA:232,0
DA:233,0
DA:237,0
DA:238,0
DA:239,0
DA:240,0
DA:244,0
DA:245,0
DA:246,0
DA:247,0
DA:248,0
DA:251,0
DA:262,0
DA:263,0
DA:268,0
DA:269,0
DA:274,0
DA:275,0
DA:281,0
DA:297,0
DA:299,0
LF:100
LH:0
BRDA:104,0,0,0
BRDA:104,0,1,0
BRDA:104,1,0,0
BRDA:104,1,1,0
BRDA:109,2,0,0
BRDA:109,2,1,0
BRDA:110,3,0,0
BRDA:110,3,1,0
BRDA:113,4,0,0
BRDA:113,4,1,0
BRDA:114,5,0,0
BRDA:114,5,1,0
BRDA:120,6,0,0
BRDA:120,6,1,0
BRDA:127,7,0,0
BRDA:127,7,1,0
BRDA:127,8,0,0
BRDA:127,8,1,0
BRDA:132,9,0,0
BRDA:132,9,1,0
BRDA:133,10,0,0
BRDA:133,10,1,0
BRDA:136,11,0,0
BRDA:136,11,1,0
BRDA:143,12,0,0
BRDA:143,12,1,0
BRDA:161,13,0,0
BRDA:161,13,1,0
BRDA:161,14,0,0
BRDA:161,14,1,0
BRDA:171,15,0,0
BRDA:171,15,1,0
BRDA:172,16,0,0
BRDA:172,16,1,0
BRDA:172,17,0,0
BRDA:172,17,1,0
BRDA:172,18,0,0
BRDA:172,18,1,0
BRDA:182,19,0,0
BRDA:182,19,1,0
BRDA:183,20,0,0
BRDA:183,20,1,0
BRDA:184,21,0,0
BRDA:184,21,1,0
BRDA:192,22,0,0
BRDA:192,22,1,0
BRDA:193,23,0,0
BRDA:193,23,1,0
BRDA:193,24,0,0
BRDA:193,24,1,0
BRDA:196,25,0,0
BRDA:196,25,1,0
BRDA:212,26,0,0
BRDA:212,26,1,0
BRDA:212,27,0,0
BRDA:212,27,1,0
BRDA:218,28,0,0
BRDA:218,28,1,0
BRDA:219,29,0,0
BRDA:219,29,1,0
BRDA:222,30,0,0
BRDA:222,30,1,0
BRDA:227,31,0,0
BRDA:227,31,1,0
BRDA:232,32,0,0
BRDA:232,32,1,0
BRDA:232,33,0,0
BRDA:232,33,1,0
BRDA:238,34,0,0
BRDA:238,34,1,0
BRDA:246,35,0,0
BRDA:246,35,1,0
BRDA:246,36,0,0
BRDA:246,36,1,0
BRDA:262,37,0,0
BRDA:262,37,1,0
BRDA:268,38,0,0
BRDA:268,38,1,0
BRDA:274,39,0,0
BRDA:274,39,1,0
BRDA:301,40,0,0
BRDA:301,40,1,0
BRF:82
BRH:0
end_of_record
TN:
SF:src\modules\assessment\assessment.controller.ts
FN:12,(anonymous_4)
FN:16,(anonymous_5)
FN:25,(anonymous_6)
FN:31,(anonymous_7)
FN:37,(anonymous_8)
FN:55,(anonymous_9)
FNF:6
FNH:0
FNDA:0,(anonymous_4)
FNDA:0,(anonymous_5)
FNDA:0,(anonymous_6)
FNDA:0,(anonymous_7)
FNDA:0,(anonymous_8)
FNDA:0,(anonymous_9)
DA:4,0
DA:5,0
DA:6,0
DA:7,0
DA:11,0
DA:12,0
DA:16,0
DA:20,0
DA:25,0
DA:26,0
DA:31,0
DA:32,0
DA:37,0
DA:43,0
DA:44,0
DA:55,0
DA:56,0
LF:17
LH:0
BRDA:20,0,0,0
BRDA:20,0,1,0
BRDA:46,1,0,0
BRDA:46,1,1,0
BRDA:47,2,0,0
BRDA:47,2,1,0
BRDA:48,3,0,0
BRDA:48,3,1,0
BRF:8
BRH:0
end_of_record
TN:
SF:src\modules\assessment\assessment.module.ts
FNF:0
FNH:0
DA:4,0
DA:5,0
DA:6,0
DA:13,0
LF:4
LH:0
BRF:0
BRH:0
end_of_record
TN:
SF:src\modules\assessment\assessment.service.ts
FN:84,(anonymous_1)
FN:88,(anonymous_2)
FN:104,(anonymous_3)
FN:123,(anonymous_4)
FN:140,(anonymous_5)
FN:154,(anonymous_6)
FN:158,(anonymous_7)
FN:176,(anonymous_8)
FN:184,(anonymous_9)
FN:223,(anonymous_10)
FNF:10
FNH:8
FNDA:10,(anonymous_1)
FNDA:5,(anonymous_2)
FNDA:200,(anonymous_3)
FNDA:29,(anonymous_4)
FNDA:2,(anonymous_5)
FNDA:84,(anonymous_6)
FNDA:10,(anonymous_7)
FNDA:0,(anonymous_8)
FNDA:0,(anonymous_9)
FNDA:3,(anonymous_10)
DA:5,1
DA:58,1
DA:65,1
DA:74,1
DA:84,1
DA:85,10
DA:89,5
DA:91,5
DA:92,200
DA:93,200
DA:95,200
DA:96,200
DA:100,5
DA:101,5
DA:102,25
DA:103,25
DA:104,200
DA:105,25
DA:109,5
DA:112,5
DA:113,1
DA:117,5
DA:119,5
DA:123,29
DA:124,5
DA:129,5
DA:141,2
DA:145,2
DA:146,84
DA:147,84
DA:150,2
DA:151,2
DA:152,12
DA:153,12
DA:154,84
DA:155,12
DA:158,10
DA:159,2
DA:164,2
DA:178,0
DA:184,0
DA:185,0
DA:186,0
DA:187,0
DA:188,0
DA:189,0
DA:192,0
DA:193,0
DA:194,0
DA:195,0
DA:196,0
DA:199,0
DA:200,0
DA:201,0
DA:206,0
DA:211,0
DA:229,3
DA:232,3
DA:233,3
DA:241,3
DA:242,0
DA:247,3
DA:248,3
DA:249,1
DA:253,3
DA:255,3
LF:66
LH:48
BRDA:93,0,0,0
BRDA:93,0,1,200
BRDA:95,1,0,50
BRDA:95,1,1,150
BRDA:103,2,0,0
BRDA:103,2,1,25
BRDA:112,3,0,1
BRDA:112,3,1,4
BRDA:135,4,0,5
BRDA:135,4,1,0
BRDA:147,5,0,84
BRDA:147,5,1,0
BRDA:153,6,0,0
BRDA:153,6,1,12
BRDA:171,7,0,2
BRDA:171,7,1,0
BRDA:185,8,0,0
BRDA:185,8,1,0
BRDA:186,9,0,0
BRDA:186,9,1,0
BRDA:187,10,0,0
BRDA:187,10,1,0
BRDA:188,11,0,0
BRDA:188,11,1,0
BRDA:196,12,0,0
BRDA:196,12,1,0
BRDA:201,13,0,0
BRDA:201,13,1,0
BRDA:232,14,0,3
BRDA:232,14,1,0
BRDA:232,15,0,3
BRDA:232,15,1,3
BRDA:241,16,0,0
BRDA:241,16,1,3
BRDA:247,17,0,3
BRDA:247,17,1,0
BRDA:248,18,0,2
BRDA:248,18,1,1
BRDA:249,19,0,0
BRDA:249,19,1,1
BRDA:253,20,0,3
BRDA:253,20,1,0
BRF:42
BRH:19
end_of_record
TN:
SF:src\modules\command\artci-reporting.service.ts
FN:46,(anonymous_2)
FN:51,(anonymous_3)
FN:65,(anonymous_4)
FN:75,(anonymous_5)
FN:113,(anonymous_6)
FN:152,(anonymous_7)
FN:165,(anonymous_8)
FN:182,(anonymous_9)
FN:193,(anonymous_10)
FN:216,(anonymous_11)
FN:247,(anonymous_12)
FN:254,(anonymous_13)
FN:255,(anonymous_14)
FNF:13
FNH:0
FNDA:0,(anonymous_2)
FNDA:0,(anonymous_3)
FNDA:0,(anonymous_4)
FNDA:0,(anonymous_5)
FNDA:0,(anonymous_6)
FNDA:0,(anonymous_7)
FNDA:0,(anonymous_8)
FNDA:0,(anonymous_9)
FNDA:0,(anonymous_10)
FNDA:0,(anonymous_11)
FNDA:0,(anonymous_12)
FNDA:0,(anonymous_13)
FNDA:0,(anonymous_14)
DA:6,0
DA:7,0
DA:8,0
DA:9,0
DA:10,0
DA:40,0
DA:41,0
DA:44,0
DA:47,0
DA:48,0
DA:52,0
DA:53,0
DA:54,0
DA:55,0
DA:56,0
DA:57,0
DA:58,0
DA:60,0
DA:65,0
DA:66,0
DA:67,0
DA:68,0
DA:69,0
DA:76,0
DA:77,0
DA:78,0
DA:79,0
DA:80,0
DA:81,0
DA:91,0
DA:105,0
DA:106,0
DA:114,0
DA:115,0
DA:116,0
DA:118,0
DA:119,0
DA:126,0
DA:135,0
DA:141,0
DA:142,0
DA:144,0
DA:145,0
DA:153,0
DA:154,0
DA:161,0
DA:162,0
DA:166,0
DA:167,0
DA:173,0
DA:179,0
DA:183,0
DA:184,0
DA:189,0
DA:190,0
DA:194,0
DA:195,0
DA:200,0
DA:201,0
DA:202,0
DA:210,0
DA:217,0
DA:218,0
DA:219,0
DA:220,0
DA:244,0
DA:248,0
DA:249,0
DA:250,0
DA:251,0
DA:255,0
DA:256,0
LF:72
LH:0
BRDA:75,0,0,0
BRDA:76,1,0,0
BRDA:76,1,1,0
BRDA:113,2,0,0
BRDA:216,3,0,0
BRDA:249,4,0,0
BRDA:249,4,1,0
BRDA:250,5,0,0
BRDA:250,5,1,0
BRF:9
BRH:0
end_of_record
TN:
SF:src\modules\command\command.controller.ts
FN:11,(anonymous_4)
FN:20,(anonymous_5)
FN:29,(anonymous_6)
FN:38,(anonymous_7)
FN:49,(anonymous_8)
FN:57,(anonymous_9)
FN:65,(anonymous_10)
FNF:7
FNH:0
FNDA:0,(anonymous_4)
FNDA:0,(anonymous_5)
FNDA:0,(anonymous_6)
FNDA:0,(anonymous_7)
FNDA:0,(anonymous_8)
FNDA:0,(anonymous_9)
FNDA:0,(anonymous_10)
DA:1,0
DA:2,0
DA:4,0
DA:5,0
DA:6,0
DA:10,0
DA:12,0
DA:13,0
DA:20,0
DA:21,0
DA:29,0
DA:30,0
DA:38,0
DA:39,0
DA:40,0
DA:41,0
DA:42,0
DA:49,0
DA:50,0
DA:57,0
DA:58,0
DA:59,0
DA:65,0
LF:23
LH:0
BRDA:20,0,0,0
BRF:1
BRH:0
end_of_record
TN:
SF:src\modules\command\command.module.ts
FNF:0
FNH:0
DA:1,0
DA:2,0
DA:3,0
DA:4,0
DA:12,0
LF:5
LH:0
BRF:0
BRH:0
end_of_record
TN:
SF:src\modules\cqci\cqci.controller.ts
FN:9,(anonymous_4)
FN:14,(anonymous_5)
FN:21,(anonymous_6)
FN:28,(anonymous_7)
FN:34,(anonymous_8)
FNF:5
FNH:0
FNDA:0,(anonymous_4)
FNDA:0,(anonymous_5)
FNDA:0,(anonymous_6)
FNDA:0,(anonymous_7)
FNDA:0,(anonymous_8)
DA:1,0
DA:2,0
DA:3,0
DA:4,0
DA:8,0
DA:9,0
DA:14,0
DA:15,0
DA:21,0
DA:22,0
DA:28,0
DA:29,0
DA:34,0
DA:35,0
LF:14
LH:0
BRDA:15,0,0,0
BRDA:15,0,1,0
BRDA:15,1,0,0
BRDA:15,1,1,0
BRDA:15,2,0,0
BRDA:15,2,1,0
BRDA:22,3,0,0
BRDA:22,3,1,0
BRDA:22,4,0,0
BRDA:22,4,1,0
BRDA:22,5,0,0
BRDA:22,5,1,0
BRF:12
BRH:0
end_of_record
TN:
SF:src\modules\cqci\cqci.module.ts
FNF:0
FNH:0
DA:1,0
DA:2,0
DA:3,0
DA:4,0
DA:12,0
LF:5
LH:0
BRF:0
BRH:0
end_of_record
TN:
SF:src\modules\cqci\cqci.service.ts
FN:32,(anonymous_2)
FN:34,(anonymous_3)
FN:49,(anonymous_4)
FN:93,(anonymous_5)
FN:130,(anonymous_6)
FN:168,(anonymous_7)
FN:217,(anonymous_8)
FN:243,(anonymous_9)
FN:252,(anonymous_10)
FN:263,(anonymous_11)
FN:281,(anonymous_12)
FN:292,(anonymous_13)
FNF:12
FNH:9
FNDA:7,(anonymous_2)
FNDA:0,(anonymous_3)
FNDA:5,(anonymous_4)
FNDA:1,(anonymous_5)
FNDA:1,(anonymous_6)
FNDA:2,(anonymous_7)
FNDA:0,(anonymous_8)
FNDA:5,(anonymous_9)
FNDA:2,(anonymous_10)
FNDA:2,(anonymous_11)
FNDA:12,(anonymous_12)
FNDA:0,(anonymous_13)
DA:6,1
DA:7,1
DA:8,1
DA:27,1
DA:28,7
DA:30,7
DA:32,7
DA:35,0
DA:36,0
DA:37,0
DA:38,0
DA:39,0
DA:40,0
DA:42,0
DA:55,5
DA:57,0
DA:58,0
DA:60,0
DA:61,0
DA:62,0
DA:69,0
DA:70,0
DA:72,0
DA:73,0
DA:74,0
DA:77,0
DA:78,0
DA:81,0
DA:83,0
DA:84,0
DA:87,0
DA:98,1
DA:99,0
DA:101,0
DA:102,0
DA:103,0
DA:110,0
DA:111,0
DA:112,0
DA:113,0
DA:114,0
DA:116,0
DA:120,0
DA:121,0
DA:124,0
DA:131,1
DA:133,0
DA:134,0
DA:139,0
DA:140,0
DA:141,0
DA:143,0
DA:144,0
DA:145,0
DA:146,0
DA:147,0
DA:148,0
DA:152,0
DA:155,0
DA:156,0
DA:157,0
DA:158,0
DA:160,0
DA:161,0
DA:174,2
DA:177,2
DA:178,2
DA:179,2
DA:180,2
DA:184,2
DA:185,1
DA:189,2
DA:190,0
DA:194,2
DA:201,2
DA:202,2
DA:203,0
DA:205,2
DA:206,1
DA:210,2
DA:211,2
DA:218,0
DA:219,0
DA:220,0
DA:223,0
DA:224,0
DA:226,0
DA:235,0
DA:236,0
DA:245,5
DA:246,5
DA:247,30
DA:249,5
DA:253,2
DA:254,2
DA:256,12
DA:257,12
DA:258,12
DA:260,2
DA:264,2
DA:265,2
DA:274,2
DA:275,12
DA:276,12
DA:278,2
DA:283,12
DA:284,12
DA:285,12
DA:286,12
DA:287,12
DA:288,12
DA:289,12
DA:292,0
LF:113
LH:48
BRDA:53,0,0,3
BRDA:55,1,0,5
BRDA:55,1,1,0
BRDA:69,2,0,0
BRDA:69,2,1,0
BRDA:98,3,0,1
BRDA:98,3,1,0
BRDA:110,4,0,0
BRDA:110,4,1,0
BRDA:131,5,0,1
BRDA:131,5,1,0
BRDA:145,6,0,0
BRDA:145,6,1,0
BRDA:152,7,0,0
BRDA:152,7,1,0
BRDA:172,8,0,2
BRDA:177,9,0,2
BRDA:177,9,1,0
BRDA:184,10,0,1
BRDA:184,10,1,1
BRDA:189,11,0,0
BRDA:189,11,1,2
BRDA:201,12,0,2
BRDA:201,12,1,0
BRDA:202,13,0,0
BRDA:202,13,1,2
BRDA:202,14,0,2
BRDA:202,14,1,0
BRDA:205,15,0,1
BRDA:205,15,1,1
BRDA:218,16,0,0
BRDA:218,16,1,0
BRDA:275,17,0,2
BRDA:275,17,1,10
BRDA:275,18,0,9
BRDA:275,18,1,1
BRDA:276,19,0,12
BRDA:276,19,1,0
BRDA:285,20,0,5
BRDA:285,20,1,7
BRF:40
BRH:21
end_of_record
TN:
SF:src\modules\etude\etude.controller.ts
FN:10,(anonymous_4)
FN:17,(anonymous_5)
FN:26,(anonymous_6)
FN:36,(anonymous_7)
FN:47,(anonymous_8)
FN:57,(anonymous_9)
FN:70,(anonymous_10)
FN:76,(anonymous_11)
FNF:8
FNH:0
FNDA:0,(anonymous_4)
FNDA:0,(anonymous_5)
FNDA:0,(anonymous_6)
FNDA:0,(anonymous_7)
FNDA:0,(anonymous_8)
FNDA:0,(anonymous_9)
FNDA:0,(anonymous_10)
FNDA:0,(anonymous_11)
DA:1,0
DA:2,0
DA:3,0
DA:4,0
DA:9,0
DA:10,0
DA:17,0
DA:18,0
DA:26,0
DA:27,0
DA:36,0
DA:41,0
DA:47,0
DA:48,0
DA:57,0
DA:62,0
DA:70,0
DA:71,0
DA:76,0
DA:77,0
LF:20
LH:0
BRDA:17,0,0,0
BRDA:17,1,0,0
BRDA:26,2,0,0
BRDA:26,3,0,0
BRDA:37,4,0,0
BRDA:38,5,0,0
BRDA:41,6,0,0
BRDA:41,6,1,0
BRDA:48,7,0,0
BRDA:48,7,1,0
BRDA:58,8,0,0
BRDA:59,9,0,0
BRDA:60,10,0,0
BRDA:70,11,0,0
BRDA:70,12,0,0
BRF:15
BRH:0
end_of_record
TN:
SF:src\modules\etude\etude.module.ts
FNF:0
FNH:0
DA:1,0
DA:2,0
DA:3,0
DA:4,0
DA:12,0
LF:5
LH:0
BRF:0
BRH:0
end_of_record
TN:
SF:src\modules\etude\etude.service.ts
FN:16,(anonymous_2)
FN:18,(anonymous_3)
FN:33,(anonymous_4)
FN:53,(anonymous_5)
FN:56,(anonymous_6)
FN:74,(anonymous_7)
FN:86,(anonymous_8)
FN:99,(anonymous_9)
FN:121,(anonymous_10)
FN:133,(anonymous_11)
FN:134,(anonymous_12)
FN:166,(anonymous_13)
FN:200,(anonymous_14)
FN:202,(anonymous_15)
FN:206,(anonymous_16)
FN:213,(anonymous_17)
FN:221,(anonymous_18)
FNF:17
FNH:0
FNDA:0,(anonymous_2)
FNDA:0,(anonymous_3)
FNDA:0,(anonymous_4)
FNDA:0,(anonymous_5)
FNDA:0,(anonymous_6)
FNDA:0,(anonymous_7)
FNDA:0,(anonymous_8)
FNDA:0,(anonymous_9)
FNDA:0,(anonymous_10)
FNDA:0,(anonymous_11)
FNDA:0,(anonymous_12)
FNDA:0,(anonymous_13)
FNDA:0,(anonymous_14)
FNDA:0,(anonymous_15)
FNDA:0,(anonymous_16)
FNDA:0,(anonymous_17)
FNDA:0,(anonymous_18)
DA:6,0
DA:7,0
DA:8,0
DA:11,0
DA:12,0
DA:14,0
DA:16,0
DA:19,0
DA:20,0
DA:21,0
DA:22,0
DA:23,0
DA:24,0
DA:26,0
DA:34,0
DA:36,0
DA:37,0
DA:43,0
DA:44,0
DA:46,0
DA:53,0
DA:56,0
DA:66,0
DA:67,0
DA:75,0
DA:76,0
DA:80,0
DA:87,0
DA:88,0
DA:89,0
DA:90,0
DA:91,0
DA:92,0
DA:93,0
DA:106,0
DA:108,0
DA:109,0
DA:114,0
DA:115,0
DA:122,0
DA:124,0
DA:133,0
DA:134,0
DA:148,0
DA:149,0
DA:150,0
DA:155,0
DA:159,0
DA:160,0
DA:167,0
DA:168,0
DA:170,0
DA:174,0
DA:175,0
DA:177,0
DA:178,0
DA:182,0
DA:183,0
DA:184,0
DA:189,0
DA:193,0
DA:194,0
DA:201,0
DA:202,0
DA:203,0
DA:207,0
DA:208,0
DA:209,0
DA:210,0
DA:214,0
DA:221,0
LF:71
LH:0
BRDA:33,0,0,0
BRDA:33,1,0,0
BRDA:34,2,0,0
BRDA:34,2,1,0
BRDA:74,3,0,0
BRDA:74,4,0,0
BRDA:75,5,0,0
BRDA:75,5,1,0
BRDA:86,6,0,0
BRDA:86,7,0,0
BRDA:87,8,0,0
BRDA:87,8,1,0
BRDA:90,9,0,0
BRDA:90,9,1,0
BRDA:104,10,0,0
BRDA:106,11,0,0
BRDA:106,11,1,0
BRDA:108,12,0,0
BRDA:108,12,1,0
BRDA:121,13,0,0
BRDA:121,14,0,0
BRDA:121,15,0,0
BRDA:148,16,0,0
BRDA:148,16,1,0
BRDA:166,17,0,0
BRDA:166,18,0,0
BRDA:175,19,0,0
BRDA:175,19,1,0
BRDA:178,20,0,0
BRDA:178,20,1,0
BRDA:182,21,0,0
BRDA:182,21,1,0
BRDA:201,22,0,0
BRDA:201,22,1,0
BRF:34
BRH:0
end_of_record
TN:
SF:src\modules\freemium\freemium.controller.ts
FN:9,(anonymous_4)
FN:15,(anonymous_5)
FN:24,(anonymous_6)
FN:36,(anonymous_7)
FN:44,(anonymous_8)
FN:52,(anonymous_9)
FN:60,(anonymous_10)
FNF:7
FNH:0
FNDA:0,(anonymous_4)
FNDA:0,(anonymous_5)
FNDA:0,(anonymous_6)
FNDA:0,(anonymous_7)
FNDA:0,(anonymous_8)
FNDA:0,(anonymous_9)
FNDA:0,(anonymous_10)
DA:1,0
DA:2,0
DA:3,0
DA:4,0
DA:8,0
DA:9,0
DA:15,0
DA:16,0
DA:24,0
DA:29,0
DA:36,0
DA:37,0
DA:44,0
DA:45,0
DA:52,0
DA:53,0
DA:54,0
DA:60,0
LF:18
LH:0
BRDA:27,0,0,0
BRDA:52,1,0,0
BRF:2
BRH:0
end_of_record
TN:
SF:src\modules\freemium\freemium.module.ts
FNF:0
FNH:0
DA:1,0
DA:2,0
DA:3,0
DA:4,0
DA:5,0
DA:13,0
LF:6
LH:0
BRF:0
BRH:0
end_of_record
TN:
SF:src\modules\freemium\freemium.service.ts
FN:40,(anonymous_2)
FN:46,(anonymous_3)
FN:60,(anonymous_4)
FN:61,(anonymous_5)
FN:68,(anonymous_6)
FN:118,(anonymous_7)
FN:146,(anonymous_8)
FN:179,(anonymous_9)
FN:217,(anonymous_10)
FN:230,(anonymous_11)
FN:250,(anonymous_12)
FN:257,(anonymous_13)
FN:261,(anonymous_14)
FNF:13
FNH:0
FNDA:0,(anonymous_2)
FNDA:0,(anonymous_3)
FNDA:0,(anonymous_4)
FNDA:0,(anonymous_5)
FNDA:0,(anonymous_6)
FNDA:0,(anonymous_7)
FNDA:0,(anonymous_8)
FNDA:0,(anonymous_9)
FNDA:0,(anonymous_10)
FNDA:0,(anonymous_11)
FNDA:0,(anonymous_12)
FNDA:0,(anonymous_13)
FNDA:0,(anonymous_14)
DA:7,0
DA:8,0
DA:9,0
DA:10,0
DA:11,0
DA:35,0
DA:36,0
DA:38,0
DA:41,0
DA:42,0
DA:43,0
DA:47,0
DA:48,0
DA:49,0
DA:50,0
DA:51,0
DA:52,0
DA:53,0
DA:54,0
DA:56,0
DA:61,0
DA:73,0
DA:74,0
DA:75,0
DA:77,0
DA:79,0
DA:82,0
DA:84,0
DA:93,0
DA:94,0
DA:95,0
DA:97,0
DA:98,0
DA:99,0
DA:103,0
DA:106,0
DA:108,0
DA:110,0
DA:111,0
DA:119,0
DA:120,0
DA:121,0
DA:123,0
DA:124,0
DA:127,0
DA:128,0
DA:132,0
DA:133,0
DA:134,0
DA:135,0
DA:137,0
DA:138,0
DA:151,0
DA:152,0
DA:154,0
DA:156,0
DA:165,0
DA:166,0
DA:168,0
DA:169,0
DA:171,0
DA:172,0
DA:184,0
DA:185,0
DA:191,0
DA:192,0
DA:195,0
DA:196,0
DA:197,0
DA:201,0
DA:206,0
DA:207,0
DA:209,0
DA:210,0
DA:218,0
DA:219,0
DA:223,0
DA:224,0
DA:231,0
DA:232,0
DA:240,0
DA:251,0
DA:258,0
DA:262,0
DA:263,0
DA:264,0
DA:265,0
LF:87
LH:0
BRDA:48,0,0,0
BRDA:48,0,1,0
BRDA:61,1,0,0
BRDA:61,1,1,0
BRDA:71,2,0,0
BRDA:74,3,0,0
BRDA:74,3,1,0
BRDA:77,4,0,0
BRDA:77,4,1,0
BRDA:93,5,0,0
BRDA:93,5,1,0
BRDA:98,6,0,0
BRDA:98,6,1,0
BRDA:99,7,0,0
BRDA:99,7,1,0
BRDA:118,8,0,0
BRDA:120,9,0,0
BRDA:120,9,1,0
BRDA:123,10,0,0
BRDA:123,10,1,0
BRDA:132,11,0,0
BRDA:132,11,1,0
BRDA:135,12,0,0
BRDA:135,12,1,0
BRDA:149,13,0,0
BRDA:182,14,0,0
BRDA:191,15,0,0
BRDA:191,15,1,0
BRDA:196,16,0,0
BRDA:196,16,1,0
BRDA:217,17,0,0
BRDA:231,18,0,0
BRDA:231,18,1,0
BRDA:232,19,0,0
BRDA:232,19,1,0
BRF:35
BRH:0
end_of_record
TN:
SF:src\modules\moderation\moderation.controller.ts
FN:23,(anonymous_4)
FN:30,(anonymous_5)
FN:36,(anonymous_6)
FN:42,(anonymous_7)
FN:48,(anonymous_8)
FN:54,(anonymous_9)
FN:60,(anonymous_10)
FN:67,(anonymous_11)
FN:74,(anonymous_12)
FNF:9
FNH:0
FNDA:0,(anonymous_4)
FNDA:0,(anonymous_5)
FNDA:0,(anonymous_6)
FNDA:0,(anonymous_7)
FNDA:0,(anonymous_8)
FNDA:0,(anonymous_9)
FNDA:0,(anonymous_10)
FNDA:0,(anonymous_11)
FNDA:0,(anonymous_12)
DA:1,0
DA:2,0
DA:3,0
DA:4,0
DA:22,0
DA:24,0
DA:25,0
DA:30,0
DA:31,0
DA:36,0
DA:37,0
DA:42,0
DA:43,0
DA:48,0
DA:49,0
DA:54,0
DA:55,0
DA:60,0
DA:61,0
DA:62,0
DA:67,0
DA:68,0
DA:69,0
DA:74,0
DA:75,0
LF:25
LH:0
BRDA:43,0,0,0
BRDA:43,0,1,0
BRDA:49,1,0,0
BRDA:49,1,1,0
BRDA:49,2,0,0
BRDA:49,2,1,0
BRDA:55,3,0,0
BRDA:55,3,1,0
BRF:8
BRH:0
end_of_record
TN:
SF:src\modules\moderation\moderation.module.ts
FNF:0
FNH:0
DA:1,0
DA:2,0
DA:3,0
DA:4,0
DA:5,0
DA:6,0
DA:14,0
LF:7
LH:0
BRF:0
BRH:0
end_of_record
TN:
SF:src\modules\moderation\moderation.service.ts
FN:35,(anonymous_2)
FN:45,(anonymous_3)
FN:104,(anonymous_4)
FN:109,(anonymous_5)
FN:135,(anonymous_6)
FN:156,(anonymous_7)
FN:178,(anonymous_8)
FN:204,(anonymous_9)
FN:217,(anonymous_10)
FNF:9
FNH:0
FNDA:0,(anonymous_2)
FNDA:0,(anonymous_3)
FNDA:0,(anonymous_4)
FNDA:0,(anonymous_5)
FNDA:0,(anonymous_6)
FNDA:0,(anonymous_7)
FNDA:0,(anonymous_8)
FNDA:0,(anonymous_9)
FNDA:0,(anonymous_10)
DA:7,0
DA:8,0
DA:9,0
DA:10,0
DA:11,0
DA:23,0
DA:24,0
DA:25,0
DA:30,0
DA:36,0
DA:37,0
DA:45,0
DA:46,0
DA:48,0
DA:49,0
DA:52,0
DA:59,0
DA:60,0
DA:62,0
DA:63,0
DA:65,0
DA:67,0
DA:76,0
DA:77,0
DA:80,0
DA:89,0
DA:90,0
DA:94,0
DA:97,0
DA:104,0
DA:105,0
DA:106,0
DA:110,0
DA:111,0
DA:113,0
DA:121,0
DA:125,0
DA:126,0
DA:128,0
DA:136,0
DA:137,0
DA:146,0
DA:147,0
DA:149,0
DA:157,0
DA:158,0
DA:168,0
DA:169,0
DA:171,0
DA:183,0
DA:184,0
DA:194,0
DA:195,0
DA:197,0
DA:205,0
DA:206,0
DA:207,0
DA:218,0
DA:219,0
DA:221,0
DA:228,0
LF:61
LH:0
BRDA:65,0,0,0
BRDA:65,0,1,0
BRDA:127,1,0,0
BRDA:127,1,1,0
BRDA:206,2,0,0
BRDA:206,2,1,0
BRF:6
BRH:0
end_of_record
TN:
SF:src\modules\moderation\push-sms.service.ts
FN:28,(anonymous_2)
FN:39,(anonymous_3)
FN:65,(anonymous_4)
FN:66,(anonymous_5)
FN:75,(anonymous_6)
FN:123,(anonymous_7)
FN:142,(anonymous_8)
FN:150,(anonymous_9)
FN:161,(anonymous_10)
FN:162,(anonymous_11)
FNF:10
FNH:0
FNDA:0,(anonymous_2)
FNDA:0,(anonymous_3)
FNDA:0,(anonymous_4)
FNDA:0,(anonymous_5)
FNDA:0,(anonymous_6)
FNDA:0,(anonymous_7)
FNDA:0,(anonymous_8)
FNDA:0,(anonymous_9)
FNDA:0,(anonymous_10)
FNDA:0,(anonymous_11)
DA:6,0
DA:7,0
DA:8,0
DA:9,0
DA:10,0
DA:11,0
DA:21,0
DA:22,0
DA:23,0
DA:29,0
DA:30,0
DA:32,0
DA:39,0
DA:40,0
DA:42,0
DA:43,0
DA:46,0
DA:54,0
DA:56,0
DA:58,0
DA:59,0
DA:60,0
DA:62,0
DA:65,0
DA:66,0
DA:67,0
DA:69,0
DA:76,0
DA:79,0
DA:90,0
DA:91,0
DA:92,0
DA:95,0
DA:97,0
DA:99,0
DA:100,0
DA:101,0
DA:106,0
DA:107,0
DA:110,0
DA:112,0
DA:116,0
DA:124,0
DA:126,0
DA:128,0
DA:130,0
DA:131,0
DA:135,0
DA:136,0
DA:143,0
DA:144,0
DA:151,0
DA:158,0
DA:162,0
LF:54
LH:0
BRDA:104,0,0,0
BRDA:104,0,1,0
BRDA:106,1,0,0
BRDA:106,1,1,0
BRDA:126,2,0,0
BRDA:126,2,1,0
BRDA:131,3,0,0
BRDA:131,3,1,0
BRF:8
BRH:0
end_of_record
TN:
SF:src\modules\op\job.controller.ts
FN:10,(anonymous_4)
FN:15,(anonymous_5)
FN:28,(anonymous_6)
FN:42,(anonymous_7)
FN:53,(anonymous_8)
FN:66,(anonymous_9)
FN:78,(anonymous_10)
FN:85,(anonymous_11)
FNF:8
FNH:0
FNDA:0,(anonymous_4)
FNDA:0,(anonymous_5)
FNDA:0,(anonymous_6)
FNDA:0,(anonymous_7)
FNDA:0,(anonymous_8)
FNDA:0,(anonymous_9)
FNDA:0,(anonymous_10)
FNDA:0,(anonymous_11)
DA:1,0
DA:2,0
DA:3,0
DA:4,0
DA:8,0
DA:10,0
DA:15,0
DA:16,0
DA:28,0
DA:29,0
DA:42,0
DA:43,0
DA:53,0
DA:57,0
DA:66,0
DA:67,0
DA:78,0
DA:79,0
DA:85,0
LF:19
LH:0
BRDA:29,0,0,0
BRDA:29,0,1,0
BRDA:45,1,0,0
BRDA:45,1,1,0
BRDA:58,2,0,0
BRDA:58,2,1,0
BRDA:69,3,0,0
BRDA:69,3,1,0
BRDA:69,4,0,0
BRDA:69,4,1,0
BRDA:78,5,0,0
BRF:11
BRH:0
end_of_record
TN:
SF:src\modules\op\job.service.ts
FN:27,(anonymous_2)
FN:32,(anonymous_3)
FN:44,(anonymous_4)
FN:72,(anonymous_5)
FN:94,(anonymous_6)
FN:117,(anonymous_7)
FN:123,(anonymous_8)
FN:136,(anonymous_9)
FN:147,(anonymous_10)
FN:162,(anonymous_11)
FN:180,(anonymous_12)
FN:187,(anonymous_13)
FN:197,(anonymous_14)
FNF:13
FNH:0
FNDA:0,(anonymous_2)
FNDA:0,(anonymous_3)
FNDA:0,(anonymous_4)
FNDA:0,(anonymous_5)
FNDA:0,(anonymous_6)
FNDA:0,(anonymous_7)
FNDA:0,(anonymous_8)
FNDA:0,(anonymous_9)
FNDA:0,(anonymous_10)
FNDA:0,(anonymous_11)
FNDA:0,(anonymous_12)
FNDA:0,(anonymous_13)
FNDA:0,(anonymous_14)
DA:5,0
DA:6,0
DA:7,0
DA:8,0
DA:22,0
DA:23,0
DA:25,0
DA:28,0
DA:29,0
DA:33,0
DA:34,0
DA:35,0
DA:36,0
DA:37,0
DA:38,0
DA:40,0
DA:45,0
DA:46,0
DA:47,0
DA:48,0
DA:49,0
DA:50,0
DA:51,0
DA:52,0
DA:53,0
DA:54,0
DA:56,0
DA:64,0
DA:65,0
DA:67,0
DA:68,0
DA:73,0
DA:74,0
DA:75,0
DA:76,0
DA:77,0
DA:78,0
DA:82,0
DA:86,0
DA:87,0
DA:89,0
DA:90,0
DA:95,0
DA:96,0
DA:100,0
DA:101,0
DA:102,0
DA:104,0
DA:105,0
DA:109,0
DA:110,0
DA:112,0
DA:113,0
DA:118,0
DA:119,0
DA:120,0
DA:121,0
DA:122,0
DA:123,0
DA:124,0
DA:125,0
DA:126,0
DA:127,0
DA:128,0
DA:130,0
DA:131,0
DA:132,0
DA:133,0
DA:134,0
DA:135,0
DA:136,0
DA:137,0
DA:138,0
DA:140,0
DA:142,0
DA:143,0
DA:148,0
DA:149,0
DA:150,0
DA:154,0
DA:155,0
DA:157,0
DA:158,0
DA:163,0
DA:164,0
DA:165,0
DA:169,0
DA:170,0
DA:171,0
DA:172,0
DA:173,0
DA:175,0
DA:176,0
DA:181,0
DA:188,0
DA:197,0
LF:96
LH:0
BRDA:45,0,0,0
BRDA:45,0,1,0
BRDA:46,1,0,0
BRDA:46,1,1,0
BRDA:48,2,0,0
BRDA:48,2,1,0
BRDA:51,3,0,0
BRDA:51,3,1,0
BRDA:52,4,0,0
BRDA:52,4,1,0
BRDA:72,5,0,0
BRDA:75,6,0,0
BRDA:75,6,1,0
BRDA:77,7,0,0
BRDA:77,7,1,0
BRDA:94,8,0,0
BRDA:94,9,0,0
BRDA:95,10,0,0
BRDA:95,10,1,0
BRDA:102,11,0,0
BRDA:102,11,1,0
BRDA:117,12,0,0
BRDA:117,13,0,0
BRDA:120,14,0,0
BRDA:120,14,1,0
BRDA:122,15,0,0
BRDA:122,15,1,0
BRDA:124,16,0,0
BRDA:124,16,1,0
BRDA:125,17,0,0
BRDA:125,17,1,0
BRDA:128,18,0,0
BRDA:128,18,1,0
BRDA:131,19,0,0
BRDA:131,19,1,0
BRDA:135,20,0,0
BRDA:135,20,1,0
BRDA:140,21,0,0
BRDA:140,21,1,0
BRDA:140,22,0,0
BRDA:140,22,1,0
BRDA:140,23,0,0
BRDA:140,23,1,0
BRDA:147,24,0,0
BRDA:152,25,0,0
BRDA:152,25,1,0
BRDA:162,26,0,0
BRDA:163,27,0,0
BRDA:163,27,1,0
BRDA:172,28,0,0
BRDA:172,28,1,0
BRDA:173,29,0,0
BRDA:173,29,1,0
BRF:53
BRH:0
end_of_record
TN:
SF:src\modules\op\op.controller.ts
FN:7,(anonymous_4)
FN:11,(anonymous_5)
FN:17,(anonymous_6)
FNF:3
FNH:0
FNDA:0,(anonymous_4)
FNDA:0,(anonymous_5)
FNDA:0,(anonymous_6)
DA:1,0
DA:2,0
DA:3,0
DA:6,0
DA:7,0
DA:11,0
DA:12,0
DA:17,0
DA:18,0
LF:9
LH:0
BRF:0
BRH:0
end_of_record
TN:
SF:src\modules\op\op.module.ts
FNF:0
FNH:0
DA:1,0
DA:2,0
DA:3,0
DA:4,0
DA:5,0
DA:6,0
DA:7,0
DA:15,0
LF:8
LH:0
BRF:0
BRH:0
end_of_record
TN:
SF:src\modules\op\op.service.ts
FN:47,(anonymous_2)
FN:52,(anonymous_3)
FN:65,(anonymous_4)
FN:92,(anonymous_5)
FN:117,(anonymous_6)
FN:136,(anonymous_7)
FN:139,(anonymous_8)
FN:163,(anonymous_9)
FN:180,(anonymous_10)
FN:218,(anonymous_11)
FN:276,(anonymous_12)
FN:296,(anonymous_13)
FN:314,(anonymous_14)
FN:340,(anonymous_15)
FN:371,(anonymous_16)
FN:382,(anonymous_17)
FN:386,(anonymous_18)
FN:390,(anonymous_19)
FN:403,(anonymous_20)
FN:407,(anonymous_21)
FN:416,(anonymous_22)
FN:417,(anonymous_23)
FN:417,(anonymous_24)
FN:420,(anonymous_25)
FN:428,(anonymous_26)
FN:436,(anonymous_27)
FN:444,(anonymous_28)
FN:451,(anonymous_29)
FN:459,(anonymous_30)
FN:466,(anonymous_31)
FNF:30
FNH:0
FNDA:0,(anonymous_2)
FNDA:0,(anonymous_3)
FNDA:0,(anonymous_4)
FNDA:0,(anonymous_5)
FNDA:0,(anonymous_6)
FNDA:0,(anonymous_7)
FNDA:0,(anonymous_8)
FNDA:0,(anonymous_9)
FNDA:0,(anonymous_10)
FNDA:0,(anonymous_11)
FNDA:0,(anonymous_12)
FNDA:0,(anonymous_13)
FNDA:0,(anonymous_14)
FNDA:0,(anonymous_15)
FNDA:0,(anonymous_16)
FNDA:0,(anonymous_17)
FNDA:0,(anonymous_18)
FNDA:0,(anonymous_19)
FNDA:0,(anonymous_20)
FNDA:0,(anonymous_21)
FNDA:0,(anonymous_22)
FNDA:0,(anonymous_23)
FNDA:0,(anonymous_24)
FNDA:0,(anonymous_25)
FNDA:0,(anonymous_26)
FNDA:0,(anonymous_27)
FNDA:0,(anonymous_28)
FNDA:0,(anonymous_29)
FNDA:0,(anonymous_30)
FNDA:0,(anonymous_31)
DA:5,0
DA:6,0
DA:7,0
DA:8,0
DA:41,0
DA:42,0
DA:45,0
DA:48,0
DA:49,0
DA:53,0
DA:54,0
DA:55,0
DA:56,0
DA:57,0
DA:58,0
DA:59,0
DA:61,0
DA:66,0
DA:67,0
DA:72,0
DA:73,0
DA:76,0
DA:77,0
DA:78,0
DA:84,0
DA:85,0
DA:86,0
DA:88,0
DA:89,0
DA:93,0
DA:94,0
DA:95,0
DA:96,0
DA:97,0
DA:98,0
DA:99,0
DA:110,0
DA:112,0
DA:114,0
DA:118,0
DA:119,0
DA:120,0
DA:121,0
DA:122,0
DA:123,0
DA:124,0
DA:125,0
DA:126,0
DA:127,0
DA:128,0
DA:129,0
DA:130,0
DA:131,0
DA:132,0
DA:133,0
DA:134,0
DA:135,0
DA:136,0
DA:140,0
DA:141,0
DA:142,0
DA:143,0
DA:144,0
DA:145,0
DA:146,0
DA:156,0
DA:158,0
DA:160,0
DA:164,0
DA:165,0
DA:166,0
DA:167,0
DA:173,0
DA:175,0
DA:177,0
DA:181,0
DA:182,0
DA:183,0
DA:184,0
DA:219,0
DA:220,0
DA:221,0
DA:277,0
DA:279,0
DA:287,0
DA:288,0
DA:289,0
DA:291,0
DA:292,0
DA:297,0
DA:299,0
DA:305,0
DA:306,0
DA:307,0
DA:309,0
DA:310,0
DA:315,0
DA:316,0
DA:317,0
DA:318,0
DA:319,0
DA:320,0
DA:321,0
DA:322,0
DA:341,0
DA:342,0
DA:343,0
DA:344,0
DA:345,0
DA:346,0
DA:349,0
DA:358,0
DA:363,0
DA:364,0
DA:366,0
DA:367,0
DA:372,0
DA:373,0
DA:377,0
DA:378,0
DA:379,0
DA:383,0
DA:384,0
DA:385,0
DA:386,0
DA:387,0
DA:388,0
DA:390,0
DA:391,0
DA:392,0
DA:393,0
DA:395,0
DA:396,0
DA:397,0
DA:398,0
DA:400,0
DA:404,0
DA:405,0
DA:406,0
DA:407,0
DA:409,0
DA:413,0
DA:417,0
DA:421,0
DA:422,0
DA:425,0
DA:429,0
DA:430,0
DA:437,0
DA:438,0
DA:445,0
DA:452,0
DA:460,0
DA:467,0
DA:468,0
DA:469,0
LF:156
LH:0
BRDA:72,0,0,0
BRDA:72,0,1,0
BRDA:73,1,0,0
BRDA:73,1,1,0
BRDA:82,2,0,0
BRDA:82,2,1,0
BRDA:84,3,0,0
BRDA:84,3,1,0
BRDA:93,4,0,0
BRDA:93,4,1,0
BRDA:94,5,0,0
BRDA:94,5,1,0
BRDA:96,6,0,0
BRDA:96,6,1,0
BRDA:110,7,0,0
BRDA:110,7,1,0
BRDA:118,8,0,0
BRDA:118,8,1,0
BRDA:119,9,0,0
BRDA:119,9,1,0
BRDA:120,10,0,0
BRDA:120,10,1,0
BRDA:121,11,0,0
BRDA:121,11,1,0
BRDA:122,12,0,0
BRDA:122,12,1,0
BRDA:124,13,0,0
BRDA:124,13,1,0
BRDA:124,14,0,0
BRDA:124,14,1,0
BRDA:126,15,0,0
BRDA:126,15,1,0
BRDA:126,16,0,0
BRDA:126,16,1,0
BRDA:126,16,2,0
BRDA:128,17,0,0
BRDA:128,17,1,0
BRDA:128,18,0,0
BRDA:128,18,1,0
BRDA:130,19,0,0
BRDA:130,19,1,0
BRDA:132,20,0,0
BRDA:132,20,1,0
BRDA:134,21,0,0
BRDA:134,21,1,0
BRDA:140,22,0,0
BRDA:140,22,1,0
BRDA:142,23,0,0
BRDA:142,23,1,0
BRDA:143,24,0,0
BRDA:143,24,1,0
BRDA:145,25,0,0
BRDA:145,25,1,0
BRDA:156,26,0,0
BRDA:156,26,1,0
BRDA:164,27,0,0
BRDA:164,27,1,0
BRDA:166,28,0,0
BRDA:166,28,1,0
BRDA:166,29,0,0
BRDA:166,29,1,0
BRDA:173,30,0,0
BRDA:173,30,1,0
BRDA:181,31,0,0
BRDA:181,31,1,0
BRDA:182,32,0,0
BRDA:182,32,1,0
BRDA:183,33,0,0
BRDA:183,33,1,0
BRDA:189,34,0,0
BRDA:189,34,1,0
BRDA:201,35,0,0
BRDA:201,35,1,0
BRDA:219,36,0,0
BRDA:219,36,1,0
BRDA:220,37,0,0
BRDA:220,37,1,0
BRDA:220,37,2,0
BRDA:229,38,0,0
BRDA:229,38,1,0
BRDA:239,39,0,0
BRDA:239,39,1,0
BRDA:277,40,0,0
BRDA:277,40,1,0
BRDA:277,40,2,0
BRDA:282,41,0,0
BRDA:282,41,1,0
BRDA:284,42,0,0
BRDA:284,42,1,0
BRDA:285,43,0,0
BRDA:285,43,1,0
BRDA:288,44,0,0
BRDA:288,44,1,0
BRDA:289,45,0,0
BRDA:289,45,1,0
BRDA:297,46,0,0
BRDA:297,46,1,0
BRDA:297,46,2,0
BRDA:301,47,0,0
BRDA:301,47,1,0
BRDA:302,48,0,0
BRDA:302,48,1,0
BRDA:306,49,0,0
BRDA:306,49,1,0
BRDA:307,50,0,0
BRDA:307,50,1,0
BRDA:315,51,0,0
BRDA:315,51,1,0
BRDA:316,52,0,0
BRDA:316,52,1,0
BRDA:323,53,0,0
BRDA:323,53,1,0
BRDA:326,54,0,0
BRDA:326,54,1,0
BRDA:327,55,0,0
BRDA:327,55,1,0
BRDA:341,56,0,0
BRDA:341,56,1,0
BRDA:342,57,0,0
BRDA:342,57,1,0
BRDA:345,58,0,0
BRDA:345,58,1,0
BRDA:346,59,0,0
BRDA:346,59,1,0
BRDA:347,60,0,0
BRDA:347,60,1,0
BRDA:347,60,2,0
BRDA:347,61,0,0
BRDA:347,61,1,0
BRDA:348,62,0,0
BRDA:348,62,1,0
BRDA:348,63,0,0
BRDA:348,63,1,0
BRDA:349,64,0,0
BRDA:349,64,1,0
BRDA:351,65,0,0
BRDA:351,65,1,0
BRDA:352,66,0,0
BRDA:352,66,1,0
BRDA:353,67,0,0
BRDA:353,67,1,0
BRDA:354,68,0,0
BRDA:354,68,1,0
BRDA:355,69,0,0
BRDA:355,69,1,0
BRDA:356,70,0,0
BRDA:356,70,1,0
BRDA:357,71,0,0
BRDA:357,71,1,0
BRDA:358,72,0,0
BRDA:358,72,1,0
BRDA:359,73,0,0
BRDA:359,73,1,0
BRDA:363,74,0,0
BRDA:363,74,1,0
BRDA:364,75,0,0
BRDA:364,75,1,0
BRDA:377,76,0,0
BRDA:377,76,1,0
BRDA:383,77,0,0
BRDA:383,77,1,0
BRDA:384,78,0,0
BRDA:384,78,1,0
BRDA:385,79,0,0
BRDA:385,79,1,0
BRDA:386,80,0,0
BRDA:386,80,1,0
BRDA:391,81,0,0
BRDA:391,81,1,0
BRDA:395,82,0,0
BRDA:395,82,1,0
BRDA:398,83,0,0
BRDA:398,83,1,0
BRDA:404,84,0,0
BRDA:404,84,1,0
BRDA:406,85,0,0
BRDA:406,85,1,0
BRDA:411,86,0,0
BRDA:411,86,1,0
BRDA:411,87,0,0
BRDA:411,87,1,0
BRDA:411,88,0,0
BRDA:411,88,1,0
BRDA:421,89,0,0
BRDA:421,89,1,0
BRDA:422,90,0,0
BRDA:422,90,1,0
BRDA:423,91,0,0
BRDA:423,91,1,0
BRDA:423,91,2,0
BRDA:424,92,0,0
BRDA:424,92,1,0
BRDA:429,93,0,0
BRDA:429,93,1,0
BRDA:429,93,2,0
BRDA:430,94,0,0
BRDA:430,94,1,0
BRDA:431,95,0,0
BRDA:431,95,1,0
BRDA:432,96,0,0
BRDA:432,96,1,0
BRDA:437,97,0,0
BRDA:437,97,1,0
BRDA:437,97,2,0
BRDA:438,98,0,0
BRDA:438,98,1,0
BRDA:467,99,0,0
BRDA:467,99,1,0
BRDA:468,100,0,0
BRDA:468,100,1,0
BRF:210
BRH:0
end_of_record
TN:
SF:src\modules\os\bac.service.ts
FN:224,(anonymous_2)
FN:230,(anonymous_3)
FN:251,(anonymous_4)
FN:256,(anonymous_5)
FN:288,(anonymous_6)
FN:458,(anonymous_7)
FN:459,(anonymous_8)
FN:464,(anonymous_9)
FN:492,(anonymous_10)
FN:500,(anonymous_11)
FN:501,(anonymous_12)
FN:511,(anonymous_13)
FN:513,(anonymous_14)
FN:514,(anonymous_15)
FN:515,(anonymous_16)
FN:520,(anonymous_17)
FN:539,(anonymous_18)
FN:551,(anonymous_19)
FN:575,(anonymous_20)
FN:586,(anonymous_21)
FN:588,(anonymous_22)
FN:590,(anonymous_23)
FN:594,(anonymous_24)
FN:600,(anonymous_25)
FN:603,(anonymous_26)
FN:605,(anonymous_27)
FN:610,(anonymous_28)
FN:611,(anonymous_29)
FN:625,(anonymous_30)
FN:644,(anonymous_31)
FN:646,(anonymous_32)
FNF:31
FNH:0
FNDA:0,(anonymous_2)
FNDA:0,(anonymous_3)
FNDA:0,(anonymous_4)
FNDA:0,(anonymous_5)
FNDA:0,(anonymous_6)
FNDA:0,(anonymous_7)
FNDA:0,(anonymous_8)
FNDA:0,(anonymous_9)
FNDA:0,(anonymous_10)
FNDA:0,(anonymous_11)
FNDA:0,(anonymous_12)
FNDA:0,(anonymous_13)
FNDA:0,(anonymous_14)
FNDA:0,(anonymous_15)
FNDA:0,(anonymous_16)
FNDA:0,(anonymous_17)
FNDA:0,(anonymous_18)
FNDA:0,(anonymous_19)
FNDA:0,(anonymous_20)
FNDA:0,(anonymous_21)
FNDA:0,(anonymous_22)
FNDA:0,(anonymous_23)
FNDA:0,(anonymous_24)
FNDA:0,(anonymous_25)
FNDA:0,(anonymous_26)
FNDA:0,(anonymous_27)
FNDA:0,(anonymous_28)
FNDA:0,(anonymous_29)
FNDA:0,(anonymous_30)
FNDA:0,(anonymous_31)
FNDA:0,(anonymous_32)
DA:1,0
DA:14,0
DA:15,0
DA:116,0
DA:133,0
DA:207,0
DA:221,0
DA:222,0
DA:224,0
DA:231,0
DA:234,0
DA:237,0
DA:240,0
DA:243,0
DA:246,0
DA:251,0
DA:252,0
DA:256,0
DA:259,0
DA:264,0
DA:270,0
DA:297,0
DA:410,0
DA:412,0
DA:414,0
DA:417,0
DA:420,0
DA:423,0
DA:424,0
DA:427,0
DA:434,0
DA:437,0
DA:439,0
DA:458,0
DA:459,0
DA:460,0
DA:465,0
DA:468,0
DA:469,0
DA:470,0
DA:473,0
DA:481,0
DA:482,0
DA:485,0
DA:486,0
DA:488,0
DA:493,0
DA:494,0
DA:495,0
DA:496,0
DA:501,0
DA:502,0
DA:503,0
DA:504,0
DA:505,0
DA:506,0
DA:512,0
DA:513,0
DA:514,0
DA:515,0
DA:516,0
DA:521,0
DA:522,0
DA:523,0
DA:524,0
DA:525,0
DA:526,0
DA:527,0
DA:540,0
DA:541,0
DA:542,0
DA:543,0
DA:544,0
DA:545,0
DA:546,0
DA:547,0
DA:552,0
DA:553,0
DA:554,0
DA:563,0
DA:576,0
DA:587,0
DA:588,0
DA:590,0
DA:595,0
DA:596,0
DA:599,0
DA:600,0
DA:604,0
DA:605,0
DA:607,0
DA:611,0
DA:612,0
DA:621,0
DA:630,0
DA:644,0
DA:646,0
DA:656,0
DA:657,0
DA:659,0
LF:100
LH:0
BRDA:243,0,0,0
BRDA:243,0,1,0
BRDA:259,1,0,0
BRDA:259,1,1,0
BRDA:414,2,0,0
BRDA:414,2,1,0
BRDA:468,3,0,0
BRDA:468,3,1,0
BRDA:469,4,0,0
BRDA:469,4,1,0
BRDA:470,5,0,0
BRDA:470,5,1,0
BRDA:481,6,0,0
BRDA:481,6,1,0
BRDA:482,7,0,0
BRDA:482,7,1,0
BRDA:485,8,0,0
BRDA:485,8,1,0
BRDA:485,9,0,0
BRDA:485,9,1,0
BRDA:486,10,0,0
BRDA:486,10,1,0
BRDA:486,11,0,0
BRDA:486,11,1,0
BRDA:503,12,0,0
BRDA:503,12,1,0
BRDA:512,13,0,0
BRDA:512,13,1,0
BRDA:521,14,0,0
BRDA:521,14,1,0
BRDA:522,15,0,0
BRDA:522,15,1,0
BRDA:523,16,0,0
BRDA:523,16,1,0
BRDA:524,17,0,0
BRDA:524,17,1,0
BRDA:526,18,0,0
BRDA:526,18,1,0
BRDA:541,19,0,0
BRDA:541,19,1,0
BRDA:542,20,0,0
BRDA:542,20,1,0
BRDA:543,21,0,0
BRDA:543,21,1,0
BRDA:544,22,0,0
BRDA:544,22,1,0
BRDA:545,23,0,0
BRDA:545,23,1,0
BRDA:546,24,0,0
BRDA:546,24,1,0
BRDA:546,25,0,0
BRDA:546,25,1,0
BRDA:552,26,0,0
BRDA:552,26,1,0
BRDA:553,27,0,0
BRDA:553,27,1,0
BRDA:570,28,0,0
BRDA:570,28,1,0
BRDA:595,29,0,0
BRDA:595,29,1,0
BRDA:599,30,0,0
BRDA:599,30,1,0
BRDA:605,31,0,0
BRDA:605,31,1,0
BRDA:621,32,0,0
BRDA:621,32,1,0
BRDA:641,33,0,0
BRDA:641,33,1,0
BRDA:660,34,0,0
BRDA:660,34,1,0
BRF:70
BRH:0
end_of_record
TN:
SF:src\modules\os\bepc.service.ts
FN:141,(anonymous_2)
FN:147,(anonymous_3)
FN:182,(anonymous_4)
FN:196,(anonymous_5)
FN:207,(anonymous_6)
FN:221,(anonymous_7)
FN:223,(anonymous_8)
FN:225,(anonymous_9)
FN:232,(anonymous_10)
FN:283,(anonymous_11)
FN:308,(anonymous_12)
FN:309,(anonymous_13)
FN:314,(anonymous_14)
FN:338,(anonymous_15)
FN:340,(anonymous_16)
FN:345,(anonymous_17)
FN:355,(anonymous_18)
FN:362,(anonymous_19)
FN:378,(anonymous_20)
FN:417,(anonymous_21)
FN:431,(anonymous_22)
FN:451,(anonymous_23)
FN:482,(anonymous_24)
FN:504,(anonymous_25)
FN:507,(anonymous_26)
FN:510,(anonymous_27)
FN:510,(anonymous_28)
FN:536,(anonymous_29)
FN:548,(anonymous_30)
FN:558,(anonymous_31)
FN:558,(anonymous_32)
FN:562,(anonymous_33)
FN:581,(anonymous_34)
FNF:33
FNH:0
FNDA:0,(anonymous_2)
FNDA:0,(anonymous_3)
FNDA:0,(anonymous_4)
FNDA:0,(anonymous_5)
FNDA:0,(anonymous_6)
FNDA:0,(anonymous_7)
FNDA:0,(anonymous_8)
FNDA:0,(anonymous_9)
FNDA:0,(anonymous_10)
FNDA:0,(anonymous_11)
FNDA:0,(anonymous_12)
FNDA:0,(anonymous_13)
FNDA:0,(anonymous_14)
FNDA:0,(anonymous_15)
FNDA:0,(anonymous_16)
FNDA:0,(anonymous_17)
FNDA:0,(anonymous_18)
FNDA:0,(anonymous_19)
FNDA:0,(anonymous_20)
FNDA:0,(anonymous_21)
FNDA:0,(anonymous_22)
FNDA:0,(anonymous_23)
FNDA:0,(anonymous_24)
FNDA:0,(anonymous_25)
FNDA:0,(anonymous_26)
FNDA:0,(anonymous_27)
FNDA:0,(anonymous_28)
FNDA:0,(anonymous_29)
FNDA:0,(anonymous_30)
FNDA:0,(anonymous_31)
FNDA:0,(anonymous_32)
FNDA:0,(anonymous_33)
FNDA:0,(anonymous_34)
DA:14,0
DA:15,0
DA:110,0
DA:121,0
DA:131,0
DA:138,0
DA:139,0
DA:141,0
DA:148,0
DA:150,0
DA:151,0
DA:152,0
DA:153,0
DA:154,0
DA:155,0
DA:156,0
DA:157,0
DA:158,0
DA:164,0
DA:183,0
DA:184,0
DA:185,0
DA:186,0
DA:187,0
DA:188,0
DA:190,0
DA:197,0
DA:198,0
DA:199,0
DA:200,0
DA:201,0
DA:208,0
DA:222,0
DA:223,0
DA:225,0
DA:238,0
DA:283,0
DA:284,0
DA:285,0
DA:286,0
DA:287,0
DA:288,0
DA:290,0
DA:308,0
DA:309,0
DA:310,0
DA:321,0
DA:322,0
DA:323,0
DA:324,0
DA:325,0
DA:326,0
DA:328,0
DA:329,0
DA:330,0
DA:331,0
DA:334,0
DA:339,0
DA:340,0
DA:341,0
DA:346,0
DA:347,0
DA:348,0
DA:349,0
DA:350,0
DA:351,0
DA:356,0
DA:363,0
DA:364,0
DA:376,0
DA:378,0
DA:379,0
DA:380,0
DA:382,0
DA:383,0
DA:384,0
DA:385,0
DA:386,0
DA:387,0
DA:388,0
DA:389,0
DA:391,0
DA:392,0
DA:398,0
DA:399,0
DA:400,0
DA:401,0
DA:403,0
DA:418,0
DA:422,0
DA:423,0
DA:424,0
DA:425,0
DA:426,0
DA:428,0
DA:432,0
DA:433,0
DA:434,0
DA:435,0
DA:437,0
DA:438,0
DA:439,0
DA:441,0
DA:442,0
DA:443,0
DA:445,0
DA:452,0
DA:453,0
DA:454,0
DA:456,0
DA:457,0
DA:458,0
DA:460,0
DA:461,0
DA:462,0
DA:464,0
DA:465,0
DA:466,0
DA:467,0
DA:469,0
DA:470,0
DA:471,0
DA:472,0
DA:473,0
DA:476,0
DA:491,0
DA:504,0
DA:507,0
DA:510,0
DA:520,0
DA:521,0
DA:528,0
DA:530,0
DA:531,0
DA:537,0
DA:538,0
DA:549,0
DA:556,0
DA:558,0
DA:563,0
DA:564,0
DA:566,0
DA:568,0
DA:570,0
DA:572,0
DA:574,0
DA:589,0
DA:591,0
LF:148
LH:0
BRDA:186,0,0,0
BRDA:186,0,1,0
BRDA:197,1,0,0
BRDA:197,1,1,0
BRDA:197,2,0,0
BRDA:197,2,1,0
BRDA:197,2,2,0
BRDA:198,3,0,0
BRDA:198,3,1,0
BRDA:198,4,0,0
BRDA:198,4,1,0
BRDA:198,4,2,0
BRDA:199,5,0,0
BRDA:199,5,1,0
BRDA:199,6,0,0
BRDA:199,6,1,0
BRDA:199,6,2,0
BRDA:199,6,3,0
BRDA:200,7,0,0
BRDA:200,7,1,0
BRDA:321,8,0,0
BRDA:321,8,1,0
BRDA:322,9,0,0
BRDA:322,9,1,0
BRDA:323,10,0,0
BRDA:323,10,1,0
BRDA:324,11,0,0
BRDA:324,11,1,0
BRDA:325,12,0,0
BRDA:325,12,1,0
BRDA:329,13,0,0
BRDA:329,13,1,0
BRDA:330,14,0,0
BRDA:330,14,1,0
BRDA:330,15,0,0
BRDA:330,15,1,0
BRDA:347,16,0,0
BRDA:347,16,1,0
BRDA:347,17,0,0
BRDA:347,17,1,0
BRDA:348,18,0,0
BRDA:348,18,1,0
BRDA:348,19,0,0
BRDA:348,19,1,0
BRDA:349,20,0,0
BRDA:349,20,1,0
BRDA:349,21,0,0
BRDA:349,21,1,0
BRDA:350,22,0,0
BRDA:350,22,1,0
BRDA:350,23,0,0
BRDA:350,23,1,0
BRDA:363,24,0,0
BRDA:363,24,1,0
BRDA:376,25,0,0
BRDA:376,25,1,0
BRDA:382,26,0,0
BRDA:382,26,1,0
BRDA:382,27,0,0
BRDA:382,27,1,0
BRDA:383,28,0,0
BRDA:383,28,1,0
BRDA:386,29,0,0
BRDA:386,29,1,0
BRDA:386,30,0,0
BRDA:386,30,1,0
BRDA:387,31,0,0
BRDA:387,31,1,0
BRDA:398,32,0,0
BRDA:398,32,1,0
BRDA:399,33,0,0
BRDA:399,33,1,0
BRDA:400,34,0,0
BRDA:400,34,1,0
BRDA:418,35,0,0
BRDA:418,35,1,0
BRDA:418,35,2,0
BRDA:419,36,0,0
BRDA:419,36,1,0
BRDA:423,37,0,0
BRDA:423,37,1,0
BRDA:423,38,0,0
BRDA:423,38,1,0
BRDA:424,39,0,0
BRDA:424,39,1,0
BRDA:424,40,0,0
BRDA:424,40,1,0
BRDA:425,41,0,0
BRDA:425,41,1,0
BRDA:425,42,0,0
BRDA:425,42,1,0
BRDA:426,43,0,0
BRDA:426,43,1,0
BRDA:426,44,0,0
BRDA:426,44,1,0
BRDA:432,45,0,0
BRDA:432,45,1,0
BRDA:437,46,0,0
BRDA:437,46,1,0
BRDA:438,47,0,0
BRDA:438,47,1,0
BRDA:439,48,0,0
BRDA:439,48,1,0
BRDA:441,49,0,0
BRDA:441,49,1,0
BRDA:442,50,0,0
BRDA:442,50,1,0
BRDA:443,51,0,0
BRDA:443,51,1,0
BRDA:456,52,0,0
BRDA:456,52,1,0
BRDA:467,53,0,0
BRDA:467,53,1,0
BRDA:472,54,0,0
BRDA:472,54,1,0
BRDA:510,55,0,0
BRDA:510,55,1,0
BRDA:528,56,0,0
BRDA:528,56,1,0
BRDA:540,57,0,0
BRDA:540,57,1,0
BRDA:557,58,0,0
BRDA:557,58,1,0
BRDA:564,59,0,0
BRDA:564,59,1,0
BRDA:564,59,2,0
BRDA:564,59,3,0
BRDA:564,59,4,0
BRDA:566,60,0,0
BRDA:566,60,1,0
BRDA:570,61,0,0
BRDA:570,61,1,0
BRF:132
BRH:0
end_of_record
TN:
SF:src\modules\os\os.controller.ts
FN:17,(anonymous_4)
FN:26,(anonymous_5)
FN:42,(anonymous_6)
FN:62,(anonymous_7)
FN:78,(anonymous_8)
FN:88,(anonymous_9)
FN:102,(anonymous_10)
FN:125,(anonymous_11)
FN:135,(anonymous_12)
FN:142,(anonymous_13)
FNF:10
FNH:0
FNDA:0,(anonymous_4)
FNDA:0,(anonymous_5)
FNDA:0,(anonymous_6)
FNDA:0,(anonymous_7)
FNDA:0,(anonymous_8)
FNDA:0,(anonymous_9)
FNDA:0,(anonymous_10)
FNDA:0,(anonymous_11)
FNDA:0,(anonymous_12)
FNDA:0,(anonymous_13)
DA:5,0
DA:6,0
DA:7,0
DA:8,0
DA:9,0
DA:10,0
DA:14,0
DA:15,0
DA:18,0
DA:19,0
DA:20,0
DA:26,0
DA:27,0
DA:42,0
DA:43,0
DA:44,0
DA:48,0
DA:49,0
DA:50,0
DA:51,0
DA:52,0
DA:53,0
DA:55,0
DA:62,0
DA:63,0
DA:64,0
DA:71,0
DA:78,0
DA:79,0
DA:80,0
DA:81,0
DA:88,0
DA:89,0
DA:93,0
DA:102,0
DA:103,0
DA:104,0
DA:109,0
DA:110,0
DA:111,0
DA:112,0
DA:113,0
DA:114,0
DA:118,0
DA:125,0
DA:126,0
DA:127,0
DA:128,0
DA:135,0
DA:136,0
DA:142,0
DA:143,0
LF:52
LH:0
BRDA:46,0,0,0
BRDA:46,0,1,0
BRDA:49,1,0,0
BRDA:49,1,1,0
BRDA:53,2,0,0
BRDA:53,2,1,0
BRDA:53,2,2,0
BRDA:53,2,3,0
BRDA:65,3,0,0
BRDA:65,3,1,0
BRDA:69,4,0,0
BRDA:69,4,1,0
BRDA:79,5,0,0
BRDA:79,5,1,0
BRDA:80,6,0,0
BRDA:80,6,1,0
BRDA:91,7,0,0
BRDA:91,7,1,0
BRDA:103,8,0,0
BRDA:103,8,1,0
BRDA:106,9,0,0
BRDA:106,9,1,0
BRDA:107,10,0,0
BRDA:107,10,1,0
BRDA:110,11,0,0
BRDA:110,11,1,0
BRDA:113,12,0,0
BRDA:113,12,1,0
BRDA:114,13,0,0
BRDA:114,13,1,0
BRDA:115,14,0,0
BRDA:115,14,1,0
BRDA:115,15,0,0
BRDA:115,15,1,0
BRF:34
BRH:0
end_of_record
TN:
SF:src\modules\os\os.module.ts
FNF:0
FNH:0
DA:12,0
DA:13,0
DA:14,0
DA:15,0
DA:16,0
DA:17,0
DA:25,0
LF:7
LH:0
BRF:0
BRH:0
end_of_record
TN:
SF:src\modules\os\os.service.ts
FN:19,(anonymous_2)
FN:25,(anonymous_3)
FN:30,(anonymous_4)
FN:44,(anonymous_5)
FN:49,(anonymous_6)
FN:60,(anonymous_7)
FNF:6
FNH:0
FNDA:0,(anonymous_2)
FNDA:0,(anonymous_3)
FNDA:0,(anonymous_4)
FNDA:0,(anonymous_5)
FNDA:0,(anonymous_6)
FNDA:0,(anonymous_7)
DA:8,0
DA:9,0
DA:10,0
DA:16,0
DA:17,0
DA:20,0
DA:21,0
DA:26,0
DA:34,0
DA:36,0
DA:37,0
DA:39,0
DA:45,0
DA:50,0
DA:61,0
DA:62,0
DA:63,0
DA:64,0
LF:18
LH:0
BRDA:36,0,0,0
BRDA:36,0,1,0
BRDA:61,1,0,0
BRDA:61,1,1,0
BRDA:62,2,0,0
BRDA:62,2,1,0
BRDA:62,3,0,0
BRDA:62,3,1,0
BRDA:62,3,2,0
BRDA:63,4,0,0
BRDA:63,4,1,0
BRDA:63,5,0,0
BRDA:63,5,1,0
BRF:13
BRH:0
end_of_record
TN:
SF:src\modules\pack-parents\pack-parents.controller.ts
FN:9,(anonymous_4)
FN:22,(anonymous_5)
FN:34,(anonymous_6)
FN:42,(anonymous_7)
FN:50,(anonymous_8)
FN:59,(anonymous_9)
FN:65,(anonymous_10)
FNF:7
FNH:0
FNDA:0,(anonymous_4)
FNDA:0,(anonymous_5)
FNDA:0,(anonymous_6)
FNDA:0,(anonymous_7)
FNDA:0,(anonymous_8)
FNDA:0,(anonymous_9)
FNDA:0,(anonymous_10)
DA:1,0
DA:2,0
DA:3,0
DA:4,0
DA:8,0
DA:9,0
DA:22,0
DA:23,0
DA:34,0
DA:35,0
DA:42,0
DA:43,0
DA:50,0
DA:51,0
DA:59,0
DA:60,0
DA:65,0
DA:66,0
LF:18
LH:0
BRDA:25,0,0,0
BRDA:25,0,1,0
BRDA:25,1,0,0
BRDA:25,1,1,0
BRDA:26,2,0,0
BRDA:26,2,1,0
BRDA:34,3,0,0
BRDA:42,4,0,0
BRDA:50,5,0,0
BRDA:59,6,0,0
BRF:10
BRH:0
end_of_record
TN:
SF:src\modules\pack-parents\pack-parents.module.ts
FNF:0
FNH:0
DA:1,0
DA:2,0
DA:3,0
DA:4,0
DA:5,0
DA:6,0
DA:14,0
LF:7
LH:0
BRF:0
BRH:0
end_of_record
TN:
SF:src\modules\pack-parents\pack-parents.service.ts
FN:19,(anonymous_2)
FN:26,(anonymous_3)
FN:41,(anonymous_4)
FN:117,(anonymous_5)
FN:143,(anonymous_6)
FN:175,(anonymous_7)
FN:212,(anonymous_8)
FN:219,(anonymous_9)
FN:235,(anonymous_10)
FN:251,(anonymous_11)
FN:259,(anonymous_12)
FNF:11
FNH:0
FNDA:0,(anonymous_2)
FNDA:0,(anonymous_3)
FNDA:0,(anonymous_4)
FNDA:0,(anonymous_5)
FNDA:0,(anonymous_6)
FNDA:0,(anonymous_7)
FNDA:0,(anonymous_8)
FNDA:0,(anonymous_9)
FNDA:0,(anonymous_10)
FNDA:0,(anonymous_11)
FNDA:0,(anonymous_12)
DA:6,0
DA:7,0
DA:8,0
DA:9,0
DA:10,0
DA:11,0
DA:14,0
DA:15,0
DA:17,0
DA:20,0
DA:21,0
DA:22,0
DA:23,0
DA:27,0
DA:28,0
DA:29,0
DA:30,0
DA:31,0
DA:32,0
DA:34,0
DA:49,0
DA:52,0
DA:56,0
DA:57,0
DA:61,0
DA:62,0
DA:63,0
DA:67,0
DA:68,0
DA:71,0
DA:82,0
DA:85,0
DA:88,0
DA:90,0
DA:93,0
DA:94,0
DA:99,0
DA:100,0
DA:118,0
DA:131,0
DA:132,0
DA:137,0
DA:144,0
DA:148,0
DA:150,0
DA:154,0
DA:156,0
DA:157,0
DA:159,0
DA:163,0
DA:168,0
DA:169,0
DA:176,0
DA:180,0
DA:182,0
DA:184,0
DA:191,0
DA:192,0
DA:196,0
DA:205,0
DA:213,0
DA:217,0
DA:219,0
DA:236,0
DA:237,0
DA:238,0
DA:240,0
DA:241,0
DA:242,0
DA:246,0
DA:247,0
DA:248,0
DA:252,0
DA:259,0
LF:74
LH:0
BRDA:46,0,0,0
BRDA:47,1,0,0
BRDA:49,2,0,0
BRDA:49,2,1,0
BRDA:56,3,0,0
BRDA:56,3,1,0
BRDA:62,4,0,0
BRDA:62,4,1,0
BRDA:63,5,0,0
BRDA:63,5,1,0
BRDA:68,6,0,0
BRDA:68,6,1,0
BRDA:79,7,0,0
BRDA:79,7,1,0
BRDA:106,8,0,0
BRDA:106,8,1,0
BRDA:123,9,0,0
BRDA:123,9,1,0
BRDA:143,10,0,0
BRDA:148,11,0,0
BRDA:148,11,1,0
BRDA:154,12,0,0
BRDA:154,12,1,0
BRDA:161,13,0,0
BRDA:161,13,1,0
BRDA:175,14,0,0
BRDA:180,15,0,0
BRDA:180,15,1,0
BRDA:189,16,0,0
BRDA:189,16,1,0
BRDA:200,17,0,0
BRDA:200,17,1,0
BRDA:212,18,0,0
BRDA:235,19,0,0
BRDA:238,20,0,0
BRDA:238,20,1,0
BRF:36
BRH:0
end_of_record
TN:
SF:src\modules\passeport\passeport.controller.ts
FN:9,(anonymous_4)
FN:19,(anonymous_5)
FN:27,(anonymous_6)
FN:34,(anonymous_7)
FNF:4
FNH:0
FNDA:0,(anonymous_4)
FNDA:0,(anonymous_5)
FNDA:0,(anonymous_6)
FNDA:0,(anonymous_7)
DA:1,0
DA:2,0
DA:3,0
DA:4,0
DA:8,0
DA:9,0
DA:19,0
DA:20,0
DA:27,0
DA:28,0
DA:34,0
LF:11
LH:0
BRDA:27,0,0,0
BRF:1
BRH:0
end_of_record
TN:
SF:src\modules\passeport\passeport.module.ts
FNF:0
FNH:0
DA:1,0
DA:2,0
DA:3,0
DA:4,0
DA:5,0
DA:6,0
DA:7,0
DA:8,0
DA:16,0
LF:9
LH:0
BRF:0
BRH:0
end_of_record
TN:
SF:src\modules\passeport\passeport.service.ts
FN:31,(anonymous_11)
FN:40,(anonymous_12)
FN:52,(anonymous_13)
FN:82,(anonymous_14)
FN:85,(anonymous_15)
FN:116,(anonymous_16)
FN:137,(anonymous_17)
FN:156,(anonymous_18)
FN:165,(anonymous_19)
FN:179,(anonymous_20)
FNF:10
FNH:0
FNDA:0,(anonymous_11)
FNDA:0,(anonymous_12)
FNDA:0,(anonymous_13)
FNDA:0,(anonymous_14)
FNDA:0,(anonymous_15)
FNDA:0,(anonymous_16)
FNDA:0,(anonymous_17)
FNDA:0,(anonymous_18)
FNDA:0,(anonymous_19)
FNDA:0,(anonymous_20)
DA:6,0
DA:7,0
DA:8,0
DA:9,0
DA:10,0
DA:11,0
DA:12,0
DA:13,0
DA:14,0
DA:26,0
DA:27,0
DA:29,0
DA:32,0
DA:33,0
DA:34,0
DA:35,0
DA:36,0
DA:37,0
DA:41,0
DA:42,0
DA:43,0
DA:44,0
DA:45,0
DA:46,0
DA:48,0
DA:53,0
DA:54,0
DA:55,0
DA:57,0
DA:59,0
DA:63,0
DA:64,0
DA:67,0
DA:69,0
DA:70,0
DA:71,0
DA:73,0
DA:83,0
DA:84,0
DA:85,0
DA:86,0
DA:91,0
DA:92,0
DA:93,0
DA:96,0
DA:97,0
DA:98,0
DA:101,0
DA:103,0
DA:104,0
DA:105,0
DA:115,0
DA:116,0
DA:119,0
DA:122,0
DA:138,0
DA:139,0
DA:140,0
DA:141,0
DA:143,0
DA:152,0
DA:153,0
DA:157,0
DA:158,0
DA:159,0
DA:160,0
DA:161,0
DA:162,0
DA:166,0
DA:167,0
DA:171,0
DA:172,0
DA:174,0
DA:175,0
DA:179,0
LF:75
LH:0
BRDA:53,0,0,0
BRDA:53,0,1,0
BRDA:55,1,0,0
BRDA:55,1,1,0
BRDA:63,2,0,0
BRDA:63,2,1,0
BRDA:64,3,0,0
BRDA:64,3,1,0
BRDA:83,4,0,0
BRDA:83,4,1,0
BRDA:84,5,0,0
BRDA:84,5,1,0
BRDA:92,6,0,0
BRDA:92,6,1,0
BRDA:92,7,0,0
BRDA:92,7,1,0
BRDA:97,8,0,0
BRDA:97,8,1,0
BRDA:97,9,0,0
BRDA:97,9,1,0
BRDA:110,10,0,0
BRDA:110,10,1,0
BRDA:110,11,0,0
BRDA:110,11,1,0
BRDA:111,12,0,0
BRDA:111,12,1,0
BRDA:111,13,0,0
BRDA:111,13,1,0
BRDA:112,14,0,0
BRDA:112,14,1,0
BRDA:112,15,0,0
BRDA:112,15,1,0
BRDA:115,16,0,0
BRDA:115,16,1,0
BRDA:116,17,0,0
BRDA:116,17,1,0
BRDA:116,17,2,0
BRDA:123,18,0,0
BRDA:123,18,1,0
BRDA:130,19,0,0
BRDA:130,19,1,0
BRDA:158,20,0,0
BRDA:158,20,1,0
BRDA:165,21,0,0
BRDA:171,22,0,0
BRDA:171,22,1,0
BRF:46
BRH:0
end_of_record
TN:
SF:src\modules\payment\payment.module.ts
FNF:0
FNH:0
DA:1,0
DA:2,0
DA:3,0
DA:4,0
DA:5,0
DA:6,0
DA:14,0
LF:7
LH:0
BRF:0
BRH:0
end_of_record
TN:
SF:src\modules\payment\payment.service.ts
FN:23,(anonymous_2)
FN:31,(anonymous_3)
FN:47,(anonymous_4)
FN:111,(anonymous_5)
FN:119,(anonymous_6)
FN:120,(anonymous_7)
FN:125,(anonymous_8)
FN:143,(anonymous_9)
FN:165,(anonymous_10)
FN:186,(anonymous_11)
FNF:10
FNH:0
FNDA:0,(anonymous_2)
FNDA:0,(anonymous_3)
FNDA:0,(anonymous_4)
FNDA:0,(anonymous_5)
FNDA:0,(anonymous_6)
FNDA:0,(anonymous_7)
FNDA:0,(anonymous_8)
FNDA:0,(anonymous_9)
FNDA:0,(anonymous_10)
FNDA:0,(anonymous_11)
DA:7,0
DA:8,0
DA:9,0
DA:10,0
DA:11,0
DA:12,0
DA:13,0
DA:18,0
DA:19,0
DA:21,0
DA:24,0
DA:25,0
DA:26,0
DA:27,0
DA:28,0
DA:32,0
DA:33,0
DA:34,0
DA:35,0
DA:36,0
DA:37,0
DA:39,0
DA:55,0
DA:56,0
DA:59,0
DA:60,0
DA:64,0
DA:70,0
DA:73,0
DA:78,0
DA:81,0
DA:86,0
DA:87,0
DA:88,0
DA:94,0
DA:95,0
DA:96,0
DA:99,0
DA:100,0
DA:103,0
DA:104,0
DA:112,0
DA:113,0
DA:114,0
DA:115,0
DA:118,0
DA:119,0
DA:120,0
DA:122,0
DA:123,0
DA:124,0
DA:125,0
DA:126,0
DA:131,0
DA:132,0
DA:133,0
DA:134,0
DA:137,0
DA:144,0
DA:145,0
DA:146,0
DA:148,0
DA:149,0
DA:150,0
DA:155,0
DA:157,0
DA:169,0
DA:170,0
DA:179,0
DA:187,0
LF:70
LH:0
BRDA:51,0,0,0
BRDA:56,1,0,0
BRDA:56,1,1,0
BRDA:64,2,0,0
BRDA:64,2,1,0
BRDA:64,2,2,0
BRDA:64,2,3,0
BRDA:64,2,4,0
BRDA:64,2,5,0
BRDA:64,2,6,0
BRDA:64,2,7,0
BRDA:64,2,8,0
BRDA:64,2,9,0
BRDA:64,2,10,0
BRDA:64,2,11,0
BRDA:64,2,12,0
BRDA:64,2,13,0
BRDA:70,3,0,0
BRDA:70,3,1,0
BRDA:78,4,0,0
BRDA:78,4,1,0
BRDA:113,5,0,0
BRDA:113,5,1,0
BRDA:123,6,0,0
BRDA:123,6,1,0
BRDA:124,7,0,0
BRDA:124,7,1,0
BRDA:125,8,0,0
BRDA:125,8,1,0
BRDA:125,9,0,0
BRDA:125,9,1,0
BRDA:132,10,0,0
BRDA:132,10,1,0
BRDA:143,11,0,0
BRDA:145,12,0,0
BRDA:145,12,1,0
BRDA:145,12,2,0
BRDA:146,13,0,0
BRDA:146,13,1,0
BRDA:146,14,0,0
BRDA:146,14,1,0
BRDA:148,15,0,0
BRDA:148,15,1,0
BRDA:177,16,0,0
BRDA:177,16,1,0
BRDA:186,17,0,0
BRDA:193,18,0,0
BRDA:193,18,1,0
BRF:48
BRH:0
end_of_record
TN:
SF:src\modules\payment\providers\mock.provider.ts
FN:20,(anonymous_1)
FN:23,(anonymous_2)
FN:39,(anonymous_3)
FN:44,(anonymous_4)
FNF:4
FNH:0
FNDA:0,(anonymous_1)
FNDA:0,(anonymous_2)
FNDA:0,(anonymous_3)
FNDA:0,(anonymous_4)
DA:6,0
DA:20,0
DA:21,0
DA:24,0
DA:26,0
DA:27,0
DA:40,0
DA:41,0
DA:44,0
LF:9
LH:0
BRDA:33,0,0,0
BRDA:33,0,1,0
BRDA:34,1,0,0
BRDA:34,1,1,0
BRF:4
BRH:0
end_of_record
TN:
SF:src\modules\payment\providers\mtn-momo.provider.ts
FN:23,(anonymous_2)
FN:31,(anonymous_3)
FN:48,(anonymous_4)
FN:76,(anonymous_5)
FN:104,(anonymous_6)
FN:119,(anonymous_7)
FN:123,(anonymous_8)
FN:128,(anonymous_9)
FNF:8
FNH:0
FNDA:0,(anonymous_2)
FNDA:0,(anonymous_3)
FNDA:0,(anonymous_4)
FNDA:0,(anonymous_5)
FNDA:0,(anonymous_6)
FNDA:0,(anonymous_7)
FNDA:0,(anonymous_8)
FNDA:0,(anonymous_9)
DA:7,0
DA:8,0
DA:12,0
DA:13,0
DA:19,0
DA:20,0
DA:21,0
DA:23,0
DA:24,0
DA:25,0
DA:26,0
DA:27,0
DA:28,0
DA:32,0
DA:33,0
DA:34,0
DA:36,0
DA:37,0
DA:38,0
DA:39,0
DA:41,0
DA:49,0
DA:51,0
DA:52,0
DA:53,0
DA:54,0
DA:63,0
DA:76,0
DA:77,0
DA:84,0
DA:85,0
DA:87,0
DA:88,0
DA:99,0
DA:100,0
DA:105,0
DA:106,0
DA:113,0
DA:114,0
DA:115,0
DA:116,0
DA:120,0
DA:124,0
DA:125,0
DA:128,0
LF:45
LH:0
BRDA:24,0,0,0
BRDA:24,0,1,0
BRDA:25,1,0,0
BRDA:25,1,1,0
BRDA:26,2,0,0
BRDA:26,2,1,0
BRDA:27,3,0,0
BRDA:27,3,1,0
BRDA:28,4,0,0
BRDA:28,4,1,0
BRDA:32,5,0,0
BRDA:32,5,1,0
BRDA:32,6,0,0
BRDA:32,6,1,0
BRDA:49,7,0,0
BRDA:49,7,1,0
BRDA:94,8,0,0
BRDA:94,8,1,0
BRDA:94,9,0,0
BRDA:94,9,1,0
BRDA:95,10,0,0
BRDA:95,10,1,0
BRDA:114,11,0,0
BRDA:114,11,1,0
BRDA:120,12,0,0
BRDA:120,12,1,0
BRF:26
BRH:0
end_of_record
TN:
SF:src\modules\payment\providers\orange-money.provider.ts
FN:22,(anonymous_2)
FN:29,(anonymous_3)
FN:46,(anonymous_4)
FN:96,(anonymous_5)
FN:109,(anonymous_6)
FN:113,(anonymous_7)
FN:118,(anonymous_8)
FNF:7
FNH:0
FNDA:0,(anonymous_2)
FNDA:0,(anonymous_3)
FNDA:0,(anonymous_4)
FNDA:0,(anonymous_5)
FNDA:0,(anonymous_6)
FNDA:0,(anonymous_7)
FNDA:0,(anonymous_8)
DA:7,0
DA:8,0
DA:12,0
DA:13,0
DA:18,0
DA:19,0
DA:20,0
DA:22,0
DA:23,0
DA:24,0
DA:25,0
DA:26,0
DA:30,0
DA:31,0
DA:32,0
DA:34,0
DA:35,0
DA:36,0
DA:37,0
DA:39,0
DA:47,0
DA:49,0
DA:50,0
DA:51,0
DA:63,0
DA:73,0
DA:74,0
DA:76,0
DA:77,0
DA:88,0
DA:89,0
DA:97,0
DA:98,0
DA:103,0
DA:104,0
DA:105,0
DA:106,0
DA:110,0
DA:114,0
DA:115,0
DA:118,0
LF:41
LH:0
BRDA:23,0,0,0
BRDA:23,0,1,0
BRDA:24,1,0,0
BRDA:24,1,1,0
BRDA:25,2,0,0
BRDA:25,2,1,0
BRDA:26,3,0,0
BRDA:26,3,1,0
BRDA:30,4,0,0
BRDA:30,4,1,0
BRDA:30,5,0,0
BRDA:30,5,1,0
BRDA:47,6,0,0
BRDA:47,6,1,0
BRDA:74,7,0,0
BRDA:74,7,1,0
BRDA:76,8,0,0
BRDA:76,8,1,0
BRDA:80,9,0,0
BRDA:80,9,1,0
BRDA:83,10,0,0
BRDA:83,10,1,0
BRDA:84,11,0,0
BRDA:84,11,1,0
BRDA:104,12,0,0
BRDA:104,12,1,0
BRDA:110,13,0,0
BRDA:110,13,1,0
BRF:28
BRH:0
end_of_record
TN:
SF:src\modules\psyp\psyp.controller.ts
FN:10,(anonymous_4)
FN:15,(anonymous_5)
FN:35,(anonymous_6)
FN:48,(anonymous_7)
FN:54,(anonymous_8)
FNF:5
FNH:0
FNDA:0,(anonymous_4)
FNDA:0,(anonymous_5)
FNDA:0,(anonymous_6)
FNDA:0,(anonymous_7)
FNDA:0,(anonymous_8)
DA:1,0
DA:2,0
DA:3,0
DA:4,0
DA:5,0
DA:9,0
DA:10,0
DA:15,0
DA:16,0
DA:28,0
DA:35,0
DA:36,0
DA:48,0
DA:49,0
DA:54,0
LF:15
LH:0
BRDA:18,0,0,0
BRDA:18,0,1,0
BRDA:19,1,0,0
BRDA:19,1,1,0
BRDA:20,2,0,0
BRDA:20,2,1,0
BRDA:21,3,0,0
BRDA:21,3,1,0
BRDA:22,4,0,0
BRDA:22,4,1,0
BRDA:23,5,0,0
BRDA:23,5,1,0
BRDA:24,6,0,0
BRDA:24,6,1,0
BRDA:25,7,0,0
BRDA:25,7,1,0
BRDA:26,8,0,0
BRDA:26,8,1,0
BRDA:28,9,0,0
BRDA:28,9,1,0
BRDA:37,10,0,0
BRDA:37,10,1,0
BRDA:38,11,0,0
BRDA:38,11,1,0
BRDA:39,12,0,0
BRDA:39,12,1,0
BRDA:40,13,0,0
BRDA:40,13,1,0
BRDA:41,14,0,0
BRDA:41,14,1,0
BRF:30
BRH:0
end_of_record
TN:
SF:src\modules\psyp\psyp.module.ts
FNF:0
FNH:0
DA:1,0
DA:2,0
DA:3,0
DA:4,0
DA:5,0
DA:6,0
DA:7,0
DA:15,0
LF:8
LH:0
BRF:0
BRH:0
end_of_record
TN:
SF:src\modules\psyp\psyp.service.ts
FN:37,(anonymous_2)
FN:44,(anonymous_3)
FN:72,(anonymous_4)
FN:102,(anonymous_5)
FN:146,(anonymous_6)
FN:175,(anonymous_7)
FN:178,(anonymous_8)
FN:179,(anonymous_9)
FN:184,(anonymous_10)
FN:191,(anonymous_11)
FN:198,(anonymous_12)
FN:198,(anonymous_13)
FN:215,(anonymous_14)
FN:227,(anonymous_15)
FN:245,(anonymous_16)
FN:247,(anonymous_17)
FNF:16
FNH:0
FNDA:0,(anonymous_2)
FNDA:0,(anonymous_3)
FNDA:0,(anonymous_4)
FNDA:0,(anonymous_5)
FNDA:0,(anonymous_6)
FNDA:0,(anonymous_7)
FNDA:0,(anonymous_8)
FNDA:0,(anonymous_9)
FNDA:0,(anonymous_10)
FNDA:0,(anonymous_11)
FNDA:0,(anonymous_12)
FNDA:0,(anonymous_13)
FNDA:0,(anonymous_14)
FNDA:0,(anonymous_15)
FNDA:0,(anonymous_16)
FNDA:0,(anonymous_17)
DA:6,0
DA:7,0
DA:8,0
DA:9,0
DA:10,0
DA:11,0
DA:12,0
DA:13,0
DA:30,0
DA:31,0
DA:34,0
DA:35,0
DA:38,0
DA:39,0
DA:40,0
DA:41,0
DA:45,0
DA:46,0
DA:47,0
DA:48,0
DA:49,0
DA:50,0
DA:53,0
DA:54,0
DA:55,0
DA:58,0
DA:59,0
DA:60,0
DA:61,0
DA:62,0
DA:63,0
DA:64,0
DA:66,0
DA:68,0
DA:73,0
DA:74,0
DA:75,0
DA:77,0
DA:79,0
DA:80,0
DA:81,0
DA:82,0
DA:85,0
DA:86,0
DA:89,0
DA:91,0
DA:111,0
DA:112,0
DA:113,0
DA:115,0
DA:116,0
DA:117,0
DA:118,0
DA:119,0
DA:120,0
DA:124,0
DA:125,0
DA:126,0
DA:127,0
DA:130,0
DA:151,0
DA:152,0
DA:160,0
DA:161,0
DA:162,0
DA:163,0
DA:165,0
DA:166,0
DA:167,0
DA:169,0
DA:170,0
DA:172,0
DA:176,0
DA:177,0
DA:178,0
DA:179,0
DA:180,0
DA:181,0
DA:185,0
DA:186,0
DA:187,0
DA:188,0
DA:197,0
DA:198,0
DA:200,0
DA:204,0
DA:205,0
DA:209,0
DA:211,0
DA:218,0
DA:219,0
DA:220,0
DA:224,0
DA:232,0
DA:233,0
DA:234,0
DA:238,0
DA:240,0
DA:241,0
DA:245,0
DA:248,0
LF:101
LH:0
BRDA:53,0,0,0
BRDA:53,0,1,0
BRDA:54,1,0,0
BRDA:54,1,1,0
BRDA:72,2,0,0
BRDA:74,3,0,0
BRDA:74,3,1,0
BRDA:79,4,0,0
BRDA:79,4,1,0
BRDA:106,5,0,0
BRDA:107,6,0,0
BRDA:108,7,0,0
BRDA:109,8,0,0
BRDA:112,9,0,0
BRDA:112,9,1,0
BRDA:125,10,0,0
BRDA:125,10,1,0
BRDA:163,11,0,0
BRDA:163,11,1,0
BRDA:165,12,0,0
BRDA:165,12,1,0
BRDA:170,13,0,0
BRDA:170,13,1,0
BRDA:177,14,0,0
BRDA:177,14,1,0
BRDA:185,15,0,0
BRDA:185,15,1,0
BRDA:186,16,0,0
BRDA:186,16,1,0
BRDA:187,17,0,0
BRDA:187,17,1,0
BRDA:197,18,0,0
BRDA:197,18,1,0
BRDA:203,19,0,0
BRDA:203,19,1,0
BRDA:209,20,0,0
BRDA:209,20,1,0
BRDA:218,21,0,0
BRDA:218,21,1,0
BRDA:232,22,0,0
BRDA:232,22,1,0
BRDA:238,23,0,0
BRDA:238,23,1,0
BRF:43
BRH:0
end_of_record
TN:
SF:src\modules\psyp\adapters\sigmund.adapter.ts
FN:21,(anonymous_9)
FN:29,(anonymous_10)
FN:69,(anonymous_11)
FN:90,(anonymous_12)
FN:119,(anonymous_13)
FN:168,(anonymous_14)
FN:172,(anonymous_15)
FN:192,(anonymous_16)
FN:214,(anonymous_17)
FN:239,(anonymous_18)
FN:263,(anonymous_19)
FN:277,(anonymous_20)
FN:283,(anonymous_21)
FN:288,(anonymous_22)
FN:298,(anonymous_23)
FNF:15
FNH:0
FNDA:0,(anonymous_9)
FNDA:0,(anonymous_10)
FNDA:0,(anonymous_11)
FNDA:0,(anonymous_12)
FNDA:0,(anonymous_13)
FNDA:0,(anonymous_14)
FNDA:0,(anonymous_15)
FNDA:0,(anonymous_16)
FNDA:0,(anonymous_17)
FNDA:0,(anonymous_18)
FNDA:0,(anonymous_19)
FNDA:0,(anonymous_20)
FNDA:0,(anonymous_21)
FNDA:0,(anonymous_22)
FNDA:0,(anonymous_23)
DA:7,0
DA:8,0
DA:14,0
DA:15,0
DA:16,0
DA:17,0
DA:22,0
DA:23,0
DA:30,0
DA:31,0
DA:32,0
DA:38,0
DA:39,0
DA:40,0
DA:42,0
DA:43,0
DA:46,0
DA:47,0
DA:48,0
DA:50,0
DA:52,0
DA:61,0
DA:62,0
DA:70,0
DA:77,0
DA:78,0
DA:79,0
DA:81,0
DA:82,0
DA:84,0
DA:92,0
DA:101,0
DA:102,0
DA:109,0
DA:110,0
DA:111,0
DA:113,0
DA:120,0
DA:121,0
DA:126,0
DA:127,0
DA:128,0
DA:130,0
DA:131,0
DA:134,0
DA:135,0
DA:139,0
DA:140,0
DA:141,0
DA:142,0
DA:143,0
DA:144,0
DA:145,0
DA:147,0
DA:148,0
DA:149,0
DA:153,0
DA:161,0
DA:162,0
DA:169,0
DA:172,0
DA:173,0
DA:179,0
DA:180,0
DA:181,0
DA:183,0
DA:184,0
DA:186,0
DA:193,0
DA:194,0
DA:200,0
DA:201,0
DA:202,0
DA:205,0
DA:206,0
DA:207,0
DA:208,0
DA:210,0
DA:211,0
DA:212,0
DA:214,0
DA:215,0
DA:216,0
DA:217,0
DA:220,0
DA:222,0
DA:240,0
DA:251,0
DA:252,0
DA:253,0
DA:255,0
DA:256,0
DA:257,0
DA:264,0
DA:265,0
DA:270,0
DA:272,0
DA:273,0
DA:278,0
DA:279,0
DA:280,0
DA:284,0
DA:289,0
DA:294,0
DA:299,0
DA:300,0
DA:301,0
DA:302,0
DA:303,0
DA:304,0
DA:305,0
DA:306,0
LF:112
LH:0
BRDA:21,0,0,0
BRDA:42,1,0,0
BRDA:42,1,1,0
BRDA:46,2,0,0
BRDA:46,2,1,0
BRDA:46,2,2,0
BRDA:47,3,0,0
BRDA:47,3,1,0
BRDA:48,4,0,0
BRDA:48,4,1,0
BRDA:81,5,0,0
BRDA:81,5,1,0
BRDA:93,6,0,0
BRDA:93,6,1,0
BRDA:97,7,0,0
BRDA:97,7,1,0
BRDA:98,8,0,0
BRDA:98,8,1,0
BRDA:130,9,0,0
BRDA:130,9,1,0
BRDA:135,10,0,0
BRDA:135,10,1,0
BRDA:148,11,0,0
BRDA:148,11,1,0
BRDA:155,12,0,0
BRDA:155,12,1,0
BRDA:183,13,0,0
BRDA:183,13,1,0
BRDA:205,14,0,0
BRDA:205,14,1,0
BRDA:210,15,0,0
BRDA:210,15,1,0
BRDA:211,16,0,0
BRDA:211,16,1,0
BRDA:212,17,0,0
BRDA:212,17,1,0
BRDA:216,18,0,0
BRDA:216,18,1,0
BRDA:217,19,0,0
BRDA:217,19,1,0
BRDA:225,20,0,0
BRDA:225,20,1,0
BRDA:225,21,0,0
BRDA:225,21,1,0
BRDA:226,22,0,0
BRDA:226,22,1,0
BRDA:230,23,0,0
BRDA:230,23,1,0
BRDA:231,24,0,0
BRDA:231,24,1,0
BRDA:246,25,0,0
BRDA:246,25,1,0
BRDA:255,26,0,0
BRDA:255,26,1,0
BRDA:255,27,0,0
BRDA:255,27,1,0
BRDA:270,28,0,0
BRDA:270,28,1,0
BRDA:270,28,2,0
BRDA:278,29,0,0
BRDA:278,29,1,0
BRDA:279,30,0,0
BRDA:279,30,1,0
BRDA:294,31,0,0
BRDA:294,31,1,0
BRDA:299,32,0,0
BRDA:299,32,1,0
BRDA:300,33,0,0
BRDA:300,33,1,0
BRDA:301,34,0,0
BRDA:301,34,1,0
BRDA:302,35,0,0
BRDA:302,35,1,0
BRDA:303,36,0,0
BRDA:303,36,1,0
BRDA:304,37,0,0
BRDA:304,37,1,0
BRDA:305,38,0,0
BRDA:305,38,1,0
BRF:79
BRH:0
end_of_record
TN:
SF:src\modules\psyp\adapters\yira.adapter.ts
FN:19,(anonymous_0)
FN:26,(anonymous_1)
FN:33,(anonymous_2)
FN:49,(anonymous_3)
FN:56,(anonymous_4)
FN:96,(anonymous_5)
FN:100,(anonymous_6)
FN:106,(anonymous_7)
FN:113,(anonymous_8)
FN:118,(anonymous_9)
FN:125,(anonymous_10)
FN:133,(anonymous_11)
FN:137,(anonymous_12)
FN:138,(anonymous_13)
FN:144,(anonymous_14)
FN:151,(anonymous_15)
FN:155,(anonymous_16)
FN:156,(anonymous_17)
FN:162,(anonymous_18)
FN:165,(anonymous_19)
FN:169,(anonymous_20)
FN:173,(anonymous_21)
FN:174,(anonymous_22)
FN:180,(anonymous_23)
FN:184,(anonymous_24)
FN:191,(anonymous_25)
FN:207,(anonymous_26)
FN:221,(anonymous_27)
FN:222,(anonymous_28)
FN:230,(anonymous_29)
FN:231,(anonymous_30)
FN:239,(anonymous_31)
FN:240,(anonymous_32)
FN:248,(anonymous_33)
FN:249,(anonymous_34)
FN:257,(anonymous_35)
FN:264,(anonymous_36)
FN:267,(anonymous_37)
FNF:38
FNH:10
FNDA:9,(anonymous_0)
FNDA:7,(anonymous_1)
FNDA:0,(anonymous_2)
FNDA:4,(anonymous_3)
FNDA:5,(anonymous_4)
FNDA:3,(anonymous_5)
FNDA:120,(anonymous_6)
FNDA:18,(anonymous_7)
FNDA:2,(anonymous_8)
FNDA:80,(anonymous_9)
FNDA:10,(anonymous_10)
FNDA:0,(anonymous_11)
FNDA:0,(anonymous_12)
FNDA:0,(anonymous_13)
FNDA:0,(anonymous_14)
FNDA:0,(anonymous_15)
FNDA:0,(anonymous_16)
FNDA:0,(anonymous_17)
FNDA:0,(anonymous_18)
FNDA:0,(anonymous_19)
FNDA:0,(anonymous_20)
FNDA:0,(anonymous_21)
FNDA:0,(anonymous_22)
FNDA:0,(anonymous_23)
FNDA:0,(anonymous_24)
FNDA:0,(anonymous_25)
FNDA:0,(anonymous_26)
FNDA:0,(anonymous_27)
FNDA:0,(anonymous_28)
FNDA:0,(anonymous_29)
FNDA:0,(anonymous_30)
FNDA:0,(anonymous_31)
FNDA:0,(anonymous_32)
FNDA:0,(anonymous_33)
FNDA:0,(anonymous_34)
FNDA:0,(anonymous_35)
FNDA:0,(anonymous_36)
FNDA:0,(anonymous_37)
DA:5,1
DA:14,1
DA:15,9
DA:16,9
DA:17,9
DA:20,9
DA:21,9
DA:22,9
DA:23,9
DA:27,7
DA:28,7
DA:29,7
DA:30,7
DA:34,0
DA:35,0
DA:36,0
DA:37,0
DA:38,0
DA:39,0
DA:40,0
DA:41,0
DA:42,0
DA:43,0
DA:44,0
DA:45,0
DA:50,4
DA:51,4
DA:52,4
DA:53,4
DA:57,5
DA:58,5
DA:59,5
DA:60,5
DA:61,5
DA:63,5
DA:64,5
DA:65,3
DA:66,2
DA:67,0
DA:68,0
DA:69,0
DA:71,0
DA:76,0
DA:80,5
DA:97,3
DA:98,3
DA:99,3
DA:100,3
DA:101,120
DA:102,120
DA:103,120
DA:104,120
DA:106,3
DA:107,18
DA:108,18
DA:110,3
DA:114,2
DA:115,2
DA:116,2
DA:117,2
DA:118,2
DA:119,80
DA:120,80
DA:121,80
DA:122,80
DA:123,80
DA:125,2
DA:126,10
DA:127,10
DA:128,10
DA:130,2
DA:134,0
DA:135,0
DA:136,0
DA:137,0
DA:138,0
DA:139,0
DA:140,0
DA:141,0
DA:142,0
DA:144,0
DA:145,0
DA:146,0
DA:148,0
DA:152,0
DA:153,0
DA:154,0
DA:155,0
DA:156,0
DA:157,0
DA:158,0
DA:159,0
DA:160,0
DA:162,0
DA:163,0
DA:165,0
DA:166,0
DA:170,0
DA:171,0
DA:172,0
DA:173,0
DA:174,0
DA:175,0
DA:176,0
DA:177,0
DA:178,0
DA:180,0
DA:181,0
DA:182,0
DA:184,0
DA:185,0
DA:192,0
DA:193,0
DA:194,0
DA:198,0
DA:206,0
DA:207,0
DA:216,0
DA:218,0
DA:222,0
DA:231,0
DA:240,0
DA:249,0
DA:258,0
DA:259,0
DA:260,0
DA:261,0
DA:265,0
DA:266,0
DA:267,0
DA:268,0
DA:269,0
DA:277,0
LF:133
LH:54
BRDA:21,0,0,0
BRDA:22,1,0,0
BRDA:35,2,0,0
BRDA:35,2,1,0
BRDA:36,3,0,0
BRDA:36,3,1,0
BRDA:38,4,0,0
BRDA:38,4,1,0
BRDA:38,4,2,0
BRDA:38,4,3,0
BRDA:38,4,4,0
BRDA:38,4,5,0
BRDA:38,4,6,0
BRDA:50,5,0,4
BRDA:50,5,1,0
BRDA:58,6,0,5
BRDA:58,6,1,0
BRDA:59,7,0,5
BRDA:59,7,1,0
BRDA:64,8,0,3
BRDA:64,8,1,2
BRDA:64,8,2,0
BRDA:64,8,3,0
BRDA:64,8,4,0
BRDA:64,8,5,0
BRDA:83,9,0,5
BRDA:83,9,1,0
BRDA:83,10,0,5
BRDA:83,10,1,0
BRDA:108,11,0,12
BRDA:108,11,1,6
BRDA:121,12,0,32
BRDA:121,12,1,48
BRDA:127,13,0,10
BRDA:127,13,1,0
BRDA:128,14,0,2
BRDA:128,14,1,8
BRDA:146,15,0,0
BRDA:146,15,1,0
BRDA:163,16,0,0
BRDA:163,16,1,0
BRDA:182,17,0,0
BRDA:182,17,1,0
BRDA:192,18,0,0
BRDA:192,18,1,0
BRDA:194,19,0,0
BRDA:194,19,1,0
BRDA:196,20,0,0
BRDA:196,20,1,0
BRDA:204,21,0,0
BRDA:204,21,1,0
BRDA:204,22,0,0
BRDA:204,22,1,0
BRDA:206,23,0,0
BRDA:206,23,1,0
BRF:55
BRH:14
end_of_record
TN:
SF:src\modules\psyp\inculturation\inculturation.service.ts
FN:19,(anonymous_2)
FN:24,(anonymous_3)
FN:61,(anonymous_4)
FN:76,(anonymous_5)
FN:108,(anonymous_6)
FN:130,(anonymous_7)
FN:137,(anonymous_8)
FN:142,(anonymous_9)
FNF:8
FNH:0
FNDA:0,(anonymous_2)
FNDA:0,(anonymous_3)
FNDA:0,(anonymous_4)
FNDA:0,(anonymous_5)
FNDA:0,(anonymous_6)
FNDA:0,(anonymous_7)
FNDA:0,(anonymous_8)
FNDA:0,(anonymous_9)
DA:7,0
DA:8,0
DA:12,0
DA:13,0
DA:14,0
DA:17,0
DA:19,0
DA:29,0
DA:31,0
DA:32,0
DA:34,0
DA:35,0
DA:38,0
DA:39,0
DA:40,0
DA:44,0
DA:45,0
DA:46,0
DA:50,0
DA:51,0
DA:52,0
DA:53,0
DA:54,0
DA:56,0
DA:57,0
DA:61,0
DA:62,0
DA:63,0
DA:78,0
DA:90,0
DA:99,0
DA:100,0
DA:101,0
DA:114,0
DA:115,0
DA:116,0
DA:117,0
DA:118,0
DA:119,0
DA:120,0
DA:121,0
DA:122,0
DA:123,0
DA:125,0
DA:130,0
DA:132,0
DA:133,0
DA:138,0
DA:139,0
DA:143,0
LF:50
LH:0
BRDA:27,0,0,0
BRDA:38,1,0,0
BRDA:38,1,1,0
BRDA:44,2,0,0
BRDA:44,2,1,0
BRDA:99,3,0,0
BRDA:99,3,1,0
BRDA:100,4,0,0
BRDA:100,4,1,0
BRDA:111,5,0,0
BRDA:112,6,0,0
BRDA:119,7,0,0
BRDA:119,7,1,0
BRF:13
BRH:0
end_of_record
TN:
SF:src\modules\quiz\quiz-generator.controller.ts
FN:10,(anonymous_4)
FN:19,(anonymous_5)
FN:28,(anonymous_6)
FN:37,(anonymous_7)
FN:45,(anonymous_8)
FNF:5
FNH:0
FNDA:0,(anonymous_4)
FNDA:0,(anonymous_5)
FNDA:0,(anonymous_6)
FNDA:0,(anonymous_7)
FNDA:0,(anonymous_8)
DA:1,0
DA:2,0
DA:3,0
DA:4,0
DA:5,0
DA:9,0
DA:11,0
DA:12,0
DA:19,0
DA:20,0
DA:21,0
DA:22,0
DA:28,0
DA:29,0
DA:30,0
DA:37,0
DA:38,0
DA:39,0
DA:45,0
DA:46,0
DA:47,0
LF:21
LH:0
BRDA:21,0,0,0
BRDA:21,0,1,0
BRF:2
BRH:0
end_of_record
TN:
SF:src\modules\quiz\quiz-generator.service.ts
FN:63,(anonymous_2)
FN:77,(anonymous_3)
FN:110,(anonymous_4)
FN:165,(anonymous_5)
FN:186,(anonymous_6)
FN:196,(anonymous_7)
FN:216,(anonymous_8)
FN:236,(anonymous_9)
FN:260,(anonymous_10)
FN:265,(anonymous_11)
FN:266,(anonymous_12)
FN:273,(anonymous_13)
FN:300,(anonymous_14)
FN:318,(anonymous_15)
FN:341,(anonymous_16)
FN:351,(anonymous_17)
FN:352,(anonymous_18)
FNF:17
FNH:0
FNDA:0,(anonymous_2)
FNDA:0,(anonymous_3)
FNDA:0,(anonymous_4)
FNDA:0,(anonymous_5)
FNDA:0,(anonymous_6)
FNDA:0,(anonymous_7)
FNDA:0,(anonymous_8)
FNDA:0,(anonymous_9)
FNDA:0,(anonymous_10)
FNDA:0,(anonymous_11)
FNDA:0,(anonymous_12)
FNDA:0,(anonymous_13)
FNDA:0,(anonymous_14)
FNDA:0,(anonymous_15)
FNDA:0,(anonymous_16)
FNDA:0,(anonymous_17)
FNDA:0,(anonymous_18)
DA:7,0
DA:8,0
DA:9,0
DA:10,0
DA:11,0
DA:12,0
DA:13,0
DA:14,0
DA:35,0
DA:36,0
DA:37,0
DA:39,0
DA:41,0
DA:64,0
DA:65,0
DA:66,0
DA:67,0
DA:69,0
DA:70,0
DA:77,0
DA:78,0
DA:79,0
DA:80,0
DA:82,0
DA:83,0
DA:84,0
DA:85,0
DA:86,0
DA:87,0
DA:88,0
DA:93,0
DA:94,0
DA:97,0
DA:98,0
DA:100,0
DA:103,0
DA:104,0
DA:111,0
DA:112,0
DA:113,0
DA:114,0
DA:117,0
DA:118,0
DA:119,0
DA:120,0
DA:121,0
DA:122,0
DA:123,0
DA:124,0
DA:127,0
DA:130,0
DA:131,0
DA:133,0
DA:134,0
DA:135,0
DA:137,0
DA:151,0
DA:152,0
DA:153,0
DA:154,0
DA:155,0
DA:157,0
DA:158,0
DA:166,0
DA:167,0
DA:168,0
DA:169,0
DA:170,0
DA:171,0
DA:172,0
DA:173,0
DA:175,0
DA:183,0
DA:184,0
DA:186,0
DA:187,0
DA:189,0
DA:197,0
DA:206,0
DA:217,0
DA:219,0
DA:228,0
DA:237,0
DA:238,0
DA:239,0
DA:240,0
DA:242,0
DA:254,0
DA:261,0
DA:262,0
DA:263,0
DA:264,0
DA:265,0
DA:266,0
DA:267,0
DA:274,0
DA:275,0
DA:277,0
DA:301,0
DA:302,0
DA:308,0
DA:309,0
DA:310,0
DA:319,0
DA:328,0
DA:342,0
DA:343,0
DA:344,0
DA:345,0
DA:346,0
DA:348,0
DA:352,0
LF:112
LH:0
BRDA:70,0,0,0
BRDA:70,0,1,0
BRDA:85,1,0,0
BRDA:85,1,1,0
BRDA:85,2,0,0
BRDA:85,2,1,0
BRDA:91,3,0,0
BRDA:91,3,1,0
BRDA:93,4,0,0
BRDA:93,4,1,0
BRDA:111,5,0,0
BRDA:111,5,1,0
BRDA:114,6,0,0
BRDA:114,6,1,0
BRDA:121,7,0,0
BRDA:121,7,1,0
BRDA:134,8,0,0
BRDA:134,8,1,0
BRDA:135,9,0,0
BRDA:135,9,1,0
BRDA:152,10,0,0
BRDA:152,10,1,0
BRDA:154,11,0,0
BRDA:154,11,1,0
BRDA:166,12,0,0
BRDA:166,12,1,0
BRDA:184,13,0,0
BRDA:184,13,1,0
BRDA:186,14,0,0
BRDA:186,14,1,0
BRDA:189,15,0,0
BRDA:189,15,1,0
BRDA:217,16,0,0
BRDA:217,16,1,0
BRDA:229,17,0,0
BRDA:229,17,1,0
BRDA:240,18,0,0
BRDA:240,18,1,0
BRDA:244,19,0,0
BRDA:244,19,1,0
BRDA:245,20,0,0
BRDA:245,20,1,0
BRDA:246,21,0,0
BRDA:246,21,1,0
BRDA:247,22,0,0
BRDA:247,22,1,0
BRDA:248,23,0,0
BRDA:248,23,1,0
BRDA:248,24,0,0
BRDA:248,24,1,0
BRDA:249,25,0,0
BRDA:249,25,1,0
BRDA:250,26,0,0
BRDA:250,26,1,0
BRDA:251,27,0,0
BRDA:251,27,1,0
BRDA:265,28,0,0
BRDA:265,28,1,0
BRDA:266,29,0,0
BRDA:266,29,1,0
BRDA:303,30,0,0
BRDA:303,30,1,0
BRDA:304,31,0,0
BRDA:304,31,1,0
BRDA:305,32,0,0
BRDA:305,32,1,0
BRDA:306,33,0,0
BRDA:306,33,1,0
BRDA:309,34,0,0
BRDA:309,34,1,0
BRDA:318,35,0,0
BRDA:344,36,0,0
BRDA:344,36,1,0
BRDA:344,37,0,0
BRDA:344,37,1,0
BRF:75
BRH:0
end_of_record
TN:
SF:src\modules\quiz\quiz.module.ts
FNF:0
FNH:0
DA:1,0
DA:2,0
DA:3,0
DA:4,0
DA:5,0
DA:6,0
DA:14,0
LF:7
LH:0
BRF:0
BRH:0
end_of_record
TN:
SF:src\modules\quiz\content-source\content-source.service.ts
FN:33,(anonymous_2)
FN:35,(anonymous_3)
FN:50,(anonymous_4)
FN:65,(anonymous_5)
FN:65,(anonymous_6)
FN:85,(anonymous_7)
FN:87,(anonymous_8)
FN:117,(anonymous_9)
FN:188,(anonymous_10)
FN:190,(anonymous_11)
FN:206,(anonymous_12)
FN:212,(anonymous_13)
FN:222,(anonymous_14)
FN:227,(anonymous_15)
FN:240,(anonymous_16)
FN:252,(anonymous_17)
FN:277,(anonymous_18)
FN:288,(anonymous_19)
FN:292,(anonymous_20)
FN:298,(anonymous_21)
FN:311,(anonymous_22)
FNF:21
FNH:0
FNDA:0,(anonymous_2)
FNDA:0,(anonymous_3)
FNDA:0,(anonymous_4)
FNDA:0,(anonymous_5)
FNDA:0,(anonymous_6)
FNDA:0,(anonymous_7)
FNDA:0,(anonymous_8)
FNDA:0,(anonymous_9)
FNDA:0,(anonymous_10)
FNDA:0,(anonymous_11)
FNDA:0,(anonymous_12)
FNDA:0,(anonymous_13)
FNDA:0,(anonymous_14)
FNDA:0,(anonymous_15)
FNDA:0,(anonymous_16)
FNDA:0,(anonymous_17)
FNDA:0,(anonymous_18)
FNDA:0,(anonymous_19)
FNDA:0,(anonymous_20)
FNDA:0,(anonymous_21)
FNDA:0,(anonymous_22)
DA:6,0
DA:7,0
DA:8,0
DA:26,0
DA:27,0
DA:29,0
DA:30,0
DA:31,0
DA:33,0
DA:36,0
DA:37,0
DA:38,0
DA:39,0
DA:40,0
DA:41,0
DA:43,0
DA:51,0
DA:52,0
DA:53,0
DA:54,0
DA:55,0
DA:58,0
DA:59,0
DA:60,0
DA:61,0
DA:64,0
DA:65,0
DA:66,0
DA:67,0
DA:70,0
DA:71,0
DA:73,0
DA:77,0
DA:78,0
DA:79,0
DA:86,0
DA:87,0
DA:88,0
DA:89,0
DA:99,0
DA:100,0
DA:102,0
DA:103,0
DA:105,0
DA:106,0
DA:107,0
DA:109,0
DA:110,0
DA:118,0
DA:121,0
DA:122,0
DA:124,0
DA:125,0
DA:128,0
DA:129,0
DA:131,0
DA:132,0
DA:135,0
DA:136,0
DA:137,0
DA:138,0
DA:140,0
DA:142,0
DA:143,0
DA:154,0
DA:155,0
DA:156,0
DA:157,0
DA:158,0
DA:159,0
DA:161,0
DA:162,0
DA:165,0
DA:166,0
DA:167,0
DA:168,0
DA:170,0
DA:171,0
DA:182,0
DA:189,0
DA:190,0
DA:191,0
DA:192,0
DA:200,0
DA:201,0
DA:202,0
DA:206,0
DA:212,0
DA:214,0
DA:215,0
DA:223,0
DA:224,0
DA:226,0
DA:227,0
DA:228,0
DA:229,0
DA:230,0
DA:232,0
DA:233,0
DA:234,0
DA:241,0
DA:242,0
DA:244,0
DA:246,0
DA:253,0
DA:254,0
DA:255,0
DA:256,0
DA:257,0
DA:258,0
DA:259,0
DA:260,0
DA:262,0
DA:272,0
DA:273,0
DA:274,0
DA:275,0
DA:277,0
DA:278,0
DA:279,0
DA:281,0
DA:289,0
DA:293,0
DA:294,0
DA:295,0
DA:299,0
DA:311,0
LF:127
LH:0
BRDA:50,0,0,0
BRDA:50,1,0,0
BRDA:53,2,0,0
BRDA:53,2,1,0
BRDA:53,3,0,0
BRDA:53,3,1,0
BRDA:59,4,0,0
BRDA:59,4,1,0
BRDA:67,5,0,0
BRDA:67,5,1,0
BRDA:71,6,0,0
BRDA:71,6,1,0
BRDA:100,7,0,0
BRDA:100,7,1,0
BRDA:129,8,0,0
BRDA:129,8,1,0
BRDA:132,9,0,0
BRDA:132,9,1,0
BRDA:135,10,0,0
BRDA:135,10,1,0
BRDA:136,11,0,0
BRDA:136,11,1,0
BRDA:137,12,0,0
BRDA:137,12,1,0
BRDA:138,13,0,0
BRDA:138,13,1,0
BRDA:142,14,0,0
BRDA:142,14,1,0
BRDA:148,15,0,0
BRDA:148,15,1,0
BRDA:154,16,0,0
BRDA:154,16,1,0
BRDA:159,17,0,0
BRDA:159,17,1,0
BRDA:162,18,0,0
BRDA:162,18,1,0
BRDA:165,19,0,0
BRDA:165,19,1,0
BRDA:166,20,0,0
BRDA:166,20,1,0
BRDA:167,21,0,0
BRDA:167,21,1,0
BRDA:168,22,0,0
BRDA:168,22,1,0
BRDA:170,23,0,0
BRDA:170,23,1,0
BRDA:176,24,0,0
BRDA:176,24,1,0
BRDA:202,25,0,0
BRDA:202,25,1,0
BRDA:204,26,0,0
BRDA:204,26,1,0
BRDA:204,26,2,0
BRDA:204,26,3,0
BRDA:207,27,0,0
BRDA:207,27,1,0
BRDA:207,27,2,0
BRDA:208,28,0,0
BRDA:208,28,1,0
BRDA:208,28,2,0
BRDA:208,28,3,0
BRDA:210,29,0,0
BRDA:210,29,1,0
BRDA:211,30,0,0
BRDA:211,30,1,0
BRDA:211,30,2,0
BRDA:222,31,0,0
BRDA:224,32,0,0
BRDA:224,32,1,0
BRDA:229,33,0,0
BRDA:229,33,1,0
BRDA:240,34,0,0
BRDA:241,35,0,0
BRDA:241,35,1,0
BRDA:246,36,0,0
BRDA:246,36,1,0
BRDA:253,37,0,0
BRDA:253,37,1,0
BRDA:274,38,0,0
BRDA:274,38,1,0
BRDA:274,39,0,0
BRDA:274,39,1,0
BRDA:277,40,0,0
BRDA:277,40,1,0
BRDA:281,41,0,0
BRDA:281,41,1,0
BRDA:293,42,0,0
BRDA:293,42,1,0
BRF:88
BRH:0
end_of_record
TN:
SF:src\modules\rescue\rescue.controller.ts
FN:9,(anonymous_4)
FN:14,(anonymous_5)
FN:21,(anonymous_6)
FN:30,(anonymous_7)
FN:42,(anonymous_8)
FN:51,(anonymous_9)
FN:57,(anonymous_10)
FNF:7
FNH:0
FNDA:0,(anonymous_4)
FNDA:0,(anonymous_5)
FNDA:0,(anonymous_6)
FNDA:0,(anonymous_7)
FNDA:0,(anonymous_8)
FNDA:0,(anonymous_9)
FNDA:0,(anonymous_10)
DA:1,0
DA:2,0
DA:3,0
DA:4,0
DA:8,0
DA:9,0
DA:14,0
DA:15,0
DA:21,0
DA:22,0
DA:30,0
DA:31,0
DA:42,0
DA:43,0
DA:51,0
DA:52,0
DA:57,0
LF:17
LH:0
BRDA:15,0,0,0
BRDA:15,0,1,0
BRDA:22,1,0,0
BRDA:22,1,1,0
BRDA:30,2,0,0
BRDA:51,3,0,0
BRF:6
BRH:0
end_of_record
TN:
SF:src\modules\rescue\rescue.module.ts
FNF:0
FNH:0
DA:1,0
DA:2,0
DA:3,0
DA:4,0
DA:5,0
DA:6,0
DA:14,0
LF:7
LH:0
BRF:0
BRH:0
end_of_record
TN:
SF:src\modules\rescue\rescue.service.ts
FN:22,(anonymous_2)
FN:30,(anonymous_3)
FN:45,(anonymous_4)
FN:85,(anonymous_5)
FN:114,(anonymous_6)
FN:144,(anonymous_7)
FN:190,(anonymous_8)
FN:213,(anonymous_9)
FN:233,(anonymous_10)
FN:249,(anonymous_11)
FN:264,(anonymous_12)
FN:275,(anonymous_13)
FN:280,(anonymous_14)
FNF:13
FNH:0
FNDA:0,(anonymous_2)
FNDA:0,(anonymous_3)
[...]
DA:6,0
DA:7,0
DA:10,0
DA:11,0
DA:18,0
DA:19,0
DA:20,0
DA:28,0
DA:29,0
DA:30,0
DA:31,0
DA:46,0
DA:47,0
DA:55,0
DA:56,0
LF:16
LH:0
BRDA:29,0,0,0
BRDA:29,0,1,0
BRDA:36,1,0,0
BRDA:36,1,1,0
BRDA:59,2,0,0
BRDA:59,2,1,0
BRDA:60,3,0,0
BRDA:60,3,1,0
BRF:8
BRH:0
end_of_record
TN:
SF:src\modules\telecom\telecom.module.ts
FNF:0
FNH:0
DA:1,0
DA:2,0
DA:3,0
DA:4,0
DA:5,0
DA:6,0
DA:14,0
LF:7
LH:0
BRF:0
BRH:0
end_of_record
TN:
SF:src\modules\telecom\telecom.service.ts
FN:31,(anonymous_2)
FN:46,(anonymous_3)
FN:54,(anonymous_4)
FN:64,(anonymous_5)
FN:73,(anonymous_6)
FN:82,(anonymous_7)
FN:91,(anonymous_8)
FN:100,(anonymous_9)
FN:110,(anonymous_10)
FN:124,(anonymous_11)
FN:138,(anonymous_12)
FN:157,(anonymous_13)
FN:169,(anonymous_14)
FNF:13
FNH:0
FNDA:0,(anonymous_2)
FNDA:0,(anonymous_3)
FNDA:0,(anonymous_4)
FNDA:0,(anonymous_5)
FNDA:0,(anonymous_6)
FNDA:0,(anonymous_7)
FNDA:0,(anonymous_8)
FNDA:0,(anonymous_9)
FNDA:0,(anonymous_10)
FNDA:0,(anonymous_11)
FNDA:0,(anonymous_12)
FNDA:0,(anonymous_13)
FNDA:0,(anonymous_14)
DA:8,0
DA:9,0
DA:10,0
DA:21,0
DA:22,0
DA:32,0
DA:33,0
DA:35,0
DA:36,0
DA:37,0
DA:38,0
DA:39,0
DA:40,0
DA:41,0
DA:47,0
DA:48,0
DA:55,0
DA:56,0
DA:57,0
DA:58,0
DA:65,0
DA:66,0
DA:67,0
DA:74,0
DA:75,0
DA:76,0
DA:83,0
DA:84,0
DA:85,0
DA:92,0
DA:93,0
DA:94,0
DA:101,0
DA:102,0
DA:103,0
DA:104,0
DA:111,0
DA:112,0
DA:113,0
DA:114,0
DA:115,0
DA:116,0
DA:117,0
DA:118,0
DA:125,0
DA:126,0
DA:127,0
DA:129,0
DA:130,0
DA:137,0
DA:138,0
DA:139,0
DA:142,0
DA:143,0
DA:144,0
DA:145,0
DA:146,0
DA:148,0
DA:149,0
DA:150,0
DA:158,0
DA:159,0
DA:160,0
DA:161,0
DA:165,0
DA:166,0
DA:167,0
DA:170,0
LF:68
LH:0
BRDA:35,0,0,0
BRDA:35,0,1,0
BRDA:36,1,0,0
BRDA:36,1,1,0
BRDA:37,2,0,0
BRDA:37,2,1,0
BRDA:38,3,0,0
BRDA:38,3,1,0
BRDA:39,4,0,0
BRDA:39,4,1,0
BRDA:40,5,0,0
BRDA:40,5,1,0
BRDA:41,6,0,0
BRDA:41,6,1,0
BRDA:41,6,2,0
BRDA:47,7,0,0
BRDA:47,7,1,0
BRDA:47,8,0,0
BRDA:47,8,1,0
BRDA:54,9,0,0
BRDA:56,10,0,0
BRDA:56,10,1,0
BRDA:64,11,0,0
BRDA:66,12,0,0
BRDA:66,12,1,0
BRDA:73,13,0,0
BRDA:75,14,0,0
BRDA:75,14,1,0
BRDA:82,15,0,0
BRDA:84,16,0,0
BRDA:84,16,1,0
BRDA:93,17,0,0
BRDA:93,17,1,0
BRDA:100,18,0,0
BRDA:102,19,0,0
BRDA:102,19,1,0
BRDA:111,20,0,0
BRDA:111,20,1,0
BRDA:112,21,0,0
BRDA:112,21,1,0
BRDA:117,22,0,0
BRDA:117,22,1,0
BRDA:125,23,0,0
BRDA:125,23,1,0
BRDA:145,24,0,0
BRDA:145,24,1,0
BRDA:149,25,0,0
BRDA:149,25,1,0
BRDA:150,26,0,0
BRDA:150,26,1,0
BRDA:157,27,0,0
BRDA:158,28,0,0
BRDA:158,28,1,0
BRDA:159,29,0,0
BRDA:159,29,1,0
BRDA:165,30,0,0
BRDA:165,30,1,0
BRDA:166,31,0,0
BRDA:166,31,1,0
BRF:59
BRH:0
end_of_record
TN:
SF:src\modules\telecom\providers\africas-talking.provider.ts
FN:23,(anonymous_3)
FN:28,(anonymous_4)
FN:45,(anonymous_5)
FN:68,(anonymous_6)
FN:72,(anonymous_7)
FN:76,(anonymous_8)
FN:82,(anonymous_9)
FN:86,(anonymous_10)
FN:90,(anonymous_11)
FN:108,(anonymous_12)
FN:121,(anonymous_13)
FNF:11
FNH:0
FNDA:0,(anonymous_3)
FNDA:0,(anonymous_4)
FNDA:0,(anonymous_5)
FNDA:0,(anonymous_6)
FNDA:0,(anonymous_7)
FNDA:0,(anonymous_8)
FNDA:0,(anonymous_9)
FNDA:0,(anonymous_10)
FNDA:0,(anonymous_11)
FNDA:0,(anonymous_12)
FNDA:0,(anonymous_13)
DA:1,0
DA:2,0
DA:3,0
DA:14,0
DA:15,0
DA:21,0
DA:23,0
DA:24,0
DA:25,0
DA:29,0
DA:30,0
DA:31,0
DA:32,0
DA:34,0
DA:35,0
DA:36,0
DA:37,0
DA:38,0
DA:39,0
DA:41,0
DA:46,0
DA:47,0
DA:48,0
DA:50,0
DA:51,0
DA:52,0
DA:53,0
DA:54,0
DA:55,0
DA:63,0
DA:64,0
DA:69,0
DA:73,0
DA:77,0
DA:78,0
DA:79,0
DA:83,0
DA:87,0
DA:91,0
DA:92,0
DA:93,0
DA:95,0
DA:96,0
DA:99,0
DA:100,0
DA:101,0
DA:103,0
DA:104,0
DA:109,0
DA:110,0
DA:111,0
DA:112,0
DA:116,0
DA:117,0
DA:118,0
DA:121,0
LF:56
LH:0
BRDA:24,0,0,0
BRDA:24,0,1,0
BRDA:25,1,0,0
BRDA:25,1,1,0
BRDA:29,2,0,0
BRDA:29,2,1,0
BRDA:30,3,0,0
BRDA:30,3,1,0
BRDA:30,4,0,0
BRDA:30,4,1,0
BRDA:46,5,0,0
BRDA:46,5,1,0
BRDA:54,6,0,0
BRDA:54,6,1,0
BRDA:59,7,0,0
BRDA:59,7,1,0
BRDA:78,8,0,0
BRDA:78,8,1,0
BRDA:90,9,0,0
BRDA:91,10,0,0
BRDA:91,10,1,0
BRDA:100,11,0,0
BRDA:100,11,1,0
BRDA:108,12,0,0
BRDA:109,13,0,0
BRDA:109,13,1,0
BRDA:110,14,0,0
BRDA:110,14,1,0
BRDA:116,15,0,0
BRDA:116,15,1,0
BRDA:117,16,0,0
BRDA:117,16,1,0
BRF:32
BRH:0
end_of_record
TN:
SF:src\modules\ussd\assessment-ussd.service.ts
FN:40,(anonymous_2)
FN:51,(anonymous_3)
FN:103,(anonymous_4)
FN:113,(anonymous_5)
FN:137,(anonymous_6)
FN:164,(anonymous_7)
FN:172,(anonymous_8)
FN:181,(anonymous_9)
FN:188,(anonymous_10)
FN:196,(anonymous_11)
FN:206,(anonymous_12)
FNF:11
FNH:0
FNDA:0,(anonymous_2)
FNDA:0,(anonymous_3)
FNDA:0,(anonymous_4)
FNDA:0,(anonymous_5)
FNDA:0,(anonymous_6)
FNDA:0,(anonymous_7)
FNDA:0,(anonymous_8)
FNDA:0,(anonymous_9)
FNDA:0,(anonymous_10)
FNDA:0,(anonymous_11)
FNDA:0,(anonymous_12)
DA:7,0
DA:8,0
DA:9,0
DA:10,0
DA:11,0
DA:12,0
DA:14,0
DA:37,0
DA:38,0
DA:41,0
DA:42,0
DA:43,0
DA:44,0
DA:45,0
DA:52,0
DA:53,0
DA:55,0
DA:56,0
DA:62,0
DA:66,0
DA:67,0
DA:71,0
DA:74,0
DA:75,0
DA:76,0
DA:77,0
DA:81,0
DA:82,0
DA:83,0
DA:84,0
DA:85,0
DA:86,0
DA:90,0
DA:91,0
DA:92,0
DA:96,0
DA:97,0
DA:104,0
DA:105,0
DA:106,0
DA:107,0
DA:114,0
DA:115,0
DA:118,0
DA:119,0
DA:120,0
DA:133,0
DA:134,0
DA:135,0
DA:137,0
DA:141,0
DA:145,0
DA:150,0
DA:153,0
DA:155,0
DA:157,0
DA:158,0
DA:165,0
DA:166,0
DA:173,0
DA:181,0
DA:182,0
DA:189,0
DA:190,0
DA:191,0
DA:192,0
DA:193,0
DA:197,0
DA:198,0
DA:202,0
DA:207,0
LF:71
LH:0
BRDA:51,0,0,0
BRDA:55,1,0,0
BRDA:55,1,1,0
BRDA:66,2,0,0
BRDA:66,2,1,0
BRDA:71,3,0,0
BRDA:71,3,1,0
BRDA:74,4,0,0
BRDA:74,4,1,0
BRDA:81,5,0,0
BRDA:81,5,1,0
BRDA:83,6,0,0
BRDA:83,6,1,0
BRDA:83,7,0,0
BRDA:83,7,1,0
BRDA:85,8,0,0
BRDA:85,8,1,0
BRDA:90,9,0,0
BRDA:90,9,1,0
BRDA:125,10,0,0
BRDA:125,10,1,0
BRDA:126,11,0,0
BRDA:126,11,1,0
BRDA:127,12,0,0
BRDA:127,12,1,0
BRDA:128,13,0,0
BRDA:128,13,1,0
BRDA:129,14,0,0
BRDA:129,14,1,0
BRDA:130,15,0,0
BRDA:130,15,1,0
BRDA:134,16,0,0
BRDA:134,16,1,0
BRDA:137,17,0,0
BRDA:137,17,1,0
BRDA:137,17,2,0
BRDA:182,18,0,0
BRDA:182,18,1,0
BRDA:182,19,0,0
BRDA:182,19,1,0
BRDA:191,20,0,0
BRDA:191,20,1,0
BRF:42
BRH:0
end_of_record
TN:
SF:src\modules\ussd\ussd-session.service.ts
FN:28,(anonymous_3)
FN:30,(anonymous_4)
FN:32,(anonymous_5)
FN:33,(anonymous_6)
FN:39,(anonymous_7)
FN:43,(anonymous_8)
FN:49,(anonymous_9)
FN:58,(anonymous_10)
FN:62,(anonymous_11)
FN:70,(anonymous_12)
FN:79,(anonymous_13)
FN:83,(anonymous_14)
FNF:12
FNH:0
FNDA:0,(anonymous_3)
FNDA:0,(anonymous_4)
FNDA:0,(anonymous_5)
FNDA:0,(anonymous_6)
FNDA:0,(anonymous_7)
FNDA:0,(anonymous_8)
FNDA:0,(anonymous_9)
FNDA:0,(anonymous_10)
FNDA:0,(anonymous_11)
FNDA:0,(anonymous_12)
FNDA:0,(anonymous_13)
FNDA:0,(anonymous_14)
DA:7,0
DA:8,0
DA:9,0
DA:22,0
DA:23,0
DA:25,0
DA:26,0
DA:28,0
DA:31,0
DA:32,0
DA:33,0
DA:40,0
DA:44,0
DA:45,0
DA:46,0
DA:50,0
DA:59,0
DA:63,0
DA:71,0
DA:80,0
DA:84,0
DA:85,0
LF:22
LH:0
BRDA:45,0,0,0
BRDA:45,0,1,0
BRF:2
BRH:0
end_of_record
TN:
SF:src\modules\ussd\ussd-vas-router.service.ts
FN:42,(anonymous_2)
FN:50,(anonymous_3)
FN:63,(anonymous_4)
FN:105,(anonymous_5)
FN:116,(anonymous_6)
FNF:5
FNH:0
FNDA:0,(anonymous_2)
FNDA:0,(anonymous_3)
FNDA:0,(anonymous_4)
FNDA:0,(anonymous_5)
FNDA:0,(anonymous_6)
DA:6,0
DA:7,0
DA:9,0
DA:19,0
DA:20,0
DA:22,0
DA:40,0
DA:43,0
DA:44,0
DA:56,0
DA:57,0
DA:70,0
DA:75,0
DA:76,0
DA:77,0
DA:81,0
DA:82,0
DA:89,0
DA:90,0
DA:91,0
DA:92,0
DA:94,0
DA:97,0
DA:98,0
DA:99,0
DA:100,0
DA:102,0
DA:103,0
DA:104,0
DA:105,0
DA:108,0
DA:112,0
DA:113,0
DA:114,0
DA:115,0
DA:116,0
DA:118,0
DA:122,0
DA:123,0
DA:130,0
DA:131,0
DA:137,0
DA:138,0
LF:43
LH:0
BRDA:56,0,0,0
BRDA:56,0,1,0
BRDA:75,1,0,0
BRDA:75,1,1,0
BRDA:81,2,0,0
BRDA:81,2,1,0
BRDA:92,3,0,0
BRDA:92,3,1,0
BRDA:97,4,0,0
BRDA:97,4,1,0
BRDA:97,5,0,0
BRDA:97,5,1,0
BRDA:97,5,2,0
BRDA:105,6,0,0
BRDA:105,6,1,0
BRDA:112,7,0,0
BRDA:112,7,1,0
BRDA:112,8,0,0
BRDA:112,8,1,0
BRDA:116,9,0,0
BRDA:116,9,1,0
BRDA:122,10,0,0
BRDA:122,10,1,0
BRDA:130,11,0,0
BRDA:130,11,1,0
BRF:25
BRH:0
end_of_record
TN:
SF:src\modules\ussd\ussd.controller.ts
FN:13,(anonymous_4)
FN:34,(anonymous_5)
FN:52,(anonymous_6)
FN:68,(anonymous_7)
FNF:4
FNH:0
FNDA:0,(anonymous_4)
FNDA:0,(anonymous_5)
FNDA:0,(anonymous_6)
FNDA:0,(anonymous_7)
DA:5,0
DA:6,0
DA:7,0
DA:8,0
DA:12,0
DA:13,0
DA:34,0
DA:35,0
DA:52,0
DA:56,0
DA:68,0
DA:69,0
LF:12
LH:0
BRDA:36,0,0,0
BRDA:36,0,1,0
BRDA:36,0,2,0
BRDA:37,1,0,0
BRDA:37,1,1,0
BRDA:37,1,2,0
BRDA:38,2,0,0
BRDA:38,2,1,0
BRDA:38,2,2,0
BRDA:39,3,0,0
BRDA:39,3,1,0
BRDA:54,4,0,0
BRDA:59,5,0,0
BRDA:59,5,1,0
BRDA:72,6,0,0
BRDA:72,6,1,0
BRDA:73,7,0,0
BRDA:73,7,1,0
BRF:18
BRH:0
end_of_record
TN:
SF:src\modules\ussd\ussd.module.ts
FNF:0
FNH:0
DA:1,0
DA:2,0
DA:3,0
DA:4,0
DA:5,0
DA:6,0
DA:7,0
DA:8,0
DA:9,0
DA:10,0
DA:18,0
LF:11
LH:0
BRF:0
BRH:0
end_of_record
TN:
SF:src\modules\ussd\ussd.service.ts
FN:19,(anonymous_2)
FN:28,(anonymous_3)
FN:49,(anonymous_4)
FN:69,(anonymous_5)
FN:83,(anonymous_6)
FN:85,(anonymous_7)
FN:91,(anonymous_8)
FN:94,(anonymous_9)
FN:94,(anonymous_10)
FN:108,(anonymous_11)
FN:111,(anonymous_12)
FN:117,(anonymous_13)
FN:120,(anonymous_14)
FN:124,(anonymous_15)
FN:135,(anonymous_16)
FN:148,(anonymous_17)
FN:168,(anonymous_18)
FNF:17
FNH:0
FNDA:0,(anonymous_2)
FNDA:0,(anonymous_3)
FNDA:0,(anonymous_4)
FNDA:0,(anonymous_5)
FNDA:0,(anonymous_6)
FNDA:0,(anonymous_7)
FNDA:0,(anonymous_8)
FNDA:0,(anonymous_9)
FNDA:0,(anonymous_10)
FNDA:0,(anonymous_11)
FNDA:0,(anonymous_12)
FNDA:0,(anonymous_13)
FNDA:0,(anonymous_14)
FNDA:0,(anonymous_15)
FNDA:0,(anonymous_16)
FNDA:0,(anonymous_17)
FNDA:0,(anonymous_18)
DA:7,0
DA:8,0
DA:9,0
DA:10,0
DA:11,0
DA:12,0
DA:13,0
DA:16,0
DA:17,0
DA:20,0
DA:21,0
DA:22,0
DA:23,0
DA:24,0
DA:25,0
DA:32,0
DA:33,0
DA:34,0
DA:36,0
DA:38,0
DA:39,0
DA:41,0
DA:42,0
DA:49,0
DA:52,0
DA:53,0
DA:54,0
DA:56,0
DA:57,0
DA:59,0
DA:62,0
DA:70,0
DA:71,0
DA:73,0
DA:75,0
DA:76,0
DA:77,0
DA:79,0
DA:84,0
DA:85,0
DA:92,0
DA:93,0
DA:94,0
DA:95,0
DA:96,0
DA:97,0
DA:98,0
DA:99,0
DA:100,0
DA:101,0
DA:102,0
DA:104,0
DA:109,0
DA:110,0
DA:111,0
DA:113,0
DA:118,0
DA:119,0
DA:120,0
DA:121,0
DA:122,0
DA:123,0
DA:124,0
DA:125,0
DA:126,0
DA:128,0
DA:129,0
DA:131,0
DA:136,0
DA:137,0
DA:138,0
DA:139,0
DA:140,0
DA:141,0
DA:142,0
DA:143,0
DA:145,0
DA:149,0
DA:165,0
DA:171,0
DA:173,0
DA:174,0
DA:175,0
DA:178,0
DA:179,0
DA:180,0
DA:181,0
DA:182,0
DA:184,0
DA:185,0
DA:186,0
DA:187,0
DA:188,0
DA:190,0
DA:193,0
DA:194,0
DA:195,0
DA:196,0
DA:197,0
DA:199,0
DA:202,0
DA:203,0
DA:204,0
DA:205,0
DA:208,0
LF:105
LH:0
BRDA:41,0,0,0
BRDA:41,0,1,0
BRDA:52,1,0,0
BRDA:52,1,1,0
BRDA:54,2,0,0
BRDA:54,2,1,0
BRDA:56,3,0,0
BRDA:56,3,1,0
BRDA:94,4,0,0
BRDA:94,4,1,0
BRDA:111,5,0,0
BRDA:111,5,1,0
BRDA:120,6,0,0
BRDA:120,6,1,0
BRDA:122,7,0,0
BRDA:122,7,1,0
BRDA:125,8,0,0
BRDA:125,8,1,0
BRDA:141,9,0,0
BRDA:141,9,1,0
BRDA:165,10,0,0
BRDA:165,10,1,0
BRDA:173,11,0,0
BRDA:173,11,1,0
BRDA:178,12,0,0
BRDA:178,12,1,0
BRDA:180,13,0,0
BRDA:180,13,1,0
BRDA:186,14,0,0
BRDA:186,14,1,0
BRDA:193,15,0,0
BRDA:193,15,1,0
BRDA:195,16,0,0
BRDA:195,16,1,0
BRDA:202,17,0,0
BRDA:202,17,1,0
BRF:36
BRH:0
end_of_record
TN:
SF:src\modules\vas\vas-abonnement.controller.ts
FN:9,(anonymous_4)
FN:16,(anonymous_5)
FN:24,(anonymous_6)
FN:33,(anonymous_7)
FN:40,(anonymous_8)
FN:47,(anonymous_9)
FN:56,(anonymous_10)
FN:63,(anonymous_11)
FNF:8
FNH:0
FNDA:0,(anonymous_4)
FNDA:0,(anonymous_5)
FNDA:0,(anonymous_6)
FNDA:0,(anonymous_7)
FNDA:0,(anonymous_8)
FNDA:0,(anonymous_9)
FNDA:0,(anonymous_10)
FNDA:0,(anonymous_11)
DA:1,0
DA:2,0
DA:3,0
DA:4,0
DA:8,0
DA:9,0
DA:16,0
DA:17,0
DA:24,0
DA:25,0
DA:33,0
DA:34,0
DA:40,0
DA:41,0
DA:47,0
DA:48,0
DA:49,0
DA:56,0
DA:57,0
DA:63,0
LF:20
LH:0
BRDA:56,0,0,0
BRF:1
BRH:0
end_of_record
TN:
SF:src\modules\vas\vas-abonnement.service.ts
FN:44,(anonymous_2)
FN:51,(anonymous_3)
FN:67,(anonymous_4)
FN:131,(anonymous_5)
FN:159,(anonymous_6)
FN:184,(anonymous_7)
FN:208,(anonymous_8)
FN:225,(anonymous_9)
FN:245,(anonymous_10)
FN:263,(anonymous_11)
FNF:10
FNH:0
FNDA:0,(anonymous_2)
FNDA:0,(anonymous_3)
FNDA:0,(anonymous_4)
FNDA:0,(anonymous_5)
FNDA:0,(anonymous_6)
FNDA:0,(anonymous_7)
FNDA:0,(anonymous_8)
FNDA:0,(anonymous_9)
FNDA:0,(anonymous_10)
FNDA:0,(anonymous_11)
DA:7,0
DA:8,0
DA:9,0
DA:10,0
DA:11,0
DA:12,0
DA:13,0
DA:38,0
DA:39,0
DA:42,0
DA:45,0
DA:46,0
DA:47,0
DA:48,0
DA:52,0
DA:53,0
DA:54,0
DA:55,0
DA:56,0
DA:57,0
DA:58,0
DA:60,0
DA:68,0
DA:70,0
DA:71,0
DA:72,0
DA:73,0
DA:77,0
DA:83,0
DA:84,0
DA:88,0
DA:89,0
DA:95,0
DA:101,0
DA:104,0
DA:105,0
DA:111,0
DA:113,0
DA:114,0
DA:115,0
DA:123,0
DA:124,0
DA:132,0
DA:133,0
DA:134,0
DA:140,0
DA:143,0
DA:144,0
DA:146,0
DA:147,0
DA:148,0
DA:150,0
DA:151,0
DA:159,0
DA:160,0
DA:161,0
DA:162,0
DA:163,0
DA:169,0
DA:170,0
DA:171,0
DA:172,0
DA:173,0
DA:175,0
DA:177,0
DA:185,0
DA:186,0
DA:187,0
DA:188,0
DA:189,0
DA:191,0
DA:192,0
DA:193,0
DA:194,0
DA:197,0
DA:198,0
DA:200,0
DA:201,0
DA:209,0
DA:210,0
DA:211,0
DA:217,0
DA:218,0
DA:219,0
DA:226,0
DA:227,0
DA:228,0
DA:238,0
DA:239,0
DA:246,0
DA:247,0
DA:254,0
DA:255,0
DA:256,0
DA:257,0
DA:260,0
DA:264,0
DA:265,0
DA:270,0
LF:99
LH:0
BRDA:67,0,0,0
BRDA:68,1,0,0
BRDA:68,1,1,0
BRDA:72,2,0,0
BRDA:72,2,1,0
BRDA:83,3,0,0
BRDA:83,3,1,0
BRDA:83,4,0,0
BRDA:83,4,1,0
BRDA:88,5,0,0
BRDA:88,5,1,0
BRDA:106,6,0,0
BRDA:106,6,1,0
BRDA:108,7,0,0
BRDA:108,7,1,0
BRDA:113,8,0,0
BRDA:113,8,1,0
BRDA:131,9,0,0
BRDA:161,10,0,0
BRDA:161,10,1,0
BRDA:173,11,0,0
BRDA:173,11,1,0
BRDA:184,12,0,0
BRDA:188,13,0,0
BRDA:188,13,1,0
BRDA:191,14,0,0
BRDA:191,14,1,0
BRDA:208,15,0,0
BRDA:209,16,0,0
BRDA:209,16,1,0
BRDA:217,17,0,0
BRDA:217,17,1,0
BRDA:225,18,0,0
BRDA:226,19,0,0
BRDA:226,19,1,0
BRDA:254,20,0,0
BRDA:254,20,1,0
BRDA:256,21,0,0
BRDA:256,21,1,0
BRF:39
BRH:0
end_of_record
TN:
SF:src\modules\vas\vas.module.ts
FNF:0
FNH:0
DA:1,0
DA:2,0
DA:3,0
DA:4,0
DA:5,0
DA:13,0
LF:6
LH:0
BRF:0
BRH:0
end_of_record
TN:
SF:src\modules\veille\veille-marche.controller.ts
FN:9,(anonymous_4)
FN:14,(anonymous_5)
FN:24,(anonymous_6)
FN:32,(anonymous_7)
FN:45,(anonymous_8)
FN:58,(anonymous_9)
FNF:6
FNH:0
FNDA:0,(anonymous_4)
FNDA:0,(anonymous_5)
FNDA:0,(anonymous_6)
FNDA:0,(anonymous_7)
FNDA:0,(anonymous_8)
FNDA:0,(anonymous_9)
DA:1,0
DA:2,0
DA:3,0
DA:4,0
DA:8,0
DA:9,0
DA:14,0
DA:15,0
DA:16,0
DA:24,0
DA:25,0
DA:32,0
DA:37,0
DA:38,0
DA:45,0
DA:51,0
DA:52,0
DA:58,0
LF:18
LH:0
BRDA:14,0,0,0
BRDA:24,1,0,0
BRDA:24,2,0,0
BRDA:34,3,0,0
BRDA:35,4,0,0
BRDA:38,5,0,0
BRDA:38,5,1,0
BRDA:47,6,0,0
BRDA:48,7,0,0
BRDA:49,8,0,0
BRF:10
BRH:0
end_of_record
TN:
SF:src\modules\veille\veille-marche.service.ts
FN:44,(anonymous_2)
FN:50,(anonymous_3)
FN:66,(anonymous_4)
FN:74,(anonymous_5)
FN:90,(anonymous_6)
FN:106,(anonymous_7)
FN:117,(anonymous_8)
FN:119,(anonymous_9)
FN:126,(anonymous_10)
FN:128,(anonymous_11)
FN:166,(anonymous_12)
FN:181,(anonymous_13)
FN:188,(anonymous_14)
FN:202,(anonymous_15)
FN:215,(anonymous_16)
FN:222,(anonymous_17)
FN:260,(anonymous_18)
FN:268,(anonymous_19)
FN:282,(anonymous_20)
FN:290,(anonymous_21)
FNF:20
FNH:0
FNDA:0,(anonymous_2)
FNDA:0,(anonymous_3)
FNDA:0,(anonymous_4)
FNDA:0,(anonymous_5)
FNDA:0,(anonymous_6)
FNDA:0,(anonymous_7)
FNDA:0,(anonymous_8)
FNDA:0,(anonymous_9)
FNDA:0,(anonymous_10)
FNDA:0,(anonymous_11)
FNDA:0,(anonymous_12)
FNDA:0,(anonymous_13)
FNDA:0,(anonymous_14)
FNDA:0,(anonymous_15)
FNDA:0,(anonymous_16)
FNDA:0,(anonymous_17)
FNDA:0,(anonymous_18)
FNDA:0,(anonymous_19)
FNDA:0,(anonymous_20)
FNDA:0,(anonymous_21)
DA:6,0
DA:7,0
DA:8,0
DA:9,0
DA:10,0
DA:11,0
DA:25,0
DA:35,0
DA:38,0
DA:39,0
DA:42,0
DA:45,0
DA:46,0
DA:47,0
DA:51,0
DA:52,0
DA:53,0
DA:54,0
DA:55,0
DA:56,0
DA:57,0
DA:59,0
DA:67,0
DA:68,0
DA:69,0
DA:70,0
DA:74,0
DA:75,0
DA:76,0
DA:77,0
DA:78,0
DA:79,0
DA:80,0
DA:81,0
DA:82,0
DA:83,0
DA:84,0
DA:86,0
DA:91,0
DA:92,0
DA:96,0
DA:98,0
DA:107,0
DA:108,0
DA:109,0
DA:110,0
DA:111,0
DA:112,0
DA:116,0
DA:117,0
DA:119,0
DA:120,0
DA:122,0
DA:127,0
DA:128,0
DA:129,0
DA:132,0
DA:139,0
DA:140,0
DA:150,0
DA:151,0
DA:156,0
DA:157,0
DA:158,0
DA:159,0
DA:161,0
DA:162,0
DA:167,0
DA:168,0
DA:169,0
DA:170,0
DA:171,0
DA:172,0
DA:178,0
DA:179,0
DA:181,0
DA:182,0
DA:184,0
DA:189,0
DA:190,0
DA:191,0
DA:192,0
DA:193,0
DA:194,0
DA:196,0
DA:198,0
DA:203,0
DA:204,0
DA:205,0
DA:206,0
DA:207,0
DA:208,0
DA:212,0
DA:213,0
DA:215,0
DA:216,0
DA:218,0
DA:223,0
DA:224,0
DA:225,0
DA:226,0
DA:227,0
DA:229,0
DA:233,0
DA:234,0
DA:236,0
DA:237,0
DA:238,0
DA:239,0
DA:240,0
DA:241,0
DA:242,0
DA:244,0
DA:250,0
DA:255,0
DA:256,0
DA:257,0
DA:258,0
DA:260,0
DA:261,0
DA:262,0
DA:264,0
DA:269,0
DA:270,0
DA:271,0
DA:272,0
DA:273,0
DA:274,0
DA:278,0
DA:279,0
DA:280,0
DA:282,0
DA:283,0
DA:284,0
DA:286,0
DA:291,0
DA:292,0
DA:293,0
DA:294,0
DA:295,0
DA:296,0
DA:297,0
DA:299,0
LF:143
LH:0
BRDA:76,0,0,0
BRDA:76,0,1,0
BRDA:81,1,0,0
BRDA:81,1,1,0
BRDA:119,2,0,0
BRDA:119,2,1,0
BRDA:122,3,0,0
BRDA:122,3,1,0
BRDA:127,4,0,0
BRDA:127,4,1,0
BRDA:129,5,0,0
BRDA:129,5,1,0
BRDA:129,6,0,0
BRDA:129,6,1,0
BRDA:139,7,0,0
BRDA:139,7,1,0
BRDA:157,8,0,0
BRDA:157,8,1,0
BRDA:181,9,0,0
BRDA:181,9,1,0
BRDA:184,10,0,0
BRDA:184,10,1,0
BRDA:191,11,0,0
BRDA:191,11,1,0
BRDA:192,12,0,0
BRDA:192,12,1,0
BRDA:193,13,0,0
BRDA:193,13,1,0
BRDA:202,14,0,0
BRDA:202,15,0,0
BRDA:215,16,0,0
BRDA:215,16,1,0
BRDA:218,17,0,0
BRDA:218,17,1,0
BRDA:222,18,0,0
BRDA:233,19,0,0
BRDA:233,19,1,0
BRDA:236,20,0,0
BRDA:236,20,1,0
BRDA:238,21,0,0
BRDA:238,21,1,0
BRDA:260,22,0,0
BRDA:260,22,1,0
BRDA:264,23,0,0
BRDA:264,23,1,0
BRDA:268,24,0,0
BRDA:282,25,0,0
BRDA:282,25,1,0
BRDA:286,26,0,0
BRDA:286,26,1,0
BRDA:290,27,0,0
BRDA:295,28,0,0
BRDA:295,28,1,0
BRF:53
BRH:0
end_of_record
TN:
SF:src\modules\veille\veille.module.ts
FNF:0
FNH:0
DA:1,0
DA:2,0
DA:3,0
DA:4,0
DA:5,0
DA:13,0
LF:6
LH:0
BRF:0
BRH:0
end_of_record
TN:
SF:src\observability\observability.controller.ts
FN:9,(anonymous_2)
FN:14,(anonymous_3)
FN:22,(anonymous_4)
FN:28,(anonymous_5)
FNF:4
FNH:0
FNDA:0,(anonymous_2)
FNDA:0,(anonymous_3)
FNDA:0,(anonymous_4)
FNDA:0,(anonymous_5)
DA:1,0
DA:2,0
DA:3,0
DA:4,0
DA:8,0
DA:9,0
DA:14,0
DA:15,0
DA:22,0
DA:23,0
DA:28,0
DA:29,0
LF:12
LH:0
BRF:0
BRH:0
end_of_record
TN:
SF:src\observability\observability.module.ts
FNF:0
FNH:0
DA:1,0
DA:2,0
DA:3,0
DA:11,0
LF:4
LH:0
BRF:0
BRH:0
end_of_record
TN:
SF:src\observability\telemetry.service.ts
FN:9,(anonymous_1)
FN:14,(anonymous_2)
FN:23,(anonymous_3)
FN:29,(anonymous_4)
FN:33,(anonymous_5)
FN:37,(anonymous_6)
FN:41,(anonymous_7)
FN:45,(anonymous_8)
FN:49,(anonymous_9)
FN:53,(anonymous_10)
FN:60,(anonymous_11)
FN:67,(anonymous_12)
FN:69,(anonymous_13)
FN:74,(anonymous_14)
FN:100,(anonymous_15)
FNF:15
FNH:0
FNDA:0,(anonymous_1)
FNDA:0,(anonymous_2)
FNDA:0,(anonymous_3)
FNDA:0,(anonymous_4)
FNDA:0,(anonymous_5)
FNDA:0,(anonymous_6)
FNDA:0,(anonymous_7)
FNDA:0,(anonymous_8)
FNDA:0,(anonymous_9)
FNDA:0,(anonymous_10)
FNDA:0,(anonymous_11)
FNDA:0,(anonymous_12)
FNDA:0,(anonymous_13)
FNDA:0,(anonymous_14)
FNDA:0,(anonymous_15)
DA:6,0
DA:9,0
DA:10,0
DA:11,0
DA:12,0
DA:15,0
DA:23,0
DA:24,0
DA:25,0
DA:26,0
DA:30,0
DA:34,0
DA:38,0
DA:42,0
DA:46,0
DA:50,0
DA:54,0
DA:55,0
DA:56,0
DA:57,0
DA:61,0
DA:62,0
DA:63,0
DA:64,0
DA:68,0
DA:69,0
DA:70,0
DA:71,0
DA:75,0
DA:76,0
DA:77,0
DA:101,0
DA:106,0
DA:107,0
DA:108,0
DA:109,0
DA:111,0
DA:112,0
DA:113,0
DA:114,0
DA:115,0
DA:116,0
DA:117,0
DA:118,0
DA:120,0
LF:45
LH:0
BRDA:29,0,0,0
BRDA:29,1,0,0
BRDA:30,2,0,0
BRDA:30,2,1,0
BRDA:33,3,0,0
BRDA:33,4,0,0
BRDA:34,5,0,0
BRDA:34,5,1,0
BRDA:37,6,0,0
BRDA:37,7,0,0
BRDA:38,8,0,0
BRDA:38,8,1,0
BRDA:41,9,0,0
BRDA:42,10,0,0
BRDA:42,10,1,0
BRDA:45,11,0,0
BRDA:45,12,0,0
BRDA:46,13,0,0
BRDA:46,13,1,0
BRDA:49,14,0,0
BRDA:50,15,0,0
BRDA:50,15,1,0
BRDA:53,16,0,0
BRDA:54,17,0,0
BRDA:54,17,1,0
BRDA:56,18,0,0
BRDA:56,18,1,0
BRDA:60,19,0,0
BRDA:61,20,0,0
BRDA:61,20,1,0
BRDA:63,21,0,0
BRDA:63,21,1,0
BRDA:68,22,0,0
BRDA:68,22,1,0
BRDA:75,23,0,0
BRDA:75,23,1,0
BRDA:76,24,0,0
BRDA:76,24,1,0
BRDA:114,25,0,0
BRDA:114,25,1,0
BRDA:115,26,0,0
BRDA:115,26,1,0
BRF:42
BRH:0
end_of_record
TN:
SF:src\seeds\seed.orientation.ci.ts
FN:107,main
FNF:1
FNH:0
FNDA:0,main
DA:26,0
DA:48,0
DA:63,0
DA:79,0
DA:97,0
DA:108,0
DA:109,0
DA:110,0
DA:113,0
LF:9
LH:0
BRF:0
BRH:0
end_of_record
TN:
SF:src\utils\ia-text.helper.ts
FN:10,extraireTexteIA
FNF:1
FNH:0
FNDA:0,extraireTexteIA
DA:10,0
DA:11,0
DA:14,0
DA:17,0
DA:18,0
DA:19,0
DA:20,0
DA:21,0
DA:31,0
DA:40,0
LF:10
LH:0
BRDA:10,0,0,0
BRDA:11,1,0,0
BRDA:11,1,1,0
BRDA:20,2,0,0
BRDA:20,2,1,0
BRDA:22,3,0,0
BRDA:22,3,1,0
BRDA:22,3,2,0
BRDA:22,3,3,0
BRDA:22,3,4,0
BRDA:22,3,5,0
BRDA:32,4,0,0
BRDA:32,4,1,0
BRDA:32,4,2,0
BRDA:32,4,3,0
BRDA:32,4,4,0
BRF:16
BRH:0
end_of_record
